[2025-09-20T12:06:50.567+0200] {taskinstance.py:1103} INFO - Dependencies all met for dep_context=non-requeueable deps ti=<TaskInstance: manual_full_load.truncate_staging manual__2025-09-20T10:06:48.685593+00:00 [queued]>
[2025-09-20T12:06:50.574+0200] {taskinstance.py:1103} INFO - Dependencies all met for dep_context=requeueable deps ti=<TaskInstance: manual_full_load.truncate_staging manual__2025-09-20T10:06:48.685593+00:00 [queued]>
[2025-09-20T12:06:50.574+0200] {taskinstance.py:1308} INFO - Starting attempt 1 of 2
[2025-09-20T12:06:50.586+0200] {taskinstance.py:1327} INFO - Executing <Task(PostgresOperator): truncate_staging> on 2025-09-20 10:06:48.685593+00:00
[2025-09-20T12:06:50.590+0200] {standard_task_runner.py:57} INFO - Started process 7593 to run task
[2025-09-20T12:06:50.593+0200] {standard_task_runner.py:84} INFO - Running: ['airflow', 'tasks', 'run', 'manual_full_load', 'truncate_staging', 'manual__2025-09-20T10:06:48.685593+00:00', '--job-id', '112', '--raw', '--subdir', 'DAGS_FOLDER/manual_full_load.py', '--cfg-path', '/tmp/tmp2ppmnrlu']
[2025-09-20T12:06:50.595+0200] {standard_task_runner.py:85} INFO - Job 112: Subtask truncate_staging
[2025-09-20T12:06:50.643+0200] {task_command.py:410} INFO - Running <TaskInstance: manual_full_load.truncate_staging manual__2025-09-20T10:06:48.685593+00:00 [running]> on host 1102361e702e
[2025-09-20T12:06:50.730+0200] {taskinstance.py:1547} INFO - Exporting env vars: AIRFLOW_CTX_DAG_OWNER='airflow' AIRFLOW_CTX_DAG_ID='manual_full_load' AIRFLOW_CTX_TASK_ID='truncate_staging' AIRFLOW_CTX_EXECUTION_DATE='2025-09-20T10:06:48.685593+00:00' AIRFLOW_CTX_TRY_NUMBER='1' AIRFLOW_CTX_DAG_RUN_ID='manual__2025-09-20T10:06:48.685593+00:00'
[2025-09-20T12:06:50.731+0200] {sql.py:265} INFO - Executing: 
        TRUNCATE TABLE staging.sales_stg;
        TRUNCATE TABLE staging.competitors_stg;
        TRUNCATE TABLE staging.currency_stg;
        TRUNCATE TABLE staging.products_stg;
        TRUNCATE TABLE staging.promotions_stg;
        
[2025-09-20T12:06:50.745+0200] {base.py:73} INFO - Using connection ID 'postgres_retail' for task execution.
[2025-09-20T12:06:50.798+0200] {base.py:73} INFO - Using connection ID 'postgres_retail' for task execution.
[2025-09-20T12:06:50.802+0200] {sql.py:375} INFO - Running statement: 
        TRUNCATE TABLE staging.sales_stg;
        TRUNCATE TABLE staging.competitors_stg;
        TRUNCATE TABLE staging.currency_stg;
        TRUNCATE TABLE staging.products_stg;
        TRUNCATE TABLE staging.promotions_stg;
        , parameters: None
[2025-09-20T12:06:50.823+0200] {taskinstance.py:1350} INFO - Marking task as SUCCESS. dag_id=manual_full_load, task_id=truncate_staging, execution_date=20250920T100648, start_date=20250920T100650, end_date=20250920T100650
[2025-09-20T12:06:50.857+0200] {local_task_job_runner.py:225} INFO - Task exited with return code 0
[2025-09-20T12:06:50.896+0200] {taskinstance.py:2653} INFO - 5 downstream tasks scheduled from follow-on schedule check
