[2025-09-20T12:02:36.782+0200] {taskinstance.py:1103} INFO - Dependencies all met for dep_context=non-requeueable deps ti=<TaskInstance: manual_full_load.load_dim_date manual__2025-09-20T10:02:30.721682+00:00 [queued]>
[2025-09-20T12:02:36.790+0200] {taskinstance.py:1103} INFO - Dependencies all met for dep_context=requeueable deps ti=<TaskInstance: manual_full_load.load_dim_date manual__2025-09-20T10:02:30.721682+00:00 [queued]>
[2025-09-20T12:02:36.793+0200] {taskinstance.py:1308} INFO - Starting attempt 1 of 2
[2025-09-20T12:02:36.804+0200] {taskinstance.py:1327} INFO - Executing <Task(PostgresOperator): load_dim_date> on 2025-09-20 10:02:30.721682+00:00
[2025-09-20T12:02:36.808+0200] {standard_task_runner.py:57} INFO - Started process 7190 to run task
[2025-09-20T12:02:36.812+0200] {standard_task_runner.py:84} INFO - Running: ['airflow', 'tasks', 'run', 'manual_full_load', 'load_dim_date', 'manual__2025-09-20T10:02:30.721682+00:00', '--job-id', '91', '--raw', '--subdir', 'DAGS_FOLDER/manual_full_load.py', '--cfg-path', '/tmp/tmpxah2oskp']
[2025-09-20T12:02:36.817+0200] {standard_task_runner.py:85} INFO - Job 91: Subtask load_dim_date
[2025-09-20T12:02:36.887+0200] {task_command.py:410} INFO - Running <TaskInstance: manual_full_load.load_dim_date manual__2025-09-20T10:02:30.721682+00:00 [running]> on host 1102361e702e
[2025-09-20T12:02:36.978+0200] {taskinstance.py:1547} INFO - Exporting env vars: AIRFLOW_CTX_DAG_OWNER='airflow' AIRFLOW_CTX_DAG_ID='manual_full_load' AIRFLOW_CTX_TASK_ID='load_dim_date' AIRFLOW_CTX_EXECUTION_DATE='2025-09-20T10:02:30.721682+00:00' AIRFLOW_CTX_TRY_NUMBER='1' AIRFLOW_CTX_DAG_RUN_ID='manual__2025-09-20T10:02:30.721682+00:00'
[2025-09-20T12:02:36.979+0200] {sql.py:265} INFO - Executing: 
        INSERT INTO dwh.dim_date (date_id, year, month, week, day, is_holiday)
        SELECT DISTINCT d::date,
               EXTRACT(YEAR FROM d),
               EXTRACT(MONTH FROM d),
               EXTRACT(WEEK FROM d),
               EXTRACT(DAY FROM d),
               FALSE
        FROM (
            SELECT sale_date AS d FROM staging.sales_stg
            UNION
            SELECT check_date FROM staging.competitors_stg
            UNION
            SELECT rate_date FROM staging.currency_stg
            UNION
            SELECT start_date FROM staging.promotions_stg
            UNION
            SELECT end_date FROM staging.promotions_stg
        ) t
        ON CONFLICT (date_id) DO NOTHING;
        
[2025-09-20T12:02:37.003+0200] {base.py:73} INFO - Using connection ID 'postgres_retail' for task execution.
[2025-09-20T12:02:37.079+0200] {base.py:73} INFO - Using connection ID 'postgres_retail' for task execution.
[2025-09-20T12:02:37.086+0200] {sql.py:375} INFO - Running statement: 
        INSERT INTO dwh.dim_date (date_id, year, month, week, day, is_holiday)
        SELECT DISTINCT d::date,
               EXTRACT(YEAR FROM d),
               EXTRACT(MONTH FROM d),
               EXTRACT(WEEK FROM d),
               EXTRACT(DAY FROM d),
               FALSE
        FROM (
            SELECT sale_date AS d FROM staging.sales_stg
            UNION
            SELECT check_date FROM staging.competitors_stg
            UNION
            SELECT rate_date FROM staging.currency_stg
            UNION
            SELECT start_date FROM staging.promotions_stg
            UNION
            SELECT end_date FROM staging.promotions_stg
        ) t
        ON CONFLICT (date_id) DO NOTHING;
        , parameters: None
[2025-09-20T12:02:37.090+0200] {sql.py:384} INFO - Rows affected: 0
[2025-09-20T12:02:37.115+0200] {taskinstance.py:1350} INFO - Marking task as SUCCESS. dag_id=manual_full_load, task_id=load_dim_date, execution_date=20250920T100230, start_date=20250920T100236, end_date=20250920T100237
[2025-09-20T12:02:37.156+0200] {local_task_job_runner.py:225} INFO - Task exited with return code 0
[2025-09-20T12:02:37.228+0200] {taskinstance.py:2653} INFO - 1 downstream tasks scheduled from follow-on schedule check
