[2025-09-20T11:58:31.009+0200] {taskinstance.py:1103} INFO - Dependencies all met for dep_context=non-requeueable deps ti=<TaskInstance: manual_full_load.load_dim_date manual__2025-09-20T09:48:23.778100+00:00 [queued]>
[2025-09-20T11:58:31.018+0200] {taskinstance.py:1103} INFO - Dependencies all met for dep_context=requeueable deps ti=<TaskInstance: manual_full_load.load_dim_date manual__2025-09-20T09:48:23.778100+00:00 [queued]>
[2025-09-20T11:58:31.018+0200] {taskinstance.py:1308} INFO - Starting attempt 1 of 2
[2025-09-20T11:58:31.030+0200] {taskinstance.py:1327} INFO - Executing <Task(PostgresOperator): load_dim_date> on 2025-09-20 09:48:23.778100+00:00
[2025-09-20T11:58:31.034+0200] {standard_task_runner.py:57} INFO - Started process 6773 to run task
[2025-09-20T11:58:31.037+0200] {standard_task_runner.py:84} INFO - Running: ['airflow', 'tasks', 'run', 'manual_full_load', 'load_dim_date', 'manual__2025-09-20T09:48:23.778100+00:00', '--job-id', '64', '--raw', '--subdir', 'DAGS_FOLDER/manual_full_load.py', '--cfg-path', '/tmp/tmpveava09t']
[2025-09-20T11:58:31.040+0200] {standard_task_runner.py:85} INFO - Job 64: Subtask load_dim_date
[2025-09-20T11:58:31.087+0200] {task_command.py:410} INFO - Running <TaskInstance: manual_full_load.load_dim_date manual__2025-09-20T09:48:23.778100+00:00 [running]> on host 1102361e702e
[2025-09-20T11:58:31.165+0200] {taskinstance.py:1547} INFO - Exporting env vars: AIRFLOW_CTX_DAG_OWNER='airflow' AIRFLOW_CTX_DAG_ID='manual_full_load' AIRFLOW_CTX_TASK_ID='load_dim_date' AIRFLOW_CTX_EXECUTION_DATE='2025-09-20T09:48:23.778100+00:00' AIRFLOW_CTX_TRY_NUMBER='1' AIRFLOW_CTX_DAG_RUN_ID='manual__2025-09-20T09:48:23.778100+00:00'
[2025-09-20T11:58:31.166+0200] {sql.py:265} INFO - Executing: 
        INSERT INTO dwh.dim_date (date_id, year, month, week, day, is_holiday)
        SELECT DISTINCT d::date,
               EXTRACT(YEAR FROM d),
               EXTRACT(MONTH FROM d),
               EXTRACT(WEEK FROM d),
               EXTRACT(DAY FROM d),
               FALSE
        FROM (
            SELECT sale_date AS d FROM staging.sales_stg
            UNION
            SELECT check_date FROM staging.competitors_stg
            UNION
            SELECT rate_date FROM staging.currency_stg
            UNION
            SELECT start_date FROM staging.promotions_stg
            UNION
            SELECT end_date FROM staging.promotions_stg
        ) t
        ON CONFLICT (date_id) DO NOTHING;
        
[2025-09-20T11:58:31.180+0200] {base.py:73} INFO - Using connection ID 'postgres_retail' for task execution.
[2025-09-20T11:58:31.228+0200] {base.py:73} INFO - Using connection ID 'postgres_retail' for task execution.
[2025-09-20T11:58:31.233+0200] {sql.py:375} INFO - Running statement: 
        INSERT INTO dwh.dim_date (date_id, year, month, week, day, is_holiday)
        SELECT DISTINCT d::date,
               EXTRACT(YEAR FROM d),
               EXTRACT(MONTH FROM d),
               EXTRACT(WEEK FROM d),
               EXTRACT(DAY FROM d),
               FALSE
        FROM (
            SELECT sale_date AS d FROM staging.sales_stg
            UNION
            SELECT check_date FROM staging.competitors_stg
            UNION
            SELECT rate_date FROM staging.currency_stg
            UNION
            SELECT start_date FROM staging.promotions_stg
            UNION
            SELECT end_date FROM staging.promotions_stg
        ) t
        ON CONFLICT (date_id) DO NOTHING;
        , parameters: None
[2025-09-20T11:58:31.236+0200] {sql.py:384} INFO - Rows affected: 11
[2025-09-20T11:58:31.246+0200] {taskinstance.py:1350} INFO - Marking task as SUCCESS. dag_id=manual_full_load, task_id=load_dim_date, execution_date=20250920T094823, start_date=20250920T095831, end_date=20250920T095831
[2025-09-20T11:58:31.258+0200] {local_task_job_runner.py:225} INFO - Task exited with return code 0
[2025-09-20T11:58:31.288+0200] {taskinstance.py:2653} INFO - 5 downstream tasks scheduled from follow-on schedule check
