[2025-09-20T12:02:37.905+0200] {taskinstance.py:1103} INFO - Dependencies all met for dep_context=non-requeueable deps ti=<TaskInstance: manual_full_load.load_fct_sales manual__2025-09-20T10:02:30.721682+00:00 [queued]>
[2025-09-20T12:02:37.922+0200] {taskinstance.py:1103} INFO - Dependencies all met for dep_context=requeueable deps ti=<TaskInstance: manual_full_load.load_fct_sales manual__2025-09-20T10:02:30.721682+00:00 [queued]>
[2025-09-20T12:02:37.924+0200] {taskinstance.py:1308} INFO - Starting attempt 1 of 2
[2025-09-20T12:02:37.942+0200] {taskinstance.py:1327} INFO - Executing <Task(PostgresOperator): load_fct_sales> on 2025-09-20 10:02:30.721682+00:00
[2025-09-20T12:02:37.946+0200] {standard_task_runner.py:57} INFO - Started process 7196 to run task
[2025-09-20T12:02:37.950+0200] {standard_task_runner.py:84} INFO - Running: ['airflow', 'tasks', 'run', 'manual_full_load', 'load_fct_sales', 'manual__2025-09-20T10:02:30.721682+00:00', '--job-id', '94', '--raw', '--subdir', 'DAGS_FOLDER/manual_full_load.py', '--cfg-path', '/tmp/tmpitw_5l_m']
[2025-09-20T12:02:37.952+0200] {standard_task_runner.py:85} INFO - Job 94: Subtask load_fct_sales
[2025-09-20T12:02:38.043+0200] {task_command.py:410} INFO - Running <TaskInstance: manual_full_load.load_fct_sales manual__2025-09-20T10:02:30.721682+00:00 [running]> on host 1102361e702e
[2025-09-20T12:02:38.181+0200] {taskinstance.py:1547} INFO - Exporting env vars: AIRFLOW_CTX_DAG_OWNER='airflow' AIRFLOW_CTX_DAG_ID='manual_full_load' AIRFLOW_CTX_TASK_ID='load_fct_sales' AIRFLOW_CTX_EXECUTION_DATE='2025-09-20T10:02:30.721682+00:00' AIRFLOW_CTX_TRY_NUMBER='1' AIRFLOW_CTX_DAG_RUN_ID='manual__2025-09-20T10:02:30.721682+00:00'
[2025-09-20T12:02:38.182+0200] {sql.py:265} INFO - Executing: 
        INSERT INTO dwh.fct_sales (date_id, store_id, product_id, qty, revenue)
        SELECT sale_date, store_id, product_id, qty, revenue
        FROM staging.sales_stg;
        
[2025-09-20T12:02:38.207+0200] {base.py:73} INFO - Using connection ID 'postgres_retail' for task execution.
[2025-09-20T12:02:38.283+0200] {base.py:73} INFO - Using connection ID 'postgres_retail' for task execution.
[2025-09-20T12:02:38.290+0200] {sql.py:375} INFO - Running statement: 
        INSERT INTO dwh.fct_sales (date_id, store_id, product_id, qty, revenue)
        SELECT sale_date, store_id, product_id, qty, revenue
        FROM staging.sales_stg;
        , parameters: None
[2025-09-20T12:02:38.304+0200] {sql.py:384} INFO - Rows affected: 200
[2025-09-20T12:02:38.320+0200] {taskinstance.py:1350} INFO - Marking task as SUCCESS. dag_id=manual_full_load, task_id=load_fct_sales, execution_date=20250920T100230, start_date=20250920T100237, end_date=20250920T100238
[2025-09-20T12:02:38.377+0200] {local_task_job_runner.py:225} INFO - Task exited with return code 0
[2025-09-20T12:02:38.424+0200] {taskinstance.py:2653} INFO - 0 downstream tasks scheduled from follow-on schedule check
