[2025-09-20T11:57:46.046+0200] {taskinstance.py:1103} INFO - Dependencies all met for dep_context=non-requeueable deps ti=<TaskInstance: manual_full_load.load_promotions_staging manual__2025-09-20T09:52:40.324658+00:00 [queued]>
[2025-09-20T11:57:46.058+0200] {taskinstance.py:1103} INFO - Dependencies all met for dep_context=requeueable deps ti=<TaskInstance: manual_full_load.load_promotions_staging manual__2025-09-20T09:52:40.324658+00:00 [queued]>
[2025-09-20T11:57:46.059+0200] {taskinstance.py:1308} INFO - Starting attempt 2 of 2
[2025-09-20T11:57:46.074+0200] {taskinstance.py:1327} INFO - Executing <Task(PostgresOperator): load_promotions_staging> on 2025-09-20 09:52:40.324658+00:00
[2025-09-20T11:57:46.082+0200] {standard_task_runner.py:57} INFO - Started process 6701 to run task
[2025-09-20T11:57:46.088+0200] {standard_task_runner.py:84} INFO - Running: ['airflow', 'tasks', 'run', 'manual_full_load', 'load_promotions_staging', 'manual__2025-09-20T09:52:40.324658+00:00', '--job-id', '54', '--raw', '--subdir', 'DAGS_FOLDER/manual_full_load.py', '--cfg-path', '/tmp/tmp58ejeqa_']
[2025-09-20T11:57:46.092+0200] {standard_task_runner.py:85} INFO - Job 54: Subtask load_promotions_staging
[2025-09-20T11:57:46.176+0200] {task_command.py:410} INFO - Running <TaskInstance: manual_full_load.load_promotions_staging manual__2025-09-20T09:52:40.324658+00:00 [running]> on host 1102361e702e
[2025-09-20T11:57:46.287+0200] {taskinstance.py:1547} INFO - Exporting env vars: AIRFLOW_CTX_DAG_OWNER='airflow' AIRFLOW_CTX_DAG_ID='manual_full_load' AIRFLOW_CTX_TASK_ID='load_promotions_staging' AIRFLOW_CTX_EXECUTION_DATE='2025-09-20T09:52:40.324658+00:00' AIRFLOW_CTX_TRY_NUMBER='2' AIRFLOW_CTX_DAG_RUN_ID='manual__2025-09-20T09:52:40.324658+00:00'
[2025-09-20T11:57:46.288+0200] {sql.py:265} INFO - Executing: 
        INSERT INTO staging.promotions_stg (promo_id, product_id, discount, start_date, end_date)
        SELECT promo_id, product_id, discount, start_date, end_date
        FROM raw.promotions;
        
[2025-09-20T11:57:46.318+0200] {base.py:73} INFO - Using connection ID 'postgres_retail' for task execution.
[2025-09-20T11:57:46.388+0200] {base.py:73} INFO - Using connection ID 'postgres_retail' for task execution.
[2025-09-20T11:57:46.395+0200] {sql.py:375} INFO - Running statement: 
        INSERT INTO staging.promotions_stg (promo_id, product_id, discount, start_date, end_date)
        SELECT promo_id, product_id, discount, start_date, end_date
        FROM raw.promotions;
        , parameters: None
[2025-09-20T11:57:46.396+0200] {taskinstance.py:1824} ERROR - Task failed with exception
Traceback (most recent call last):
  File "/home/airflow/.local/lib/python3.7/site-packages/airflow/providers/common/sql/operators/sql.py", line 277, in execute
    **extra_kwargs,
  File "/home/airflow/.local/lib/python3.7/site-packages/airflow/providers/common/sql/hooks/sql.py", line 349, in run
    self._run_command(cur, sql_statement, parameters)
  File "/home/airflow/.local/lib/python3.7/site-packages/airflow/providers/common/sql/hooks/sql.py", line 380, in _run_command
    cur.execute(sql_statement)
psycopg2.errors.UndefinedTable: relation "raw.promotions" does not exist
LINE 4:         FROM raw.promotions;
                     ^

[2025-09-20T11:57:46.410+0200] {taskinstance.py:1350} INFO - Marking task as FAILED. dag_id=manual_full_load, task_id=load_promotions_staging, execution_date=20250920T095240, start_date=20250920T095746, end_date=20250920T095746
[2025-09-20T11:57:46.434+0200] {standard_task_runner.py:109} ERROR - Failed to execute job 54 for task load_promotions_staging (relation "raw.promotions" does not exist
LINE 4:         FROM raw.promotions;
                     ^
; 6701)
[2025-09-20T11:57:46.473+0200] {local_task_job_runner.py:225} INFO - Task exited with return code 1
[2025-09-20T11:57:46.565+0200] {taskinstance.py:2653} INFO - 0 downstream tasks scheduled from follow-on schedule check
