[2025-09-20T11:52:42.644+0200] {taskinstance.py:1103} INFO - Dependencies all met for dep_context=non-requeueable deps ti=<TaskInstance: manual_full_load.truncate_staging manual__2025-09-20T09:52:40.324658+00:00 [queued]>
[2025-09-20T11:52:42.652+0200] {taskinstance.py:1103} INFO - Dependencies all met for dep_context=requeueable deps ti=<TaskInstance: manual_full_load.truncate_staging manual__2025-09-20T09:52:40.324658+00:00 [queued]>
[2025-09-20T11:52:42.652+0200] {taskinstance.py:1308} INFO - Starting attempt 1 of 2
[2025-09-20T11:52:42.663+0200] {taskinstance.py:1327} INFO - Executing <Task(PostgresOperator): truncate_staging> on 2025-09-20 09:52:40.324658+00:00
[2025-09-20T11:52:42.668+0200] {standard_task_runner.py:57} INFO - Started process 6222 to run task
[2025-09-20T11:52:42.672+0200] {standard_task_runner.py:84} INFO - Running: ['airflow', 'tasks', 'run', 'manual_full_load', 'truncate_staging', 'manual__2025-09-20T09:52:40.324658+00:00', '--job-id', '44', '--raw', '--subdir', 'DAGS_FOLDER/manual_full_load.py', '--cfg-path', '/tmp/tmp7nnj3tv3']
[2025-09-20T11:52:42.674+0200] {standard_task_runner.py:85} INFO - Job 44: Subtask truncate_staging
[2025-09-20T11:52:42.735+0200] {task_command.py:410} INFO - Running <TaskInstance: manual_full_load.truncate_staging manual__2025-09-20T09:52:40.324658+00:00 [running]> on host 1102361e702e
[2025-09-20T11:52:42.823+0200] {taskinstance.py:1547} INFO - Exporting env vars: AIRFLOW_CTX_DAG_OWNER='airflow' AIRFLOW_CTX_DAG_ID='manual_full_load' AIRFLOW_CTX_TASK_ID='truncate_staging' AIRFLOW_CTX_EXECUTION_DATE='2025-09-20T09:52:40.324658+00:00' AIRFLOW_CTX_TRY_NUMBER='1' AIRFLOW_CTX_DAG_RUN_ID='manual__2025-09-20T09:52:40.324658+00:00'
[2025-09-20T11:52:42.824+0200] {sql.py:265} INFO - Executing: 
        TRUNCATE TABLE staging.sales_stg;
        TRUNCATE TABLE staging.competitors_stg;
        TRUNCATE TABLE staging.currency_stg;
        TRUNCATE TABLE staging.promotions_stg;
        
[2025-09-20T11:52:42.838+0200] {base.py:73} INFO - Using connection ID 'postgres_retail' for task execution.
[2025-09-20T11:52:42.889+0200] {base.py:73} INFO - Using connection ID 'postgres_retail' for task execution.
[2025-09-20T11:52:42.894+0200] {sql.py:375} INFO - Running statement: 
        TRUNCATE TABLE staging.sales_stg;
        TRUNCATE TABLE staging.competitors_stg;
        TRUNCATE TABLE staging.currency_stg;
        TRUNCATE TABLE staging.promotions_stg;
        , parameters: None
[2025-09-20T11:52:42.921+0200] {taskinstance.py:1350} INFO - Marking task as SUCCESS. dag_id=manual_full_load, task_id=truncate_staging, execution_date=20250920T095240, start_date=20250920T095242, end_date=20250920T095242
[2025-09-20T11:52:42.933+0200] {local_task_job_runner.py:225} INFO - Task exited with return code 0
[2025-09-20T11:52:42.963+0200] {taskinstance.py:2653} INFO - 4 downstream tasks scheduled from follow-on schedule check
