[2025-09-20T11:59:04.115+0200] {taskinstance.py:1103} INFO - Dependencies all met for dep_context=non-requeueable deps ti=<TaskInstance: manual_full_load.load_fct_currency manual__2025-09-20T09:58:58.018672+00:00 [queued]>
[2025-09-20T11:59:04.124+0200] {taskinstance.py:1103} INFO - Dependencies all met for dep_context=requeueable deps ti=<TaskInstance: manual_full_load.load_fct_currency manual__2025-09-20T09:58:58.018672+00:00 [queued]>
[2025-09-20T11:59:04.125+0200] {taskinstance.py:1308} INFO - Starting attempt 1 of 2
[2025-09-20T11:59:04.136+0200] {taskinstance.py:1327} INFO - Executing <Task(PostgresOperator): load_fct_currency> on 2025-09-20 09:58:58.018672+00:00
[2025-09-20T11:59:04.139+0200] {standard_task_runner.py:57} INFO - Started process 6855 to run task
[2025-09-20T11:59:04.142+0200] {standard_task_runner.py:84} INFO - Running: ['airflow', 'tasks', 'run', 'manual_full_load', 'load_fct_currency', 'manual__2025-09-20T09:58:58.018672+00:00', '--job-id', '81', '--raw', '--subdir', 'DAGS_FOLDER/manual_full_load.py', '--cfg-path', '/tmp/tmpxkew1r1v']
[2025-09-20T11:59:04.144+0200] {standard_task_runner.py:85} INFO - Job 81: Subtask load_fct_currency
[2025-09-20T11:59:04.191+0200] {task_command.py:410} INFO - Running <TaskInstance: manual_full_load.load_fct_currency manual__2025-09-20T09:58:58.018672+00:00 [running]> on host 1102361e702e
[2025-09-20T11:59:04.269+0200] {taskinstance.py:1547} INFO - Exporting env vars: AIRFLOW_CTX_DAG_OWNER='airflow' AIRFLOW_CTX_DAG_ID='manual_full_load' AIRFLOW_CTX_TASK_ID='load_fct_currency' AIRFLOW_CTX_EXECUTION_DATE='2025-09-20T09:58:58.018672+00:00' AIRFLOW_CTX_TRY_NUMBER='1' AIRFLOW_CTX_DAG_RUN_ID='manual__2025-09-20T09:58:58.018672+00:00'
[2025-09-20T11:59:04.270+0200] {sql.py:265} INFO - Executing: 
        INSERT INTO dwh.fct_currency (rate_date, currency, rate)
        SELECT rate_date, currency, rate
        FROM staging.currency_stg;
        
[2025-09-20T11:59:04.283+0200] {base.py:73} INFO - Using connection ID 'postgres_retail' for task execution.
[2025-09-20T11:59:04.331+0200] {base.py:73} INFO - Using connection ID 'postgres_retail' for task execution.
[2025-09-20T11:59:04.337+0200] {sql.py:375} INFO - Running statement: 
        INSERT INTO dwh.fct_currency (rate_date, currency, rate)
        SELECT rate_date, currency, rate
        FROM staging.currency_stg;
        , parameters: None
[2025-09-20T11:59:04.339+0200] {sql.py:384} INFO - Rows affected: 6
[2025-09-20T11:59:04.352+0200] {taskinstance.py:1350} INFO - Marking task as SUCCESS. dag_id=manual_full_load, task_id=load_fct_currency, execution_date=20250920T095858, start_date=20250920T095904, end_date=20250920T095904
[2025-09-20T11:59:04.403+0200] {local_task_job_runner.py:225} INFO - Task exited with return code 0
[2025-09-20T11:59:04.441+0200] {taskinstance.py:2653} INFO - 0 downstream tasks scheduled from follow-on schedule check
