[2025-09-20T12:02:34.442+0200] {taskinstance.py:1103} INFO - Dependencies all met for dep_context=non-requeueable deps ti=<TaskInstance: manual_full_load.load_products_staging manual__2025-09-20T10:02:30.721682+00:00 [queued]>
[2025-09-20T12:02:34.460+0200] {taskinstance.py:1103} INFO - Dependencies all met for dep_context=requeueable deps ti=<TaskInstance: manual_full_load.load_products_staging manual__2025-09-20T10:02:30.721682+00:00 [queued]>
[2025-09-20T12:02:34.461+0200] {taskinstance.py:1308} INFO - Starting attempt 1 of 2
[2025-09-20T12:02:34.490+0200] {taskinstance.py:1327} INFO - Executing <Task(PostgresOperator): load_products_staging> on 2025-09-20 10:02:30.721682+00:00
[2025-09-20T12:02:34.505+0200] {standard_task_runner.py:57} INFO - Started process 7181 to run task
[2025-09-20T12:02:34.524+0200] {standard_task_runner.py:84} INFO - Running: ['airflow', 'tasks', 'run', 'manual_full_load', 'load_products_staging', 'manual__2025-09-20T10:02:30.721682+00:00', '--job-id', '88', '--raw', '--subdir', 'DAGS_FOLDER/manual_full_load.py', '--cfg-path', '/tmp/tmp1nsj453i']
[2025-09-20T12:02:34.531+0200] {standard_task_runner.py:85} INFO - Job 88: Subtask load_products_staging
[2025-09-20T12:02:34.711+0200] {task_command.py:410} INFO - Running <TaskInstance: manual_full_load.load_products_staging manual__2025-09-20T10:02:30.721682+00:00 [running]> on host 1102361e702e
[2025-09-20T12:02:34.896+0200] {taskinstance.py:1547} INFO - Exporting env vars: AIRFLOW_CTX_DAG_OWNER='airflow' AIRFLOW_CTX_DAG_ID='manual_full_load' AIRFLOW_CTX_TASK_ID='load_products_staging' AIRFLOW_CTX_EXECUTION_DATE='2025-09-20T10:02:30.721682+00:00' AIRFLOW_CTX_TRY_NUMBER='1' AIRFLOW_CTX_DAG_RUN_ID='manual__2025-09-20T10:02:30.721682+00:00'
[2025-09-20T12:02:34.897+0200] {sql.py:265} INFO - Executing: 
        INSERT INTO staging.products_stg (product_id, product_name, category, brand)
        SELECT product_id, product_name, category, brand
        FROM raw.products_catalog;
        
[2025-09-20T12:02:34.935+0200] {base.py:73} INFO - Using connection ID 'postgres_retail' for task execution.
[2025-09-20T12:02:35.217+0200] {base.py:73} INFO - Using connection ID 'postgres_retail' for task execution.
[2025-09-20T12:02:35.253+0200] {sql.py:375} INFO - Running statement: 
        INSERT INTO staging.products_stg (product_id, product_name, category, brand)
        SELECT product_id, product_name, category, brand
        FROM raw.products_catalog;
        , parameters: None
[2025-09-20T12:02:35.259+0200] {sql.py:384} INFO - Rows affected: 5
[2025-09-20T12:02:35.305+0200] {taskinstance.py:1350} INFO - Marking task as SUCCESS. dag_id=manual_full_load, task_id=load_products_staging, execution_date=20250920T100230, start_date=20250920T100234, end_date=20250920T100235
[2025-09-20T12:02:35.349+0200] {local_task_job_runner.py:225} INFO - Task exited with return code 0
[2025-09-20T12:02:35.456+0200] {taskinstance.py:2653} INFO - 0 downstream tasks scheduled from follow-on schedule check
