[2025-09-20T12:10:11.768+0200] {taskinstance.py:1103} INFO - Dependencies all met for dep_context=non-requeueable deps ti=<TaskInstance: manual_full_load.load_dim_date manual__2025-09-20T10:10:07.142246+00:00 [queued]>
[2025-09-20T12:10:11.775+0200] {taskinstance.py:1103} INFO - Dependencies all met for dep_context=requeueable deps ti=<TaskInstance: manual_full_load.load_dim_date manual__2025-09-20T10:10:07.142246+00:00 [queued]>
[2025-09-20T12:10:11.775+0200] {taskinstance.py:1308} INFO - Starting attempt 1 of 2
[2025-09-20T12:10:11.787+0200] {taskinstance.py:1327} INFO - Executing <Task(PostgresOperator): load_dim_date> on 2025-09-20 10:10:07.142246+00:00
[2025-09-20T12:10:11.792+0200] {standard_task_runner.py:57} INFO - Started process 7956 to run task
[2025-09-20T12:10:11.795+0200] {standard_task_runner.py:84} INFO - Running: ['airflow', 'tasks', 'run', 'manual_full_load', 'load_dim_date', 'manual__2025-09-20T10:10:07.142246+00:00', '--job-id', '133', '--raw', '--subdir', 'DAGS_FOLDER/manual_full_load.py', '--cfg-path', '/tmp/tmp8mgb3pfx']
[2025-09-20T12:10:11.797+0200] {standard_task_runner.py:85} INFO - Job 133: Subtask load_dim_date
[2025-09-20T12:10:11.839+0200] {task_command.py:410} INFO - Running <TaskInstance: manual_full_load.load_dim_date manual__2025-09-20T10:10:07.142246+00:00 [running]> on host 1102361e702e
[2025-09-20T12:10:11.925+0200] {taskinstance.py:1547} INFO - Exporting env vars: AIRFLOW_CTX_DAG_OWNER='airflow' AIRFLOW_CTX_DAG_ID='manual_full_load' AIRFLOW_CTX_TASK_ID='load_dim_date' AIRFLOW_CTX_EXECUTION_DATE='2025-09-20T10:10:07.142246+00:00' AIRFLOW_CTX_TRY_NUMBER='1' AIRFLOW_CTX_DAG_RUN_ID='manual__2025-09-20T10:10:07.142246+00:00'
[2025-09-20T12:10:11.925+0200] {sql.py:265} INFO - Executing: 
        INSERT INTO dwh.dim_date (date_id, year, month, week, day, is_holiday)
        SELECT DISTINCT d::date,
               EXTRACT(YEAR FROM d),
               EXTRACT(MONTH FROM d),
               EXTRACT(WEEK FROM d),
               EXTRACT(DAY FROM d),
               FALSE
        FROM (
            SELECT sale_date AS d FROM staging.sales_stg
            UNION
            SELECT check_date FROM staging.competitors_stg
            UNION
            SELECT rate_date FROM staging.currency_stg
            UNION
            SELECT start_date FROM staging.promotions_stg
            UNION
            SELECT end_date FROM staging.promotions_stg
        ) t
        ON CONFLICT (date_id) DO NOTHING;
        
[2025-09-20T12:10:11.938+0200] {base.py:73} INFO - Using connection ID 'postgres_retail' for task execution.
[2025-09-20T12:10:11.982+0200] {base.py:73} INFO - Using connection ID 'postgres_retail' for task execution.
[2025-09-20T12:10:11.987+0200] {sql.py:375} INFO - Running statement: 
        INSERT INTO dwh.dim_date (date_id, year, month, week, day, is_holiday)
        SELECT DISTINCT d::date,
               EXTRACT(YEAR FROM d),
               EXTRACT(MONTH FROM d),
               EXTRACT(WEEK FROM d),
               EXTRACT(DAY FROM d),
               FALSE
        FROM (
            SELECT sale_date AS d FROM staging.sales_stg
            UNION
            SELECT check_date FROM staging.competitors_stg
            UNION
            SELECT rate_date FROM staging.currency_stg
            UNION
            SELECT start_date FROM staging.promotions_stg
            UNION
            SELECT end_date FROM staging.promotions_stg
        ) t
        ON CONFLICT (date_id) DO NOTHING;
        , parameters: None
[2025-09-20T12:10:11.989+0200] {sql.py:384} INFO - Rows affected: 0
[2025-09-20T12:10:11.999+0200] {taskinstance.py:1350} INFO - Marking task as SUCCESS. dag_id=manual_full_load, task_id=load_dim_date, execution_date=20250920T101007, start_date=20250920T101011, end_date=20250920T101011
[2025-09-20T12:10:12.014+0200] {local_task_job_runner.py:225} INFO - Task exited with return code 0
[2025-09-20T12:10:12.059+0200] {taskinstance.py:2653} INFO - 1 downstream tasks scheduled from follow-on schedule check
