[2025-09-20T12:02:32.865+0200] {taskinstance.py:1103} INFO - Dependencies all met for dep_context=non-requeueable deps ti=<TaskInstance: manual_full_load.truncate_staging manual__2025-09-20T10:02:30.721682+00:00 [queued]>
[2025-09-20T12:02:32.872+0200] {taskinstance.py:1103} INFO - Dependencies all met for dep_context=requeueable deps ti=<TaskInstance: manual_full_load.truncate_staging manual__2025-09-20T10:02:30.721682+00:00 [queued]>
[2025-09-20T12:02:32.872+0200] {taskinstance.py:1308} INFO - Starting attempt 1 of 2
[2025-09-20T12:02:32.883+0200] {taskinstance.py:1327} INFO - Executing <Task(PostgresOperator): truncate_staging> on 2025-09-20 10:02:30.721682+00:00
[2025-09-20T12:02:32.888+0200] {standard_task_runner.py:57} INFO - Started process 7174 to run task
[2025-09-20T12:02:32.891+0200] {standard_task_runner.py:84} INFO - Running: ['airflow', 'tasks', 'run', 'manual_full_load', 'truncate_staging', 'manual__2025-09-20T10:02:30.721682+00:00', '--job-id', '85', '--raw', '--subdir', 'DAGS_FOLDER/manual_full_load.py', '--cfg-path', '/tmp/tmpjjf0axmu']
[2025-09-20T12:02:32.893+0200] {standard_task_runner.py:85} INFO - Job 85: Subtask truncate_staging
[2025-09-20T12:02:32.944+0200] {task_command.py:410} INFO - Running <TaskInstance: manual_full_load.truncate_staging manual__2025-09-20T10:02:30.721682+00:00 [running]> on host 1102361e702e
[2025-09-20T12:02:33.026+0200] {taskinstance.py:1547} INFO - Exporting env vars: AIRFLOW_CTX_DAG_OWNER='airflow' AIRFLOW_CTX_DAG_ID='manual_full_load' AIRFLOW_CTX_TASK_ID='truncate_staging' AIRFLOW_CTX_EXECUTION_DATE='2025-09-20T10:02:30.721682+00:00' AIRFLOW_CTX_TRY_NUMBER='1' AIRFLOW_CTX_DAG_RUN_ID='manual__2025-09-20T10:02:30.721682+00:00'
[2025-09-20T12:02:33.027+0200] {sql.py:265} INFO - Executing: 
        TRUNCATE TABLE staging.sales_stg;
        TRUNCATE TABLE staging.competitors_stg;
        TRUNCATE TABLE staging.currency_stg;
        TRUNCATE TABLE staging.products_stg;
        TRUNCATE TABLE staging.promotions_stg;
        
[2025-09-20T12:02:33.045+0200] {base.py:73} INFO - Using connection ID 'postgres_retail' for task execution.
[2025-09-20T12:02:33.108+0200] {base.py:73} INFO - Using connection ID 'postgres_retail' for task execution.
[2025-09-20T12:02:33.114+0200] {sql.py:375} INFO - Running statement: 
        TRUNCATE TABLE staging.sales_stg;
        TRUNCATE TABLE staging.competitors_stg;
        TRUNCATE TABLE staging.currency_stg;
        TRUNCATE TABLE staging.products_stg;
        TRUNCATE TABLE staging.promotions_stg;
        , parameters: None
[2025-09-20T12:02:33.142+0200] {taskinstance.py:1350} INFO - Marking task as SUCCESS. dag_id=manual_full_load, task_id=truncate_staging, execution_date=20250920T100230, start_date=20250920T100232, end_date=20250920T100233
[2025-09-20T12:02:33.196+0200] {local_task_job_runner.py:225} INFO - Task exited with return code 0
[2025-09-20T12:02:33.235+0200] {taskinstance.py:2653} INFO - 5 downstream tasks scheduled from follow-on schedule check
