[2025-09-20T12:02:37.939+0200] {taskinstance.py:1103} INFO - Dependencies all met for dep_context=non-requeueable deps ti=<TaskInstance: manual_full_load.load_fct_currency manual__2025-09-20T10:02:30.721682+00:00 [queued]>
[2025-09-20T12:02:37.953+0200] {taskinstance.py:1103} INFO - Dependencies all met for dep_context=requeueable deps ti=<TaskInstance: manual_full_load.load_fct_currency manual__2025-09-20T10:02:30.721682+00:00 [queued]>
[2025-09-20T12:02:37.953+0200] {taskinstance.py:1308} INFO - Starting attempt 1 of 2
[2025-09-20T12:02:37.972+0200] {taskinstance.py:1327} INFO - Executing <Task(PostgresOperator): load_fct_currency> on 2025-09-20 10:02:30.721682+00:00
[2025-09-20T12:02:37.977+0200] {standard_task_runner.py:57} INFO - Started process 7199 to run task
[2025-09-20T12:02:37.983+0200] {standard_task_runner.py:84} INFO - Running: ['airflow', 'tasks', 'run', 'manual_full_load', 'load_fct_currency', 'manual__2025-09-20T10:02:30.721682+00:00', '--job-id', '98', '--raw', '--subdir', 'DAGS_FOLDER/manual_full_load.py', '--cfg-path', '/tmp/tmpz5fb3tsr']
[2025-09-20T12:02:37.991+0200] {standard_task_runner.py:85} INFO - Job 98: Subtask load_fct_currency
[2025-09-20T12:02:38.081+0200] {task_command.py:410} INFO - Running <TaskInstance: manual_full_load.load_fct_currency manual__2025-09-20T10:02:30.721682+00:00 [running]> on host 1102361e702e
[2025-09-20T12:02:38.221+0200] {taskinstance.py:1547} INFO - Exporting env vars: AIRFLOW_CTX_DAG_OWNER='airflow' AIRFLOW_CTX_DAG_ID='manual_full_load' AIRFLOW_CTX_TASK_ID='load_fct_currency' AIRFLOW_CTX_EXECUTION_DATE='2025-09-20T10:02:30.721682+00:00' AIRFLOW_CTX_TRY_NUMBER='1' AIRFLOW_CTX_DAG_RUN_ID='manual__2025-09-20T10:02:30.721682+00:00'
[2025-09-20T12:02:38.222+0200] {sql.py:265} INFO - Executing: 
        INSERT INTO dwh.fct_currency (rate_date, currency, rate)
        SELECT rate_date, currency, rate
        FROM staging.currency_stg;
        
[2025-09-20T12:02:38.245+0200] {base.py:73} INFO - Using connection ID 'postgres_retail' for task execution.
[2025-09-20T12:02:38.320+0200] {base.py:73} INFO - Using connection ID 'postgres_retail' for task execution.
[2025-09-20T12:02:38.327+0200] {sql.py:375} INFO - Running statement: 
        INSERT INTO dwh.fct_currency (rate_date, currency, rate)
        SELECT rate_date, currency, rate
        FROM staging.currency_stg;
        , parameters: None
[2025-09-20T12:02:38.329+0200] {sql.py:384} INFO - Rows affected: 6
[2025-09-20T12:02:38.344+0200] {taskinstance.py:1350} INFO - Marking task as SUCCESS. dag_id=manual_full_load, task_id=load_fct_currency, execution_date=20250920T100230, start_date=20250920T100237, end_date=20250920T100238
[2025-09-20T12:02:38.370+0200] {local_task_job_runner.py:225} INFO - Task exited with return code 0
[2025-09-20T12:02:38.397+0200] {taskinstance.py:2653} INFO - 0 downstream tasks scheduled from follow-on schedule check
