[2025-09-20T12:10:12.918+0200] {taskinstance.py:1103} INFO - Dependencies all met for dep_context=non-requeueable deps ti=<TaskInstance: manual_full_load.load_fct_promotions manual__2025-09-20T10:10:07.142246+00:00 [queued]>
[2025-09-20T12:10:12.929+0200] {taskinstance.py:1103} INFO - Dependencies all met for dep_context=requeueable deps ti=<TaskInstance: manual_full_load.load_fct_promotions manual__2025-09-20T10:10:07.142246+00:00 [queued]>
[2025-09-20T12:10:12.929+0200] {taskinstance.py:1308} INFO - Starting attempt 1 of 2
[2025-09-20T12:10:12.940+0200] {taskinstance.py:1327} INFO - Executing <Task(PostgresOperator): load_fct_promotions> on 2025-09-20 10:10:07.142246+00:00
[2025-09-20T12:10:12.947+0200] {standard_task_runner.py:57} INFO - Started process 7965 to run task
[2025-09-20T12:10:12.950+0200] {standard_task_runner.py:84} INFO - Running: ['airflow', 'tasks', 'run', 'manual_full_load', 'load_fct_promotions', 'manual__2025-09-20T10:10:07.142246+00:00', '--job-id', '136', '--raw', '--subdir', 'DAGS_FOLDER/manual_full_load.py', '--cfg-path', '/tmp/tmpfngyfyl0']
[2025-09-20T12:10:12.952+0200] {standard_task_runner.py:85} INFO - Job 136: Subtask load_fct_promotions
[2025-09-20T12:10:13.003+0200] {task_command.py:410} INFO - Running <TaskInstance: manual_full_load.load_fct_promotions manual__2025-09-20T10:10:07.142246+00:00 [running]> on host 1102361e702e
[2025-09-20T12:10:13.101+0200] {taskinstance.py:1547} INFO - Exporting env vars: AIRFLOW_CTX_DAG_OWNER='airflow' AIRFLOW_CTX_DAG_ID='manual_full_load' AIRFLOW_CTX_TASK_ID='load_fct_promotions' AIRFLOW_CTX_EXECUTION_DATE='2025-09-20T10:10:07.142246+00:00' AIRFLOW_CTX_TRY_NUMBER='1' AIRFLOW_CTX_DAG_RUN_ID='manual__2025-09-20T10:10:07.142246+00:00'
[2025-09-20T12:10:13.102+0200] {sql.py:265} INFO - Executing: 
        INSERT INTO dwh.fct_promotions (promo_id, product_id, start_date, end_date, discount, description)
        SELECT promo_id, product_id, start_date, end_date, discount, description
        FROM staging.promotions_stg
        ON CONFLICT (promo_id) DO UPDATE SET
            product_id = EXCLUDED.product_id,
            start_date = EXCLUDED.start_date,
            end_date = EXCLUDED.end_date,
            discount = EXCLUDED.discount,
            description = EXCLUDED.description;
        
[2025-09-20T12:10:13.118+0200] {base.py:73} INFO - Using connection ID 'postgres_retail' for task execution.
[2025-09-20T12:10:13.177+0200] {base.py:73} INFO - Using connection ID 'postgres_retail' for task execution.
[2025-09-20T12:10:13.184+0200] {sql.py:375} INFO - Running statement: 
        INSERT INTO dwh.fct_promotions (promo_id, product_id, start_date, end_date, discount, description)
        SELECT promo_id, product_id, start_date, end_date, discount, description
        FROM staging.promotions_stg
        ON CONFLICT (promo_id) DO UPDATE SET
            product_id = EXCLUDED.product_id,
            start_date = EXCLUDED.start_date,
            end_date = EXCLUDED.end_date,
            discount = EXCLUDED.discount,
            description = EXCLUDED.description;
        , parameters: None
[2025-09-20T12:10:13.187+0200] {sql.py:384} INFO - Rows affected: 30
[2025-09-20T12:10:13.201+0200] {taskinstance.py:1350} INFO - Marking task as SUCCESS. dag_id=manual_full_load, task_id=load_fct_promotions, execution_date=20250920T101007, start_date=20250920T101012, end_date=20250920T101013
[2025-09-20T12:10:13.251+0200] {local_task_job_runner.py:225} INFO - Task exited with return code 0
[2025-09-20T12:10:13.287+0200] {taskinstance.py:2653} INFO - 0 downstream tasks scheduled from follow-on schedule check
