[2025-09-20T11:58:30.021+0200] {taskinstance.py:1103} INFO - Dependencies all met for dep_context=non-requeueable deps ti=<TaskInstance: manual_full_load.load_currency_staging manual__2025-09-20T09:48:23.778100+00:00 [queued]>
[2025-09-20T11:58:30.030+0200] {taskinstance.py:1103} INFO - Dependencies all met for dep_context=requeueable deps ti=<TaskInstance: manual_full_load.load_currency_staging manual__2025-09-20T09:48:23.778100+00:00 [queued]>
[2025-09-20T11:58:30.030+0200] {taskinstance.py:1308} INFO - Starting attempt 2 of 2
[2025-09-20T11:58:30.045+0200] {taskinstance.py:1327} INFO - Executing <Task(PostgresOperator): load_currency_staging> on 2025-09-20 09:48:23.778100+00:00
[2025-09-20T11:58:30.049+0200] {standard_task_runner.py:57} INFO - Started process 6769 to run task
[2025-09-20T11:58:30.053+0200] {standard_task_runner.py:84} INFO - Running: ['airflow', 'tasks', 'run', 'manual_full_load', 'load_currency_staging', 'manual__2025-09-20T09:48:23.778100+00:00', '--job-id', '62', '--raw', '--subdir', 'DAGS_FOLDER/manual_full_load.py', '--cfg-path', '/tmp/tmp95finw74']
[2025-09-20T11:58:30.057+0200] {standard_task_runner.py:85} INFO - Job 62: Subtask load_currency_staging
[2025-09-20T11:58:30.118+0200] {task_command.py:410} INFO - Running <TaskInstance: manual_full_load.load_currency_staging manual__2025-09-20T09:48:23.778100+00:00 [running]> on host 1102361e702e
[2025-09-20T11:58:30.207+0200] {taskinstance.py:1547} INFO - Exporting env vars: AIRFLOW_CTX_DAG_OWNER='airflow' AIRFLOW_CTX_DAG_ID='manual_full_load' AIRFLOW_CTX_TASK_ID='load_currency_staging' AIRFLOW_CTX_EXECUTION_DATE='2025-09-20T09:48:23.778100+00:00' AIRFLOW_CTX_TRY_NUMBER='2' AIRFLOW_CTX_DAG_RUN_ID='manual__2025-09-20T09:48:23.778100+00:00'
[2025-09-20T11:58:30.208+0200] {sql.py:265} INFO - Executing: 
        INSERT INTO staging.currency_stg (rate_date, currency, rate)
        SELECT date, currency, rate
        FROM raw.currency_rates;
        
[2025-09-20T11:58:30.224+0200] {base.py:73} INFO - Using connection ID 'postgres_retail' for task execution.
[2025-09-20T11:58:30.280+0200] {base.py:73} INFO - Using connection ID 'postgres_retail' for task execution.
[2025-09-20T11:58:30.287+0200] {sql.py:375} INFO - Running statement: 
        INSERT INTO staging.currency_stg (rate_date, currency, rate)
        SELECT date, currency, rate
        FROM raw.currency_rates;
        , parameters: None
[2025-09-20T11:58:30.288+0200] {sql.py:384} INFO - Rows affected: 6
[2025-09-20T11:58:30.300+0200] {taskinstance.py:1350} INFO - Marking task as SUCCESS. dag_id=manual_full_load, task_id=load_currency_staging, execution_date=20250920T094823, start_date=20250920T095830, end_date=20250920T095830
[2025-09-20T11:58:30.353+0200] {local_task_job_runner.py:225} INFO - Task exited with return code 0
[2025-09-20T11:58:30.436+0200] {taskinstance.py:2653} INFO - 0 downstream tasks scheduled from follow-on schedule check
