[2025-09-20T10:40:18.118+0200] {processor.py:157} INFO - Started process (PID=1248) to work on /opt/airflow/dags/dag_competitors.py
[2025-09-20T10:40:18.119+0200] {processor.py:826} INFO - Processing file /opt/airflow/dags/dag_competitors.py for tasks to queue
[2025-09-20T10:40:18.120+0200] {logging_mixin.py:150} INFO - [2025-09-20T10:40:18.120+0200] {dagbag.py:541} INFO - Filling up the DagBag from /opt/airflow/dags/dag_competitors.py
[2025-09-20T10:40:18.134+0200] {processor.py:836} INFO - DAG(s) dict_keys(['competitors_dag']) retrieved from /opt/airflow/dags/dag_competitors.py
[2025-09-20T10:40:18.216+0200] {logging_mixin.py:150} INFO - [2025-09-20T10:40:18.216+0200] {manager.py:504} INFO - Created Permission View: can delete on DAG:competitors_dag
[2025-09-20T10:40:18.230+0200] {logging_mixin.py:150} INFO - [2025-09-20T10:40:18.230+0200] {manager.py:504} INFO - Created Permission View: can read on DAG:competitors_dag
[2025-09-20T10:40:18.236+0200] {logging_mixin.py:150} INFO - [2025-09-20T10:40:18.236+0200] {manager.py:504} INFO - Created Permission View: can edit on DAG:competitors_dag
[2025-09-20T10:40:18.251+0200] {logging_mixin.py:150} INFO - [2025-09-20T10:40:18.251+0200] {dag.py:2742} INFO - Sync 1 DAGs
[2025-09-20T10:40:18.263+0200] {logging_mixin.py:150} INFO - [2025-09-20T10:40:18.262+0200] {dag.py:2763} INFO - Creating ORM DAG for competitors_dag
[2025-09-20T10:40:18.272+0200] {logging_mixin.py:150} INFO - [2025-09-20T10:40:18.272+0200] {dag.py:3508} INFO - Setting next_dagrun for competitors_dag to 2025-09-19T00:00:00+00:00, run_after=2025-09-20T00:00:00+00:00
[2025-09-20T10:40:18.285+0200] {processor.py:179} INFO - Processing /opt/airflow/dags/dag_competitors.py took 0.169 seconds
[2025-09-20T10:40:48.570+0200] {processor.py:157} INFO - Started process (PID=1278) to work on /opt/airflow/dags/dag_competitors.py
[2025-09-20T10:40:48.570+0200] {processor.py:826} INFO - Processing file /opt/airflow/dags/dag_competitors.py for tasks to queue
[2025-09-20T10:40:48.571+0200] {logging_mixin.py:150} INFO - [2025-09-20T10:40:48.571+0200] {dagbag.py:541} INFO - Filling up the DagBag from /opt/airflow/dags/dag_competitors.py
[2025-09-20T10:40:48.585+0200] {processor.py:836} INFO - DAG(s) dict_keys(['competitors_dag']) retrieved from /opt/airflow/dags/dag_competitors.py
[2025-09-20T10:40:48.610+0200] {logging_mixin.py:150} INFO - [2025-09-20T10:40:48.609+0200] {dag.py:2742} INFO - Sync 1 DAGs
[2025-09-20T10:40:48.630+0200] {logging_mixin.py:150} INFO - [2025-09-20T10:40:48.630+0200] {dag.py:3508} INFO - Setting next_dagrun for competitors_dag to 2025-09-19T00:00:00+00:00, run_after=2025-09-20T00:00:00+00:00
[2025-09-20T10:40:48.644+0200] {processor.py:179} INFO - Processing /opt/airflow/dags/dag_competitors.py took 0.077 seconds
[2025-09-20T10:41:19.158+0200] {processor.py:157} INFO - Started process (PID=1308) to work on /opt/airflow/dags/dag_competitors.py
[2025-09-20T10:41:19.159+0200] {processor.py:826} INFO - Processing file /opt/airflow/dags/dag_competitors.py for tasks to queue
[2025-09-20T10:41:19.160+0200] {logging_mixin.py:150} INFO - [2025-09-20T10:41:19.160+0200] {dagbag.py:541} INFO - Filling up the DagBag from /opt/airflow/dags/dag_competitors.py
[2025-09-20T10:41:19.173+0200] {processor.py:836} INFO - DAG(s) dict_keys(['competitors_dag']) retrieved from /opt/airflow/dags/dag_competitors.py
[2025-09-20T10:41:19.198+0200] {logging_mixin.py:150} INFO - [2025-09-20T10:41:19.198+0200] {dag.py:2742} INFO - Sync 1 DAGs
[2025-09-20T10:41:19.221+0200] {logging_mixin.py:150} INFO - [2025-09-20T10:41:19.221+0200] {dag.py:3508} INFO - Setting next_dagrun for competitors_dag to 2025-09-19T00:00:00+00:00, run_after=2025-09-20T00:00:00+00:00
[2025-09-20T10:41:19.234+0200] {processor.py:179} INFO - Processing /opt/airflow/dags/dag_competitors.py took 0.079 seconds
[2025-09-20T10:41:49.556+0200] {processor.py:157} INFO - Started process (PID=1336) to work on /opt/airflow/dags/dag_competitors.py
[2025-09-20T10:41:49.558+0200] {processor.py:826} INFO - Processing file /opt/airflow/dags/dag_competitors.py for tasks to queue
[2025-09-20T10:41:49.559+0200] {logging_mixin.py:150} INFO - [2025-09-20T10:41:49.559+0200] {dagbag.py:541} INFO - Filling up the DagBag from /opt/airflow/dags/dag_competitors.py
[2025-09-20T10:41:49.569+0200] {processor.py:836} INFO - DAG(s) dict_keys(['competitors_dag']) retrieved from /opt/airflow/dags/dag_competitors.py
[2025-09-20T10:41:49.593+0200] {logging_mixin.py:150} INFO - [2025-09-20T10:41:49.592+0200] {dag.py:2742} INFO - Sync 1 DAGs
[2025-09-20T10:41:49.616+0200] {logging_mixin.py:150} INFO - [2025-09-20T10:41:49.616+0200] {dag.py:3508} INFO - Setting next_dagrun for competitors_dag to 2025-09-19T00:00:00+00:00, run_after=2025-09-20T00:00:00+00:00
[2025-09-20T10:41:49.629+0200] {processor.py:179} INFO - Processing /opt/airflow/dags/dag_competitors.py took 0.075 seconds
[2025-09-20T10:42:20.143+0200] {processor.py:157} INFO - Started process (PID=1368) to work on /opt/airflow/dags/dag_competitors.py
[2025-09-20T10:42:20.143+0200] {processor.py:826} INFO - Processing file /opt/airflow/dags/dag_competitors.py for tasks to queue
[2025-09-20T10:42:20.144+0200] {logging_mixin.py:150} INFO - [2025-09-20T10:42:20.144+0200] {dagbag.py:541} INFO - Filling up the DagBag from /opt/airflow/dags/dag_competitors.py
[2025-09-20T10:42:20.155+0200] {processor.py:836} INFO - DAG(s) dict_keys(['competitors_dag']) retrieved from /opt/airflow/dags/dag_competitors.py
[2025-09-20T10:42:20.181+0200] {logging_mixin.py:150} INFO - [2025-09-20T10:42:20.181+0200] {dag.py:2742} INFO - Sync 1 DAGs
[2025-09-20T10:42:20.204+0200] {logging_mixin.py:150} INFO - [2025-09-20T10:42:20.203+0200] {dag.py:3508} INFO - Setting next_dagrun for competitors_dag to 2025-09-19T00:00:00+00:00, run_after=2025-09-20T00:00:00+00:00
[2025-09-20T10:42:20.217+0200] {processor.py:179} INFO - Processing /opt/airflow/dags/dag_competitors.py took 0.077 seconds
[2025-09-20T10:42:50.685+0200] {processor.py:157} INFO - Started process (PID=1398) to work on /opt/airflow/dags/dag_competitors.py
[2025-09-20T10:42:50.686+0200] {processor.py:826} INFO - Processing file /opt/airflow/dags/dag_competitors.py for tasks to queue
[2025-09-20T10:42:50.687+0200] {logging_mixin.py:150} INFO - [2025-09-20T10:42:50.687+0200] {dagbag.py:541} INFO - Filling up the DagBag from /opt/airflow/dags/dag_competitors.py
[2025-09-20T10:42:50.700+0200] {processor.py:836} INFO - DAG(s) dict_keys(['competitors_dag']) retrieved from /opt/airflow/dags/dag_competitors.py
[2025-09-20T10:42:50.726+0200] {logging_mixin.py:150} INFO - [2025-09-20T10:42:50.726+0200] {dag.py:2742} INFO - Sync 1 DAGs
[2025-09-20T10:42:50.747+0200] {logging_mixin.py:150} INFO - [2025-09-20T10:42:50.747+0200] {dag.py:3508} INFO - Setting next_dagrun for competitors_dag to 2025-09-19T00:00:00+00:00, run_after=2025-09-20T00:00:00+00:00
[2025-09-20T10:42:50.763+0200] {processor.py:179} INFO - Processing /opt/airflow/dags/dag_competitors.py took 0.080 seconds
[2025-09-20T10:43:21.306+0200] {processor.py:157} INFO - Started process (PID=1428) to work on /opt/airflow/dags/dag_competitors.py
[2025-09-20T10:43:21.307+0200] {processor.py:826} INFO - Processing file /opt/airflow/dags/dag_competitors.py for tasks to queue
[2025-09-20T10:43:21.308+0200] {logging_mixin.py:150} INFO - [2025-09-20T10:43:21.308+0200] {dagbag.py:541} INFO - Filling up the DagBag from /opt/airflow/dags/dag_competitors.py
[2025-09-20T10:43:21.319+0200] {processor.py:836} INFO - DAG(s) dict_keys(['competitors_dag']) retrieved from /opt/airflow/dags/dag_competitors.py
[2025-09-20T10:43:21.351+0200] {logging_mixin.py:150} INFO - [2025-09-20T10:43:21.350+0200] {dag.py:2742} INFO - Sync 1 DAGs
[2025-09-20T10:43:21.376+0200] {logging_mixin.py:150} INFO - [2025-09-20T10:43:21.376+0200] {dag.py:3508} INFO - Setting next_dagrun for competitors_dag to 2025-09-19T00:00:00+00:00, run_after=2025-09-20T00:00:00+00:00
[2025-09-20T10:43:21.397+0200] {processor.py:179} INFO - Processing /opt/airflow/dags/dag_competitors.py took 0.093 seconds
[2025-09-20T10:43:51.920+0200] {processor.py:157} INFO - Started process (PID=1458) to work on /opt/airflow/dags/dag_competitors.py
[2025-09-20T10:43:51.921+0200] {processor.py:826} INFO - Processing file /opt/airflow/dags/dag_competitors.py for tasks to queue
[2025-09-20T10:43:51.921+0200] {logging_mixin.py:150} INFO - [2025-09-20T10:43:51.921+0200] {dagbag.py:541} INFO - Filling up the DagBag from /opt/airflow/dags/dag_competitors.py
[2025-09-20T10:43:51.931+0200] {processor.py:836} INFO - DAG(s) dict_keys(['competitors_dag']) retrieved from /opt/airflow/dags/dag_competitors.py
[2025-09-20T10:43:51.973+0200] {logging_mixin.py:150} INFO - [2025-09-20T10:43:51.973+0200] {dag.py:2742} INFO - Sync 1 DAGs
[2025-09-20T10:43:52.004+0200] {logging_mixin.py:150} INFO - [2025-09-20T10:43:52.004+0200] {dag.py:3508} INFO - Setting next_dagrun for competitors_dag to 2025-09-19T00:00:00+00:00, run_after=2025-09-20T00:00:00+00:00
[2025-09-20T10:43:52.021+0200] {processor.py:179} INFO - Processing /opt/airflow/dags/dag_competitors.py took 0.104 seconds
[2025-09-20T10:44:22.547+0200] {processor.py:157} INFO - Started process (PID=1498) to work on /opt/airflow/dags/dag_competitors.py
[2025-09-20T10:44:22.548+0200] {processor.py:826} INFO - Processing file /opt/airflow/dags/dag_competitors.py for tasks to queue
[2025-09-20T10:44:22.549+0200] {logging_mixin.py:150} INFO - [2025-09-20T10:44:22.549+0200] {dagbag.py:541} INFO - Filling up the DagBag from /opt/airflow/dags/dag_competitors.py
[2025-09-20T10:44:22.559+0200] {processor.py:836} INFO - DAG(s) dict_keys(['competitors_dag']) retrieved from /opt/airflow/dags/dag_competitors.py
[2025-09-20T10:44:22.583+0200] {logging_mixin.py:150} INFO - [2025-09-20T10:44:22.583+0200] {dag.py:2742} INFO - Sync 1 DAGs
[2025-09-20T10:44:22.607+0200] {logging_mixin.py:150} INFO - [2025-09-20T10:44:22.606+0200] {dag.py:3508} INFO - Setting next_dagrun for competitors_dag to 2025-09-20T00:00:00+00:00, run_after=2025-09-21T00:00:00+00:00
[2025-09-20T10:44:22.621+0200] {processor.py:179} INFO - Processing /opt/airflow/dags/dag_competitors.py took 0.077 seconds
[2025-09-20T10:44:53.210+0200] {processor.py:157} INFO - Started process (PID=1528) to work on /opt/airflow/dags/dag_competitors.py
[2025-09-20T10:44:53.211+0200] {processor.py:826} INFO - Processing file /opt/airflow/dags/dag_competitors.py for tasks to queue
[2025-09-20T10:44:53.211+0200] {logging_mixin.py:150} INFO - [2025-09-20T10:44:53.211+0200] {dagbag.py:541} INFO - Filling up the DagBag from /opt/airflow/dags/dag_competitors.py
[2025-09-20T10:44:53.224+0200] {processor.py:836} INFO - DAG(s) dict_keys(['competitors_dag']) retrieved from /opt/airflow/dags/dag_competitors.py
[2025-09-20T10:44:53.255+0200] {logging_mixin.py:150} INFO - [2025-09-20T10:44:53.255+0200] {dag.py:2742} INFO - Sync 1 DAGs
[2025-09-20T10:44:53.287+0200] {logging_mixin.py:150} INFO - [2025-09-20T10:44:53.287+0200] {dag.py:3508} INFO - Setting next_dagrun for competitors_dag to 2025-09-20T00:00:00+00:00, run_after=2025-09-21T00:00:00+00:00
[2025-09-20T10:44:53.316+0200] {processor.py:179} INFO - Processing /opt/airflow/dags/dag_competitors.py took 0.110 seconds
[2025-09-20T10:45:23.759+0200] {processor.py:157} INFO - Started process (PID=1558) to work on /opt/airflow/dags/dag_competitors.py
[2025-09-20T10:45:23.760+0200] {processor.py:826} INFO - Processing file /opt/airflow/dags/dag_competitors.py for tasks to queue
[2025-09-20T10:45:23.761+0200] {logging_mixin.py:150} INFO - [2025-09-20T10:45:23.761+0200] {dagbag.py:541} INFO - Filling up the DagBag from /opt/airflow/dags/dag_competitors.py
[2025-09-20T10:45:23.777+0200] {processor.py:836} INFO - DAG(s) dict_keys(['competitors_dag']) retrieved from /opt/airflow/dags/dag_competitors.py
[2025-09-20T10:45:23.808+0200] {logging_mixin.py:150} INFO - [2025-09-20T10:45:23.807+0200] {dag.py:2742} INFO - Sync 1 DAGs
[2025-09-20T10:45:23.832+0200] {logging_mixin.py:150} INFO - [2025-09-20T10:45:23.832+0200] {dag.py:3508} INFO - Setting next_dagrun for competitors_dag to 2025-09-20T00:00:00+00:00, run_after=2025-09-21T00:00:00+00:00
[2025-09-20T10:45:23.849+0200] {processor.py:179} INFO - Processing /opt/airflow/dags/dag_competitors.py took 0.092 seconds
[2025-09-20T10:45:37.900+0200] {processor.py:157} INFO - Started process (PID=1568) to work on /opt/airflow/dags/dag_competitors.py
[2025-09-20T10:45:37.902+0200] {processor.py:826} INFO - Processing file /opt/airflow/dags/dag_competitors.py for tasks to queue
[2025-09-20T10:45:37.903+0200] {logging_mixin.py:150} INFO - [2025-09-20T10:45:37.903+0200] {dagbag.py:541} INFO - Filling up the DagBag from /opt/airflow/dags/dag_competitors.py
[2025-09-20T10:45:37.908+0200] {logging_mixin.py:150} INFO - [2025-09-20T10:45:37.907+0200] {dagbag.py:350} ERROR - Failed to import: /opt/airflow/dags/dag_competitors.py
Traceback (most recent call last):
  File "/home/airflow/.local/lib/python3.7/site-packages/airflow/models/dagbag.py", line 346, in parse
    loader.exec_module(new_module)
  File "<frozen importlib._bootstrap_external>", line 724, in exec_module
  File "<frozen importlib._bootstrap_external>", line 860, in get_code
  File "<frozen importlib._bootstrap_external>", line 791, in source_to_code
  File "<frozen importlib._bootstrap>", line 219, in _call_with_frames_removed
  File "/opt/airflow/dags/dag_competitors.py", line 9
    conn = psycopg2.connect("host=postgres dbname=retail_db user=retail_user password=retail_pass port=5432")    cur = conn.cursor()
                                                                                                                   ^
SyntaxError: invalid syntax
[2025-09-20T10:45:37.909+0200] {processor.py:838} WARNING - No viable dags retrieved from /opt/airflow/dags/dag_competitors.py
[2025-09-20T10:45:37.939+0200] {processor.py:179} INFO - Processing /opt/airflow/dags/dag_competitors.py took 0.044 seconds
[2025-09-20T10:46:01.367+0200] {processor.py:157} INFO - Started process (PID=1598) to work on /opt/airflow/dags/dag_competitors.py
[2025-09-20T10:46:01.368+0200] {processor.py:826} INFO - Processing file /opt/airflow/dags/dag_competitors.py for tasks to queue
[2025-09-20T10:46:01.369+0200] {logging_mixin.py:150} INFO - [2025-09-20T10:46:01.368+0200] {dagbag.py:541} INFO - Filling up the DagBag from /opt/airflow/dags/dag_competitors.py
[2025-09-20T10:46:01.382+0200] {processor.py:836} INFO - DAG(s) dict_keys(['competitors_dag']) retrieved from /opt/airflow/dags/dag_competitors.py
[2025-09-20T10:46:01.412+0200] {logging_mixin.py:150} INFO - [2025-09-20T10:46:01.412+0200] {dag.py:2742} INFO - Sync 1 DAGs
[2025-09-20T10:46:01.436+0200] {logging_mixin.py:150} INFO - [2025-09-20T10:46:01.436+0200] {dag.py:3508} INFO - Setting next_dagrun for competitors_dag to 2025-09-20T00:00:00+00:00, run_after=2025-09-21T00:00:00+00:00
[2025-09-20T10:46:01.451+0200] {processor.py:179} INFO - Processing /opt/airflow/dags/dag_competitors.py took 0.088 seconds
[2025-09-20T10:46:31.961+0200] {processor.py:157} INFO - Started process (PID=1638) to work on /opt/airflow/dags/dag_competitors.py
[2025-09-20T10:46:31.964+0200] {processor.py:826} INFO - Processing file /opt/airflow/dags/dag_competitors.py for tasks to queue
[2025-09-20T10:46:31.965+0200] {logging_mixin.py:150} INFO - [2025-09-20T10:46:31.964+0200] {dagbag.py:541} INFO - Filling up the DagBag from /opt/airflow/dags/dag_competitors.py
[2025-09-20T10:46:31.973+0200] {processor.py:836} INFO - DAG(s) dict_keys(['competitors_dag']) retrieved from /opt/airflow/dags/dag_competitors.py
[2025-09-20T10:46:31.996+0200] {logging_mixin.py:150} INFO - [2025-09-20T10:46:31.995+0200] {dag.py:2742} INFO - Sync 1 DAGs
[2025-09-20T10:46:32.016+0200] {logging_mixin.py:150} INFO - [2025-09-20T10:46:32.016+0200] {dag.py:3508} INFO - Setting next_dagrun for competitors_dag to 2025-09-20T00:00:00+00:00, run_after=2025-09-21T00:00:00+00:00
[2025-09-20T10:46:32.027+0200] {processor.py:179} INFO - Processing /opt/airflow/dags/dag_competitors.py took 0.068 seconds
[2025-09-20T10:47:02.472+0200] {processor.py:157} INFO - Started process (PID=1668) to work on /opt/airflow/dags/dag_competitors.py
[2025-09-20T10:47:02.473+0200] {processor.py:826} INFO - Processing file /opt/airflow/dags/dag_competitors.py for tasks to queue
[2025-09-20T10:47:02.474+0200] {logging_mixin.py:150} INFO - [2025-09-20T10:47:02.473+0200] {dagbag.py:541} INFO - Filling up the DagBag from /opt/airflow/dags/dag_competitors.py
[2025-09-20T10:47:02.485+0200] {processor.py:836} INFO - DAG(s) dict_keys(['competitors_dag']) retrieved from /opt/airflow/dags/dag_competitors.py
[2025-09-20T10:47:02.513+0200] {logging_mixin.py:150} INFO - [2025-09-20T10:47:02.513+0200] {dag.py:2742} INFO - Sync 1 DAGs
[2025-09-20T10:47:02.535+0200] {logging_mixin.py:150} INFO - [2025-09-20T10:47:02.535+0200] {dag.py:3508} INFO - Setting next_dagrun for competitors_dag to 2025-09-20T00:00:00+00:00, run_after=2025-09-21T00:00:00+00:00
[2025-09-20T10:47:02.548+0200] {processor.py:179} INFO - Processing /opt/airflow/dags/dag_competitors.py took 0.080 seconds
[2025-09-20T10:47:32.988+0200] {processor.py:157} INFO - Started process (PID=1698) to work on /opt/airflow/dags/dag_competitors.py
[2025-09-20T10:47:32.989+0200] {processor.py:826} INFO - Processing file /opt/airflow/dags/dag_competitors.py for tasks to queue
[2025-09-20T10:47:32.990+0200] {logging_mixin.py:150} INFO - [2025-09-20T10:47:32.990+0200] {dagbag.py:541} INFO - Filling up the DagBag from /opt/airflow/dags/dag_competitors.py
[2025-09-20T10:47:33.004+0200] {processor.py:836} INFO - DAG(s) dict_keys(['competitors_dag']) retrieved from /opt/airflow/dags/dag_competitors.py
[2025-09-20T10:47:33.042+0200] {logging_mixin.py:150} INFO - [2025-09-20T10:47:33.041+0200] {dag.py:2742} INFO - Sync 1 DAGs
[2025-09-20T10:47:33.071+0200] {logging_mixin.py:150} INFO - [2025-09-20T10:47:33.071+0200] {dag.py:3508} INFO - Setting next_dagrun for competitors_dag to 2025-09-20T00:00:00+00:00, run_after=2025-09-21T00:00:00+00:00
[2025-09-20T10:47:33.087+0200] {processor.py:179} INFO - Processing /opt/airflow/dags/dag_competitors.py took 0.103 seconds
[2025-09-20T10:48:03.550+0200] {processor.py:157} INFO - Started process (PID=1728) to work on /opt/airflow/dags/dag_competitors.py
[2025-09-20T10:48:03.551+0200] {processor.py:826} INFO - Processing file /opt/airflow/dags/dag_competitors.py for tasks to queue
[2025-09-20T10:48:03.552+0200] {logging_mixin.py:150} INFO - [2025-09-20T10:48:03.552+0200] {dagbag.py:541} INFO - Filling up the DagBag from /opt/airflow/dags/dag_competitors.py
[2025-09-20T10:48:03.567+0200] {processor.py:836} INFO - DAG(s) dict_keys(['competitors_dag']) retrieved from /opt/airflow/dags/dag_competitors.py
[2025-09-20T10:48:03.590+0200] {logging_mixin.py:150} INFO - [2025-09-20T10:48:03.590+0200] {dag.py:2742} INFO - Sync 1 DAGs
[2025-09-20T10:48:03.614+0200] {logging_mixin.py:150} INFO - [2025-09-20T10:48:03.614+0200] {dag.py:3508} INFO - Setting next_dagrun for competitors_dag to 2025-09-20T00:00:00+00:00, run_after=2025-09-21T00:00:00+00:00
[2025-09-20T10:48:03.626+0200] {processor.py:179} INFO - Processing /opt/airflow/dags/dag_competitors.py took 0.080 seconds
[2025-09-20T10:48:34.066+0200] {processor.py:157} INFO - Started process (PID=1760) to work on /opt/airflow/dags/dag_competitors.py
[2025-09-20T10:48:34.067+0200] {processor.py:826} INFO - Processing file /opt/airflow/dags/dag_competitors.py for tasks to queue
[2025-09-20T10:48:34.067+0200] {logging_mixin.py:150} INFO - [2025-09-20T10:48:34.067+0200] {dagbag.py:541} INFO - Filling up the DagBag from /opt/airflow/dags/dag_competitors.py
[2025-09-20T10:48:34.076+0200] {processor.py:836} INFO - DAG(s) dict_keys(['competitors_dag']) retrieved from /opt/airflow/dags/dag_competitors.py
[2025-09-20T10:48:34.100+0200] {logging_mixin.py:150} INFO - [2025-09-20T10:48:34.100+0200] {dag.py:2742} INFO - Sync 1 DAGs
[2025-09-20T10:48:34.120+0200] {logging_mixin.py:150} INFO - [2025-09-20T10:48:34.120+0200] {dag.py:3508} INFO - Setting next_dagrun for competitors_dag to 2025-09-20T00:00:00+00:00, run_after=2025-09-21T00:00:00+00:00
[2025-09-20T10:48:34.133+0200] {processor.py:179} INFO - Processing /opt/airflow/dags/dag_competitors.py took 0.069 seconds
[2025-09-20T10:49:04.592+0200] {processor.py:157} INFO - Started process (PID=1796) to work on /opt/airflow/dags/dag_competitors.py
[2025-09-20T10:49:04.593+0200] {processor.py:826} INFO - Processing file /opt/airflow/dags/dag_competitors.py for tasks to queue
[2025-09-20T10:49:04.593+0200] {logging_mixin.py:150} INFO - [2025-09-20T10:49:04.593+0200] {dagbag.py:541} INFO - Filling up the DagBag from /opt/airflow/dags/dag_competitors.py
[2025-09-20T10:49:04.602+0200] {processor.py:836} INFO - DAG(s) dict_keys(['competitors_dag']) retrieved from /opt/airflow/dags/dag_competitors.py
[2025-09-20T10:49:04.629+0200] {logging_mixin.py:150} INFO - [2025-09-20T10:49:04.629+0200] {dag.py:2742} INFO - Sync 1 DAGs
[2025-09-20T10:49:04.654+0200] {logging_mixin.py:150} INFO - [2025-09-20T10:49:04.654+0200] {dag.py:3508} INFO - Setting next_dagrun for competitors_dag to 2025-09-20T00:00:00+00:00, run_after=2025-09-21T00:00:00+00:00
[2025-09-20T10:49:04.668+0200] {processor.py:179} INFO - Processing /opt/airflow/dags/dag_competitors.py took 0.079 seconds
[2025-09-20T10:49:35.106+0200] {processor.py:157} INFO - Started process (PID=1828) to work on /opt/airflow/dags/dag_competitors.py
[2025-09-20T10:49:35.107+0200] {processor.py:826} INFO - Processing file /opt/airflow/dags/dag_competitors.py for tasks to queue
[2025-09-20T10:49:35.108+0200] {logging_mixin.py:150} INFO - [2025-09-20T10:49:35.108+0200] {dagbag.py:541} INFO - Filling up the DagBag from /opt/airflow/dags/dag_competitors.py
[2025-09-20T10:49:35.120+0200] {processor.py:836} INFO - DAG(s) dict_keys(['competitors_dag']) retrieved from /opt/airflow/dags/dag_competitors.py
[2025-09-20T10:49:35.147+0200] {logging_mixin.py:150} INFO - [2025-09-20T10:49:35.147+0200] {dag.py:2742} INFO - Sync 1 DAGs
[2025-09-20T10:49:35.173+0200] {logging_mixin.py:150} INFO - [2025-09-20T10:49:35.173+0200] {dag.py:3508} INFO - Setting next_dagrun for competitors_dag to 2025-09-20T00:00:00+00:00, run_after=2025-09-21T00:00:00+00:00
[2025-09-20T10:49:35.187+0200] {processor.py:179} INFO - Processing /opt/airflow/dags/dag_competitors.py took 0.084 seconds
[2025-09-20T10:50:05.639+0200] {processor.py:157} INFO - Started process (PID=1858) to work on /opt/airflow/dags/dag_competitors.py
[2025-09-20T10:50:05.640+0200] {processor.py:826} INFO - Processing file /opt/airflow/dags/dag_competitors.py for tasks to queue
[2025-09-20T10:50:05.641+0200] {logging_mixin.py:150} INFO - [2025-09-20T10:50:05.641+0200] {dagbag.py:541} INFO - Filling up the DagBag from /opt/airflow/dags/dag_competitors.py
[2025-09-20T10:50:05.653+0200] {processor.py:836} INFO - DAG(s) dict_keys(['competitors_dag']) retrieved from /opt/airflow/dags/dag_competitors.py
[2025-09-20T10:50:05.678+0200] {logging_mixin.py:150} INFO - [2025-09-20T10:50:05.678+0200] {dag.py:2742} INFO - Sync 1 DAGs
[2025-09-20T10:50:05.698+0200] {logging_mixin.py:150} INFO - [2025-09-20T10:50:05.697+0200] {dag.py:3508} INFO - Setting next_dagrun for competitors_dag to 2025-09-20T00:00:00+00:00, run_after=2025-09-21T00:00:00+00:00
[2025-09-20T10:50:05.710+0200] {processor.py:179} INFO - Processing /opt/airflow/dags/dag_competitors.py took 0.075 seconds
[2025-09-20T10:50:36.089+0200] {processor.py:157} INFO - Started process (PID=1888) to work on /opt/airflow/dags/dag_competitors.py
[2025-09-20T10:50:36.090+0200] {processor.py:826} INFO - Processing file /opt/airflow/dags/dag_competitors.py for tasks to queue
[2025-09-20T10:50:36.090+0200] {logging_mixin.py:150} INFO - [2025-09-20T10:50:36.090+0200] {dagbag.py:541} INFO - Filling up the DagBag from /opt/airflow/dags/dag_competitors.py
[2025-09-20T10:50:36.099+0200] {processor.py:836} INFO - DAG(s) dict_keys(['competitors_dag']) retrieved from /opt/airflow/dags/dag_competitors.py
[2025-09-20T10:50:36.124+0200] {logging_mixin.py:150} INFO - [2025-09-20T10:50:36.123+0200] {dag.py:2742} INFO - Sync 1 DAGs
[2025-09-20T10:50:36.145+0200] {logging_mixin.py:150} INFO - [2025-09-20T10:50:36.145+0200] {dag.py:3508} INFO - Setting next_dagrun for competitors_dag to 2025-09-20T00:00:00+00:00, run_after=2025-09-21T00:00:00+00:00
[2025-09-20T10:50:36.158+0200] {processor.py:179} INFO - Processing /opt/airflow/dags/dag_competitors.py took 0.071 seconds
[2025-09-20T10:51:06.581+0200] {processor.py:157} INFO - Started process (PID=1918) to work on /opt/airflow/dags/dag_competitors.py
[2025-09-20T10:51:06.582+0200] {processor.py:826} INFO - Processing file /opt/airflow/dags/dag_competitors.py for tasks to queue
[2025-09-20T10:51:06.583+0200] {logging_mixin.py:150} INFO - [2025-09-20T10:51:06.583+0200] {dagbag.py:541} INFO - Filling up the DagBag from /opt/airflow/dags/dag_competitors.py
[2025-09-20T10:51:06.594+0200] {processor.py:836} INFO - DAG(s) dict_keys(['competitors_dag']) retrieved from /opt/airflow/dags/dag_competitors.py
[2025-09-20T10:51:06.618+0200] {logging_mixin.py:150} INFO - [2025-09-20T10:51:06.618+0200] {dag.py:2742} INFO - Sync 1 DAGs
[2025-09-20T10:51:06.640+0200] {logging_mixin.py:150} INFO - [2025-09-20T10:51:06.640+0200] {dag.py:3508} INFO - Setting next_dagrun for competitors_dag to 2025-09-20T00:00:00+00:00, run_after=2025-09-21T00:00:00+00:00
[2025-09-20T10:51:06.653+0200] {processor.py:179} INFO - Processing /opt/airflow/dags/dag_competitors.py took 0.075 seconds
[2025-09-20T10:51:37.043+0200] {processor.py:157} INFO - Started process (PID=1948) to work on /opt/airflow/dags/dag_competitors.py
[2025-09-20T10:51:37.045+0200] {processor.py:826} INFO - Processing file /opt/airflow/dags/dag_competitors.py for tasks to queue
[2025-09-20T10:51:37.049+0200] {logging_mixin.py:150} INFO - [2025-09-20T10:51:37.049+0200] {dagbag.py:541} INFO - Filling up the DagBag from /opt/airflow/dags/dag_competitors.py
[2025-09-20T10:51:37.061+0200] {processor.py:836} INFO - DAG(s) dict_keys(['competitors_dag']) retrieved from /opt/airflow/dags/dag_competitors.py
[2025-09-20T10:51:37.084+0200] {logging_mixin.py:150} INFO - [2025-09-20T10:51:37.084+0200] {dag.py:2742} INFO - Sync 1 DAGs
[2025-09-20T10:51:37.106+0200] {logging_mixin.py:150} INFO - [2025-09-20T10:51:37.106+0200] {dag.py:3508} INFO - Setting next_dagrun for competitors_dag to 2025-09-20T00:00:00+00:00, run_after=2025-09-21T00:00:00+00:00
[2025-09-20T10:51:37.117+0200] {processor.py:179} INFO - Processing /opt/airflow/dags/dag_competitors.py took 0.078 seconds
[2025-09-20T10:52:07.500+0200] {processor.py:157} INFO - Started process (PID=1978) to work on /opt/airflow/dags/dag_competitors.py
[2025-09-20T10:52:07.500+0200] {processor.py:826} INFO - Processing file /opt/airflow/dags/dag_competitors.py for tasks to queue
[2025-09-20T10:52:07.501+0200] {logging_mixin.py:150} INFO - [2025-09-20T10:52:07.501+0200] {dagbag.py:541} INFO - Filling up the DagBag from /opt/airflow/dags/dag_competitors.py
[2025-09-20T10:52:07.510+0200] {processor.py:836} INFO - DAG(s) dict_keys(['competitors_dag']) retrieved from /opt/airflow/dags/dag_competitors.py
[2025-09-20T10:52:07.534+0200] {logging_mixin.py:150} INFO - [2025-09-20T10:52:07.534+0200] {dag.py:2742} INFO - Sync 1 DAGs
[2025-09-20T10:52:07.555+0200] {logging_mixin.py:150} INFO - [2025-09-20T10:52:07.555+0200] {dag.py:3508} INFO - Setting next_dagrun for competitors_dag to 2025-09-20T00:00:00+00:00, run_after=2025-09-21T00:00:00+00:00
[2025-09-20T10:52:07.567+0200] {processor.py:179} INFO - Processing /opt/airflow/dags/dag_competitors.py took 0.070 seconds
[2025-09-20T10:52:37.912+0200] {processor.py:157} INFO - Started process (PID=2008) to work on /opt/airflow/dags/dag_competitors.py
[2025-09-20T10:52:37.913+0200] {processor.py:826} INFO - Processing file /opt/airflow/dags/dag_competitors.py for tasks to queue
[2025-09-20T10:52:37.914+0200] {logging_mixin.py:150} INFO - [2025-09-20T10:52:37.913+0200] {dagbag.py:541} INFO - Filling up the DagBag from /opt/airflow/dags/dag_competitors.py
[2025-09-20T10:52:37.925+0200] {processor.py:836} INFO - DAG(s) dict_keys(['competitors_dag']) retrieved from /opt/airflow/dags/dag_competitors.py
[2025-09-20T10:52:37.953+0200] {logging_mixin.py:150} INFO - [2025-09-20T10:52:37.953+0200] {dag.py:2742} INFO - Sync 1 DAGs
[2025-09-20T10:52:37.976+0200] {logging_mixin.py:150} INFO - [2025-09-20T10:52:37.975+0200] {dag.py:3508} INFO - Setting next_dagrun for competitors_dag to 2025-09-20T00:00:00+00:00, run_after=2025-09-21T00:00:00+00:00
[2025-09-20T10:52:37.989+0200] {processor.py:179} INFO - Processing /opt/airflow/dags/dag_competitors.py took 0.081 seconds
[2025-09-20T10:53:08.407+0200] {processor.py:157} INFO - Started process (PID=2038) to work on /opt/airflow/dags/dag_competitors.py
[2025-09-20T10:53:08.408+0200] {processor.py:826} INFO - Processing file /opt/airflow/dags/dag_competitors.py for tasks to queue
[2025-09-20T10:53:08.408+0200] {logging_mixin.py:150} INFO - [2025-09-20T10:53:08.408+0200] {dagbag.py:541} INFO - Filling up the DagBag from /opt/airflow/dags/dag_competitors.py
[2025-09-20T10:53:08.419+0200] {processor.py:836} INFO - DAG(s) dict_keys(['competitors_dag']) retrieved from /opt/airflow/dags/dag_competitors.py
[2025-09-20T10:53:08.446+0200] {logging_mixin.py:150} INFO - [2025-09-20T10:53:08.445+0200] {dag.py:2742} INFO - Sync 1 DAGs
[2025-09-20T10:53:08.469+0200] {logging_mixin.py:150} INFO - [2025-09-20T10:53:08.469+0200] {dag.py:3508} INFO - Setting next_dagrun for competitors_dag to 2025-09-20T00:00:00+00:00, run_after=2025-09-21T00:00:00+00:00
[2025-09-20T10:53:08.482+0200] {processor.py:179} INFO - Processing /opt/airflow/dags/dag_competitors.py took 0.078 seconds
[2025-09-20T10:53:38.879+0200] {processor.py:157} INFO - Started process (PID=2068) to work on /opt/airflow/dags/dag_competitors.py
[2025-09-20T10:53:38.880+0200] {processor.py:826} INFO - Processing file /opt/airflow/dags/dag_competitors.py for tasks to queue
[2025-09-20T10:53:38.881+0200] {logging_mixin.py:150} INFO - [2025-09-20T10:53:38.881+0200] {dagbag.py:541} INFO - Filling up the DagBag from /opt/airflow/dags/dag_competitors.py
[2025-09-20T10:53:38.892+0200] {processor.py:836} INFO - DAG(s) dict_keys(['competitors_dag']) retrieved from /opt/airflow/dags/dag_competitors.py
[2025-09-20T10:53:38.918+0200] {logging_mixin.py:150} INFO - [2025-09-20T10:53:38.918+0200] {dag.py:2742} INFO - Sync 1 DAGs
[2025-09-20T10:53:38.941+0200] {logging_mixin.py:150} INFO - [2025-09-20T10:53:38.941+0200] {dag.py:3508} INFO - Setting next_dagrun for competitors_dag to 2025-09-20T00:00:00+00:00, run_after=2025-09-21T00:00:00+00:00
[2025-09-20T10:53:38.954+0200] {processor.py:179} INFO - Processing /opt/airflow/dags/dag_competitors.py took 0.079 seconds
[2025-09-20T10:54:09.400+0200] {processor.py:157} INFO - Started process (PID=2098) to work on /opt/airflow/dags/dag_competitors.py
[2025-09-20T10:54:09.401+0200] {processor.py:826} INFO - Processing file /opt/airflow/dags/dag_competitors.py for tasks to queue
[2025-09-20T10:54:09.402+0200] {logging_mixin.py:150} INFO - [2025-09-20T10:54:09.402+0200] {dagbag.py:541} INFO - Filling up the DagBag from /opt/airflow/dags/dag_competitors.py
[2025-09-20T10:54:09.412+0200] {processor.py:836} INFO - DAG(s) dict_keys(['competitors_dag']) retrieved from /opt/airflow/dags/dag_competitors.py
[2025-09-20T10:54:09.439+0200] {logging_mixin.py:150} INFO - [2025-09-20T10:54:09.439+0200] {dag.py:2742} INFO - Sync 1 DAGs
[2025-09-20T10:54:09.461+0200] {logging_mixin.py:150} INFO - [2025-09-20T10:54:09.461+0200] {dag.py:3508} INFO - Setting next_dagrun for competitors_dag to 2025-09-20T00:00:00+00:00, run_after=2025-09-21T00:00:00+00:00
[2025-09-20T10:54:09.475+0200] {processor.py:179} INFO - Processing /opt/airflow/dags/dag_competitors.py took 0.078 seconds
[2025-09-20T10:54:39.909+0200] {processor.py:157} INFO - Started process (PID=2128) to work on /opt/airflow/dags/dag_competitors.py
[2025-09-20T10:54:39.910+0200] {processor.py:826} INFO - Processing file /opt/airflow/dags/dag_competitors.py for tasks to queue
[2025-09-20T10:54:39.911+0200] {logging_mixin.py:150} INFO - [2025-09-20T10:54:39.910+0200] {dagbag.py:541} INFO - Filling up the DagBag from /opt/airflow/dags/dag_competitors.py
[2025-09-20T10:54:39.922+0200] {processor.py:836} INFO - DAG(s) dict_keys(['competitors_dag']) retrieved from /opt/airflow/dags/dag_competitors.py
[2025-09-20T10:54:39.949+0200] {logging_mixin.py:150} INFO - [2025-09-20T10:54:39.949+0200] {dag.py:2742} INFO - Sync 1 DAGs
[2025-09-20T10:54:39.971+0200] {logging_mixin.py:150} INFO - [2025-09-20T10:54:39.971+0200] {dag.py:3508} INFO - Setting next_dagrun for competitors_dag to 2025-09-20T00:00:00+00:00, run_after=2025-09-21T00:00:00+00:00
[2025-09-20T10:54:39.984+0200] {processor.py:179} INFO - Processing /opt/airflow/dags/dag_competitors.py took 0.079 seconds
[2025-09-20T10:55:10.405+0200] {processor.py:157} INFO - Started process (PID=2158) to work on /opt/airflow/dags/dag_competitors.py
[2025-09-20T10:55:10.407+0200] {processor.py:826} INFO - Processing file /opt/airflow/dags/dag_competitors.py for tasks to queue
[2025-09-20T10:55:10.407+0200] {logging_mixin.py:150} INFO - [2025-09-20T10:55:10.407+0200] {dagbag.py:541} INFO - Filling up the DagBag from /opt/airflow/dags/dag_competitors.py
[2025-09-20T10:55:10.419+0200] {processor.py:836} INFO - DAG(s) dict_keys(['competitors_dag']) retrieved from /opt/airflow/dags/dag_competitors.py
[2025-09-20T10:55:10.446+0200] {logging_mixin.py:150} INFO - [2025-09-20T10:55:10.446+0200] {dag.py:2742} INFO - Sync 1 DAGs
[2025-09-20T10:55:10.466+0200] {logging_mixin.py:150} INFO - [2025-09-20T10:55:10.466+0200] {dag.py:3508} INFO - Setting next_dagrun for competitors_dag to 2025-09-20T00:00:00+00:00, run_after=2025-09-21T00:00:00+00:00
[2025-09-20T10:55:10.477+0200] {processor.py:179} INFO - Processing /opt/airflow/dags/dag_competitors.py took 0.077 seconds
[2025-09-20T10:55:40.917+0200] {processor.py:157} INFO - Started process (PID=2188) to work on /opt/airflow/dags/dag_competitors.py
[2025-09-20T10:55:40.918+0200] {processor.py:826} INFO - Processing file /opt/airflow/dags/dag_competitors.py for tasks to queue
[2025-09-20T10:55:40.919+0200] {logging_mixin.py:150} INFO - [2025-09-20T10:55:40.919+0200] {dagbag.py:541} INFO - Filling up the DagBag from /opt/airflow/dags/dag_competitors.py
[2025-09-20T10:55:40.929+0200] {processor.py:836} INFO - DAG(s) dict_keys(['competitors_dag']) retrieved from /opt/airflow/dags/dag_competitors.py
[2025-09-20T10:55:40.957+0200] {logging_mixin.py:150} INFO - [2025-09-20T10:55:40.957+0200] {dag.py:2742} INFO - Sync 1 DAGs
[2025-09-20T10:55:40.980+0200] {logging_mixin.py:150} INFO - [2025-09-20T10:55:40.980+0200] {dag.py:3508} INFO - Setting next_dagrun for competitors_dag to 2025-09-20T00:00:00+00:00, run_after=2025-09-21T00:00:00+00:00
[2025-09-20T10:55:40.992+0200] {processor.py:179} INFO - Processing /opt/airflow/dags/dag_competitors.py took 0.077 seconds
[2025-09-20T10:56:11.413+0200] {processor.py:157} INFO - Started process (PID=2218) to work on /opt/airflow/dags/dag_competitors.py
[2025-09-20T10:56:11.414+0200] {processor.py:826} INFO - Processing file /opt/airflow/dags/dag_competitors.py for tasks to queue
[2025-09-20T10:56:11.415+0200] {logging_mixin.py:150} INFO - [2025-09-20T10:56:11.415+0200] {dagbag.py:541} INFO - Filling up the DagBag from /opt/airflow/dags/dag_competitors.py
[2025-09-20T10:56:11.426+0200] {processor.py:836} INFO - DAG(s) dict_keys(['competitors_dag']) retrieved from /opt/airflow/dags/dag_competitors.py
[2025-09-20T10:56:11.453+0200] {logging_mixin.py:150} INFO - [2025-09-20T10:56:11.452+0200] {dag.py:2742} INFO - Sync 1 DAGs
[2025-09-20T10:56:11.476+0200] {logging_mixin.py:150} INFO - [2025-09-20T10:56:11.476+0200] {dag.py:3508} INFO - Setting next_dagrun for competitors_dag to 2025-09-20T00:00:00+00:00, run_after=2025-09-21T00:00:00+00:00
[2025-09-20T10:56:11.488+0200] {processor.py:179} INFO - Processing /opt/airflow/dags/dag_competitors.py took 0.079 seconds
[2025-09-20T10:56:41.966+0200] {processor.py:157} INFO - Started process (PID=2248) to work on /opt/airflow/dags/dag_competitors.py
[2025-09-20T10:56:41.967+0200] {processor.py:826} INFO - Processing file /opt/airflow/dags/dag_competitors.py for tasks to queue
[2025-09-20T10:56:41.968+0200] {logging_mixin.py:150} INFO - [2025-09-20T10:56:41.968+0200] {dagbag.py:541} INFO - Filling up the DagBag from /opt/airflow/dags/dag_competitors.py
[2025-09-20T10:56:41.978+0200] {processor.py:836} INFO - DAG(s) dict_keys(['competitors_dag']) retrieved from /opt/airflow/dags/dag_competitors.py
[2025-09-20T10:56:42.006+0200] {logging_mixin.py:150} INFO - [2025-09-20T10:56:42.006+0200] {dag.py:2742} INFO - Sync 1 DAGs
[2025-09-20T10:56:42.028+0200] {logging_mixin.py:150} INFO - [2025-09-20T10:56:42.028+0200] {dag.py:3508} INFO - Setting next_dagrun for competitors_dag to 2025-09-20T00:00:00+00:00, run_after=2025-09-21T00:00:00+00:00
[2025-09-20T10:56:42.041+0200] {processor.py:179} INFO - Processing /opt/airflow/dags/dag_competitors.py took 0.079 seconds
[2025-09-20T10:57:12.475+0200] {processor.py:157} INFO - Started process (PID=2278) to work on /opt/airflow/dags/dag_competitors.py
[2025-09-20T10:57:12.477+0200] {processor.py:826} INFO - Processing file /opt/airflow/dags/dag_competitors.py for tasks to queue
[2025-09-20T10:57:12.477+0200] {logging_mixin.py:150} INFO - [2025-09-20T10:57:12.477+0200] {dagbag.py:541} INFO - Filling up the DagBag from /opt/airflow/dags/dag_competitors.py
[2025-09-20T10:57:12.489+0200] {processor.py:836} INFO - DAG(s) dict_keys(['competitors_dag']) retrieved from /opt/airflow/dags/dag_competitors.py
[2025-09-20T10:57:12.516+0200] {logging_mixin.py:150} INFO - [2025-09-20T10:57:12.516+0200] {dag.py:2742} INFO - Sync 1 DAGs
[2025-09-20T10:57:12.537+0200] {logging_mixin.py:150} INFO - [2025-09-20T10:57:12.537+0200] {dag.py:3508} INFO - Setting next_dagrun for competitors_dag to 2025-09-20T00:00:00+00:00, run_after=2025-09-21T00:00:00+00:00
[2025-09-20T10:57:12.548+0200] {processor.py:179} INFO - Processing /opt/airflow/dags/dag_competitors.py took 0.077 seconds
[2025-09-20T10:57:42.955+0200] {processor.py:157} INFO - Started process (PID=2308) to work on /opt/airflow/dags/dag_competitors.py
[2025-09-20T10:57:42.957+0200] {processor.py:826} INFO - Processing file /opt/airflow/dags/dag_competitors.py for tasks to queue
[2025-09-20T10:57:42.958+0200] {logging_mixin.py:150} INFO - [2025-09-20T10:57:42.957+0200] {dagbag.py:541} INFO - Filling up the DagBag from /opt/airflow/dags/dag_competitors.py
[2025-09-20T10:57:42.969+0200] {processor.py:836} INFO - DAG(s) dict_keys(['competitors_dag']) retrieved from /opt/airflow/dags/dag_competitors.py
[2025-09-20T10:57:42.994+0200] {logging_mixin.py:150} INFO - [2025-09-20T10:57:42.994+0200] {dag.py:2742} INFO - Sync 1 DAGs
[2025-09-20T10:57:43.017+0200] {logging_mixin.py:150} INFO - [2025-09-20T10:57:43.017+0200] {dag.py:3508} INFO - Setting next_dagrun for competitors_dag to 2025-09-20T00:00:00+00:00, run_after=2025-09-21T00:00:00+00:00
[2025-09-20T10:57:43.029+0200] {processor.py:179} INFO - Processing /opt/airflow/dags/dag_competitors.py took 0.079 seconds
[2025-09-20T10:58:13.428+0200] {processor.py:157} INFO - Started process (PID=2338) to work on /opt/airflow/dags/dag_competitors.py
[2025-09-20T10:58:13.428+0200] {processor.py:826} INFO - Processing file /opt/airflow/dags/dag_competitors.py for tasks to queue
[2025-09-20T10:58:13.429+0200] {logging_mixin.py:150} INFO - [2025-09-20T10:58:13.429+0200] {dagbag.py:541} INFO - Filling up the DagBag from /opt/airflow/dags/dag_competitors.py
[2025-09-20T10:58:13.440+0200] {processor.py:836} INFO - DAG(s) dict_keys(['competitors_dag']) retrieved from /opt/airflow/dags/dag_competitors.py
[2025-09-20T10:58:13.467+0200] {logging_mixin.py:150} INFO - [2025-09-20T10:58:13.466+0200] {dag.py:2742} INFO - Sync 1 DAGs
[2025-09-20T10:58:13.489+0200] {logging_mixin.py:150} INFO - [2025-09-20T10:58:13.489+0200] {dag.py:3508} INFO - Setting next_dagrun for competitors_dag to 2025-09-20T00:00:00+00:00, run_after=2025-09-21T00:00:00+00:00
[2025-09-20T10:58:13.503+0200] {processor.py:179} INFO - Processing /opt/airflow/dags/dag_competitors.py took 0.079 seconds
[2025-09-20T10:58:43.920+0200] {processor.py:157} INFO - Started process (PID=2368) to work on /opt/airflow/dags/dag_competitors.py
[2025-09-20T10:58:43.921+0200] {processor.py:826} INFO - Processing file /opt/airflow/dags/dag_competitors.py for tasks to queue
[2025-09-20T10:58:43.922+0200] {logging_mixin.py:150} INFO - [2025-09-20T10:58:43.921+0200] {dagbag.py:541} INFO - Filling up the DagBag from /opt/airflow/dags/dag_competitors.py
[2025-09-20T10:58:43.933+0200] {processor.py:836} INFO - DAG(s) dict_keys(['competitors_dag']) retrieved from /opt/airflow/dags/dag_competitors.py
[2025-09-20T10:58:43.961+0200] {logging_mixin.py:150} INFO - [2025-09-20T10:58:43.960+0200] {dag.py:2742} INFO - Sync 1 DAGs
[2025-09-20T10:58:43.983+0200] {logging_mixin.py:150} INFO - [2025-09-20T10:58:43.983+0200] {dag.py:3508} INFO - Setting next_dagrun for competitors_dag to 2025-09-20T00:00:00+00:00, run_after=2025-09-21T00:00:00+00:00
[2025-09-20T10:58:43.997+0200] {processor.py:179} INFO - Processing /opt/airflow/dags/dag_competitors.py took 0.081 seconds
[2025-09-20T10:59:14.421+0200] {processor.py:157} INFO - Started process (PID=2398) to work on /opt/airflow/dags/dag_competitors.py
[2025-09-20T10:59:14.422+0200] {processor.py:826} INFO - Processing file /opt/airflow/dags/dag_competitors.py for tasks to queue
[2025-09-20T10:59:14.423+0200] {logging_mixin.py:150} INFO - [2025-09-20T10:59:14.423+0200] {dagbag.py:541} INFO - Filling up the DagBag from /opt/airflow/dags/dag_competitors.py
[2025-09-20T10:59:14.434+0200] {processor.py:836} INFO - DAG(s) dict_keys(['competitors_dag']) retrieved from /opt/airflow/dags/dag_competitors.py
[2025-09-20T10:59:14.460+0200] {logging_mixin.py:150} INFO - [2025-09-20T10:59:14.460+0200] {dag.py:2742} INFO - Sync 1 DAGs
[2025-09-20T10:59:14.482+0200] {logging_mixin.py:150} INFO - [2025-09-20T10:59:14.482+0200] {dag.py:3508} INFO - Setting next_dagrun for competitors_dag to 2025-09-20T00:00:00+00:00, run_after=2025-09-21T00:00:00+00:00
[2025-09-20T10:59:14.495+0200] {processor.py:179} INFO - Processing /opt/airflow/dags/dag_competitors.py took 0.077 seconds
[2025-09-20T10:59:44.909+0200] {processor.py:157} INFO - Started process (PID=2428) to work on /opt/airflow/dags/dag_competitors.py
[2025-09-20T10:59:44.910+0200] {processor.py:826} INFO - Processing file /opt/airflow/dags/dag_competitors.py for tasks to queue
[2025-09-20T10:59:44.911+0200] {logging_mixin.py:150} INFO - [2025-09-20T10:59:44.911+0200] {dagbag.py:541} INFO - Filling up the DagBag from /opt/airflow/dags/dag_competitors.py
[2025-09-20T10:59:44.922+0200] {processor.py:836} INFO - DAG(s) dict_keys(['competitors_dag']) retrieved from /opt/airflow/dags/dag_competitors.py
[2025-09-20T10:59:44.949+0200] {logging_mixin.py:150} INFO - [2025-09-20T10:59:44.948+0200] {dag.py:2742} INFO - Sync 1 DAGs
[2025-09-20T10:59:44.968+0200] {logging_mixin.py:150} INFO - [2025-09-20T10:59:44.968+0200] {dag.py:3508} INFO - Setting next_dagrun for competitors_dag to 2025-09-20T00:00:00+00:00, run_after=2025-09-21T00:00:00+00:00
[2025-09-20T10:59:44.979+0200] {processor.py:179} INFO - Processing /opt/airflow/dags/dag_competitors.py took 0.073 seconds
[2025-09-20T11:00:15.432+0200] {processor.py:157} INFO - Started process (PID=2458) to work on /opt/airflow/dags/dag_competitors.py
[2025-09-20T11:00:15.433+0200] {processor.py:826} INFO - Processing file /opt/airflow/dags/dag_competitors.py for tasks to queue
[2025-09-20T11:00:15.434+0200] {logging_mixin.py:150} INFO - [2025-09-20T11:00:15.433+0200] {dagbag.py:541} INFO - Filling up the DagBag from /opt/airflow/dags/dag_competitors.py
[2025-09-20T11:00:15.448+0200] {processor.py:836} INFO - DAG(s) dict_keys(['competitors_dag']) retrieved from /opt/airflow/dags/dag_competitors.py
[2025-09-20T11:00:15.476+0200] {logging_mixin.py:150} INFO - [2025-09-20T11:00:15.476+0200] {dag.py:2742} INFO - Sync 1 DAGs
[2025-09-20T11:00:15.498+0200] {logging_mixin.py:150} INFO - [2025-09-20T11:00:15.498+0200] {dag.py:3508} INFO - Setting next_dagrun for competitors_dag to 2025-09-20T00:00:00+00:00, run_after=2025-09-21T00:00:00+00:00
[2025-09-20T11:00:15.512+0200] {processor.py:179} INFO - Processing /opt/airflow/dags/dag_competitors.py took 0.083 seconds
[2025-09-20T11:00:45.983+0200] {processor.py:157} INFO - Started process (PID=2488) to work on /opt/airflow/dags/dag_competitors.py
[2025-09-20T11:00:45.984+0200] {processor.py:826} INFO - Processing file /opt/airflow/dags/dag_competitors.py for tasks to queue
[2025-09-20T11:00:45.985+0200] {logging_mixin.py:150} INFO - [2025-09-20T11:00:45.985+0200] {dagbag.py:541} INFO - Filling up the DagBag from /opt/airflow/dags/dag_competitors.py
[2025-09-20T11:00:45.997+0200] {processor.py:836} INFO - DAG(s) dict_keys(['competitors_dag']) retrieved from /opt/airflow/dags/dag_competitors.py
[2025-09-20T11:00:46.024+0200] {logging_mixin.py:150} INFO - [2025-09-20T11:00:46.024+0200] {dag.py:2742} INFO - Sync 1 DAGs
[2025-09-20T11:00:46.046+0200] {logging_mixin.py:150} INFO - [2025-09-20T11:00:46.046+0200] {dag.py:3508} INFO - Setting next_dagrun for competitors_dag to 2025-09-20T00:00:00+00:00, run_after=2025-09-21T00:00:00+00:00
[2025-09-20T11:00:46.061+0200] {processor.py:179} INFO - Processing /opt/airflow/dags/dag_competitors.py took 0.082 seconds
[2025-09-20T11:01:16.492+0200] {processor.py:157} INFO - Started process (PID=2518) to work on /opt/airflow/dags/dag_competitors.py
[2025-09-20T11:01:16.493+0200] {processor.py:826} INFO - Processing file /opt/airflow/dags/dag_competitors.py for tasks to queue
[2025-09-20T11:01:16.494+0200] {logging_mixin.py:150} INFO - [2025-09-20T11:01:16.494+0200] {dagbag.py:541} INFO - Filling up the DagBag from /opt/airflow/dags/dag_competitors.py
[2025-09-20T11:01:16.505+0200] {processor.py:836} INFO - DAG(s) dict_keys(['competitors_dag']) retrieved from /opt/airflow/dags/dag_competitors.py
[2025-09-20T11:01:16.534+0200] {logging_mixin.py:150} INFO - [2025-09-20T11:01:16.533+0200] {dag.py:2742} INFO - Sync 1 DAGs
[2025-09-20T11:01:16.557+0200] {logging_mixin.py:150} INFO - [2025-09-20T11:01:16.556+0200] {dag.py:3508} INFO - Setting next_dagrun for competitors_dag to 2025-09-20T00:00:00+00:00, run_after=2025-09-21T00:00:00+00:00
[2025-09-20T11:01:16.569+0200] {processor.py:179} INFO - Processing /opt/airflow/dags/dag_competitors.py took 0.081 seconds
[2025-09-20T11:01:47.013+0200] {processor.py:157} INFO - Started process (PID=2548) to work on /opt/airflow/dags/dag_competitors.py
[2025-09-20T11:01:47.014+0200] {processor.py:826} INFO - Processing file /opt/airflow/dags/dag_competitors.py for tasks to queue
[2025-09-20T11:01:47.015+0200] {logging_mixin.py:150} INFO - [2025-09-20T11:01:47.015+0200] {dagbag.py:541} INFO - Filling up the DagBag from /opt/airflow/dags/dag_competitors.py
[2025-09-20T11:01:47.026+0200] {processor.py:836} INFO - DAG(s) dict_keys(['competitors_dag']) retrieved from /opt/airflow/dags/dag_competitors.py
[2025-09-20T11:01:47.053+0200] {logging_mixin.py:150} INFO - [2025-09-20T11:01:47.053+0200] {dag.py:2742} INFO - Sync 1 DAGs
[2025-09-20T11:01:47.076+0200] {logging_mixin.py:150} INFO - [2025-09-20T11:01:47.076+0200] {dag.py:3508} INFO - Setting next_dagrun for competitors_dag to 2025-09-20T00:00:00+00:00, run_after=2025-09-21T00:00:00+00:00
[2025-09-20T11:01:47.090+0200] {processor.py:179} INFO - Processing /opt/airflow/dags/dag_competitors.py took 0.079 seconds
[2025-09-20T11:02:17.428+0200] {processor.py:157} INFO - Started process (PID=2578) to work on /opt/airflow/dags/dag_competitors.py
[2025-09-20T11:02:17.429+0200] {processor.py:826} INFO - Processing file /opt/airflow/dags/dag_competitors.py for tasks to queue
[2025-09-20T11:02:17.430+0200] {logging_mixin.py:150} INFO - [2025-09-20T11:02:17.429+0200] {dagbag.py:541} INFO - Filling up the DagBag from /opt/airflow/dags/dag_competitors.py
[2025-09-20T11:02:17.440+0200] {processor.py:836} INFO - DAG(s) dict_keys(['competitors_dag']) retrieved from /opt/airflow/dags/dag_competitors.py
[2025-09-20T11:02:17.468+0200] {logging_mixin.py:150} INFO - [2025-09-20T11:02:17.467+0200] {dag.py:2742} INFO - Sync 1 DAGs
[2025-09-20T11:02:17.490+0200] {logging_mixin.py:150} INFO - [2025-09-20T11:02:17.490+0200] {dag.py:3508} INFO - Setting next_dagrun for competitors_dag to 2025-09-20T00:00:00+00:00, run_after=2025-09-21T00:00:00+00:00
[2025-09-20T11:02:17.503+0200] {processor.py:179} INFO - Processing /opt/airflow/dags/dag_competitors.py took 0.078 seconds
[2025-09-20T11:02:47.973+0200] {processor.py:157} INFO - Started process (PID=2608) to work on /opt/airflow/dags/dag_competitors.py
[2025-09-20T11:02:47.975+0200] {processor.py:826} INFO - Processing file /opt/airflow/dags/dag_competitors.py for tasks to queue
[2025-09-20T11:02:47.976+0200] {logging_mixin.py:150} INFO - [2025-09-20T11:02:47.975+0200] {dagbag.py:541} INFO - Filling up the DagBag from /opt/airflow/dags/dag_competitors.py
[2025-09-20T11:02:47.991+0200] {processor.py:836} INFO - DAG(s) dict_keys(['competitors_dag']) retrieved from /opt/airflow/dags/dag_competitors.py
[2025-09-20T11:02:48.038+0200] {logging_mixin.py:150} INFO - [2025-09-20T11:02:48.038+0200] {dag.py:2742} INFO - Sync 1 DAGs
[2025-09-20T11:02:48.071+0200] {logging_mixin.py:150} INFO - [2025-09-20T11:02:48.071+0200] {dag.py:3508} INFO - Setting next_dagrun for competitors_dag to 2025-09-20T00:00:00+00:00, run_after=2025-09-21T00:00:00+00:00
[2025-09-20T11:02:48.100+0200] {processor.py:179} INFO - Processing /opt/airflow/dags/dag_competitors.py took 0.131 seconds
[2025-09-20T11:03:18.630+0200] {processor.py:157} INFO - Started process (PID=2638) to work on /opt/airflow/dags/dag_competitors.py
[2025-09-20T11:03:18.631+0200] {processor.py:826} INFO - Processing file /opt/airflow/dags/dag_competitors.py for tasks to queue
[2025-09-20T11:03:18.631+0200] {logging_mixin.py:150} INFO - [2025-09-20T11:03:18.631+0200] {dagbag.py:541} INFO - Filling up the DagBag from /opt/airflow/dags/dag_competitors.py
[2025-09-20T11:03:18.642+0200] {processor.py:836} INFO - DAG(s) dict_keys(['competitors_dag']) retrieved from /opt/airflow/dags/dag_competitors.py
[2025-09-20T11:03:18.668+0200] {logging_mixin.py:150} INFO - [2025-09-20T11:03:18.668+0200] {dag.py:2742} INFO - Sync 1 DAGs
[2025-09-20T11:03:18.692+0200] {logging_mixin.py:150} INFO - [2025-09-20T11:03:18.691+0200] {dag.py:3508} INFO - Setting next_dagrun for competitors_dag to 2025-09-20T00:00:00+00:00, run_after=2025-09-21T00:00:00+00:00
[2025-09-20T11:03:18.705+0200] {processor.py:179} INFO - Processing /opt/airflow/dags/dag_competitors.py took 0.079 seconds
[2025-09-20T11:03:49.116+0200] {processor.py:157} INFO - Started process (PID=2668) to work on /opt/airflow/dags/dag_competitors.py
[2025-09-20T11:03:49.117+0200] {processor.py:826} INFO - Processing file /opt/airflow/dags/dag_competitors.py for tasks to queue
[2025-09-20T11:03:49.118+0200] {logging_mixin.py:150} INFO - [2025-09-20T11:03:49.118+0200] {dagbag.py:541} INFO - Filling up the DagBag from /opt/airflow/dags/dag_competitors.py
[2025-09-20T11:03:49.130+0200] {processor.py:836} INFO - DAG(s) dict_keys(['competitors_dag']) retrieved from /opt/airflow/dags/dag_competitors.py
[2025-09-20T11:03:49.160+0200] {logging_mixin.py:150} INFO - [2025-09-20T11:03:49.159+0200] {dag.py:2742} INFO - Sync 1 DAGs
[2025-09-20T11:03:49.183+0200] {logging_mixin.py:150} INFO - [2025-09-20T11:03:49.183+0200] {dag.py:3508} INFO - Setting next_dagrun for competitors_dag to 2025-09-20T00:00:00+00:00, run_after=2025-09-21T00:00:00+00:00
[2025-09-20T11:03:49.197+0200] {processor.py:179} INFO - Processing /opt/airflow/dags/dag_competitors.py took 0.084 seconds
[2025-09-20T11:04:19.592+0200] {processor.py:157} INFO - Started process (PID=2698) to work on /opt/airflow/dags/dag_competitors.py
[2025-09-20T11:04:19.593+0200] {processor.py:826} INFO - Processing file /opt/airflow/dags/dag_competitors.py for tasks to queue
[2025-09-20T11:04:19.593+0200] {logging_mixin.py:150} INFO - [2025-09-20T11:04:19.593+0200] {dagbag.py:541} INFO - Filling up the DagBag from /opt/airflow/dags/dag_competitors.py
[2025-09-20T11:04:19.608+0200] {processor.py:836} INFO - DAG(s) dict_keys(['competitors_dag']) retrieved from /opt/airflow/dags/dag_competitors.py
[2025-09-20T11:04:19.630+0200] {logging_mixin.py:150} INFO - [2025-09-20T11:04:19.630+0200] {dag.py:2742} INFO - Sync 1 DAGs
[2025-09-20T11:04:19.651+0200] {logging_mixin.py:150} INFO - [2025-09-20T11:04:19.651+0200] {dag.py:3508} INFO - Setting next_dagrun for competitors_dag to 2025-09-20T00:00:00+00:00, run_after=2025-09-21T00:00:00+00:00
[2025-09-20T11:04:19.663+0200] {processor.py:179} INFO - Processing /opt/airflow/dags/dag_competitors.py took 0.074 seconds
[2025-09-20T11:04:50.114+0200] {processor.py:157} INFO - Started process (PID=2728) to work on /opt/airflow/dags/dag_competitors.py
[2025-09-20T11:04:50.115+0200] {processor.py:826} INFO - Processing file /opt/airflow/dags/dag_competitors.py for tasks to queue
[2025-09-20T11:04:50.116+0200] {logging_mixin.py:150} INFO - [2025-09-20T11:04:50.115+0200] {dagbag.py:541} INFO - Filling up the DagBag from /opt/airflow/dags/dag_competitors.py
[2025-09-20T11:04:50.127+0200] {processor.py:836} INFO - DAG(s) dict_keys(['competitors_dag']) retrieved from /opt/airflow/dags/dag_competitors.py
[2025-09-20T11:04:50.158+0200] {logging_mixin.py:150} INFO - [2025-09-20T11:04:50.157+0200] {dag.py:2742} INFO - Sync 1 DAGs
[2025-09-20T11:04:50.184+0200] {logging_mixin.py:150} INFO - [2025-09-20T11:04:50.184+0200] {dag.py:3508} INFO - Setting next_dagrun for competitors_dag to 2025-09-20T00:00:00+00:00, run_after=2025-09-21T00:00:00+00:00
[2025-09-20T11:04:50.203+0200] {processor.py:179} INFO - Processing /opt/airflow/dags/dag_competitors.py took 0.092 seconds
[2025-09-20T11:05:20.581+0200] {processor.py:157} INFO - Started process (PID=2758) to work on /opt/airflow/dags/dag_competitors.py
[2025-09-20T11:05:20.583+0200] {processor.py:826} INFO - Processing file /opt/airflow/dags/dag_competitors.py for tasks to queue
[2025-09-20T11:05:20.584+0200] {logging_mixin.py:150} INFO - [2025-09-20T11:05:20.583+0200] {dagbag.py:541} INFO - Filling up the DagBag from /opt/airflow/dags/dag_competitors.py
[2025-09-20T11:05:20.596+0200] {processor.py:836} INFO - DAG(s) dict_keys(['competitors_dag']) retrieved from /opt/airflow/dags/dag_competitors.py
[2025-09-20T11:05:20.628+0200] {logging_mixin.py:150} INFO - [2025-09-20T11:05:20.628+0200] {dag.py:2742} INFO - Sync 1 DAGs
[2025-09-20T11:05:20.651+0200] {logging_mixin.py:150} INFO - [2025-09-20T11:05:20.651+0200] {dag.py:3508} INFO - Setting next_dagrun for competitors_dag to 2025-09-20T00:00:00+00:00, run_after=2025-09-21T00:00:00+00:00
[2025-09-20T11:05:20.665+0200] {processor.py:179} INFO - Processing /opt/airflow/dags/dag_competitors.py took 0.087 seconds
[2025-09-20T11:05:51.113+0200] {processor.py:157} INFO - Started process (PID=2788) to work on /opt/airflow/dags/dag_competitors.py
[2025-09-20T11:05:51.115+0200] {processor.py:826} INFO - Processing file /opt/airflow/dags/dag_competitors.py for tasks to queue
[2025-09-20T11:05:51.117+0200] {logging_mixin.py:150} INFO - [2025-09-20T11:05:51.117+0200] {dagbag.py:541} INFO - Filling up the DagBag from /opt/airflow/dags/dag_competitors.py
[2025-09-20T11:05:51.127+0200] {processor.py:836} INFO - DAG(s) dict_keys(['competitors_dag']) retrieved from /opt/airflow/dags/dag_competitors.py
[2025-09-20T11:05:51.153+0200] {logging_mixin.py:150} INFO - [2025-09-20T11:05:51.153+0200] {dag.py:2742} INFO - Sync 1 DAGs
[2025-09-20T11:05:51.174+0200] {logging_mixin.py:150} INFO - [2025-09-20T11:05:51.174+0200] {dag.py:3508} INFO - Setting next_dagrun for competitors_dag to 2025-09-20T00:00:00+00:00, run_after=2025-09-21T00:00:00+00:00
[2025-09-20T11:05:51.186+0200] {processor.py:179} INFO - Processing /opt/airflow/dags/dag_competitors.py took 0.077 seconds
[2025-09-20T11:06:21.606+0200] {processor.py:157} INFO - Started process (PID=2818) to work on /opt/airflow/dags/dag_competitors.py
[2025-09-20T11:06:21.607+0200] {processor.py:826} INFO - Processing file /opt/airflow/dags/dag_competitors.py for tasks to queue
[2025-09-20T11:06:21.607+0200] {logging_mixin.py:150} INFO - [2025-09-20T11:06:21.607+0200] {dagbag.py:541} INFO - Filling up the DagBag from /opt/airflow/dags/dag_competitors.py
[2025-09-20T11:06:21.619+0200] {processor.py:836} INFO - DAG(s) dict_keys(['competitors_dag']) retrieved from /opt/airflow/dags/dag_competitors.py
[2025-09-20T11:06:21.647+0200] {logging_mixin.py:150} INFO - [2025-09-20T11:06:21.647+0200] {dag.py:2742} INFO - Sync 1 DAGs
[2025-09-20T11:06:21.670+0200] {logging_mixin.py:150} INFO - [2025-09-20T11:06:21.670+0200] {dag.py:3508} INFO - Setting next_dagrun for competitors_dag to 2025-09-20T00:00:00+00:00, run_after=2025-09-21T00:00:00+00:00
[2025-09-20T11:06:21.686+0200] {processor.py:179} INFO - Processing /opt/airflow/dags/dag_competitors.py took 0.083 seconds
[2025-09-20T11:06:52.119+0200] {processor.py:157} INFO - Started process (PID=2848) to work on /opt/airflow/dags/dag_competitors.py
[2025-09-20T11:06:52.120+0200] {processor.py:826} INFO - Processing file /opt/airflow/dags/dag_competitors.py for tasks to queue
[2025-09-20T11:06:52.121+0200] {logging_mixin.py:150} INFO - [2025-09-20T11:06:52.121+0200] {dagbag.py:541} INFO - Filling up the DagBag from /opt/airflow/dags/dag_competitors.py
[2025-09-20T11:06:52.134+0200] {processor.py:836} INFO - DAG(s) dict_keys(['competitors_dag']) retrieved from /opt/airflow/dags/dag_competitors.py
[2025-09-20T11:06:52.159+0200] {logging_mixin.py:150} INFO - [2025-09-20T11:06:52.158+0200] {dag.py:2742} INFO - Sync 1 DAGs
[2025-09-20T11:06:52.181+0200] {logging_mixin.py:150} INFO - [2025-09-20T11:06:52.181+0200] {dag.py:3508} INFO - Setting next_dagrun for competitors_dag to 2025-09-20T00:00:00+00:00, run_after=2025-09-21T00:00:00+00:00
[2025-09-20T11:06:52.194+0200] {processor.py:179} INFO - Processing /opt/airflow/dags/dag_competitors.py took 0.079 seconds
[2025-09-20T11:07:22.632+0200] {processor.py:157} INFO - Started process (PID=2878) to work on /opt/airflow/dags/dag_competitors.py
[2025-09-20T11:07:22.633+0200] {processor.py:826} INFO - Processing file /opt/airflow/dags/dag_competitors.py for tasks to queue
[2025-09-20T11:07:22.634+0200] {logging_mixin.py:150} INFO - [2025-09-20T11:07:22.634+0200] {dagbag.py:541} INFO - Filling up the DagBag from /opt/airflow/dags/dag_competitors.py
[2025-09-20T11:07:22.646+0200] {processor.py:836} INFO - DAG(s) dict_keys(['competitors_dag']) retrieved from /opt/airflow/dags/dag_competitors.py
[2025-09-20T11:07:22.676+0200] {logging_mixin.py:150} INFO - [2025-09-20T11:07:22.676+0200] {dag.py:2742} INFO - Sync 1 DAGs
[2025-09-20T11:07:22.699+0200] {logging_mixin.py:150} INFO - [2025-09-20T11:07:22.699+0200] {dag.py:3508} INFO - Setting next_dagrun for competitors_dag to 2025-09-20T00:00:00+00:00, run_after=2025-09-21T00:00:00+00:00
[2025-09-20T11:07:22.712+0200] {processor.py:179} INFO - Processing /opt/airflow/dags/dag_competitors.py took 0.086 seconds
[2025-09-20T11:07:53.131+0200] {processor.py:157} INFO - Started process (PID=2908) to work on /opt/airflow/dags/dag_competitors.py
[2025-09-20T11:07:53.132+0200] {processor.py:826} INFO - Processing file /opt/airflow/dags/dag_competitors.py for tasks to queue
[2025-09-20T11:07:53.133+0200] {logging_mixin.py:150} INFO - [2025-09-20T11:07:53.132+0200] {dagbag.py:541} INFO - Filling up the DagBag from /opt/airflow/dags/dag_competitors.py
[2025-09-20T11:07:53.143+0200] {processor.py:836} INFO - DAG(s) dict_keys(['competitors_dag']) retrieved from /opt/airflow/dags/dag_competitors.py
[2025-09-20T11:07:53.170+0200] {logging_mixin.py:150} INFO - [2025-09-20T11:07:53.170+0200] {dag.py:2742} INFO - Sync 1 DAGs
[2025-09-20T11:07:53.193+0200] {logging_mixin.py:150} INFO - [2025-09-20T11:07:53.193+0200] {dag.py:3508} INFO - Setting next_dagrun for competitors_dag to 2025-09-20T00:00:00+00:00, run_after=2025-09-21T00:00:00+00:00
[2025-09-20T11:07:53.205+0200] {processor.py:179} INFO - Processing /opt/airflow/dags/dag_competitors.py took 0.078 seconds
[2025-09-20T11:08:23.636+0200] {processor.py:157} INFO - Started process (PID=2938) to work on /opt/airflow/dags/dag_competitors.py
[2025-09-20T11:08:23.637+0200] {processor.py:826} INFO - Processing file /opt/airflow/dags/dag_competitors.py for tasks to queue
[2025-09-20T11:08:23.639+0200] {logging_mixin.py:150} INFO - [2025-09-20T11:08:23.638+0200] {dagbag.py:541} INFO - Filling up the DagBag from /opt/airflow/dags/dag_competitors.py
[2025-09-20T11:08:23.651+0200] {processor.py:836} INFO - DAG(s) dict_keys(['competitors_dag']) retrieved from /opt/airflow/dags/dag_competitors.py
[2025-09-20T11:08:23.683+0200] {logging_mixin.py:150} INFO - [2025-09-20T11:08:23.683+0200] {dag.py:2742} INFO - Sync 1 DAGs
[2025-09-20T11:08:23.708+0200] {logging_mixin.py:150} INFO - [2025-09-20T11:08:23.708+0200] {dag.py:3508} INFO - Setting next_dagrun for competitors_dag to 2025-09-20T00:00:00+00:00, run_after=2025-09-21T00:00:00+00:00
[2025-09-20T11:08:23.722+0200] {processor.py:179} INFO - Processing /opt/airflow/dags/dag_competitors.py took 0.090 seconds
[2025-09-20T11:08:54.184+0200] {processor.py:157} INFO - Started process (PID=2968) to work on /opt/airflow/dags/dag_competitors.py
[2025-09-20T11:08:54.186+0200] {processor.py:826} INFO - Processing file /opt/airflow/dags/dag_competitors.py for tasks to queue
[2025-09-20T11:08:54.186+0200] {logging_mixin.py:150} INFO - [2025-09-20T11:08:54.186+0200] {dagbag.py:541} INFO - Filling up the DagBag from /opt/airflow/dags/dag_competitors.py
[2025-09-20T11:08:54.198+0200] {processor.py:836} INFO - DAG(s) dict_keys(['competitors_dag']) retrieved from /opt/airflow/dags/dag_competitors.py
[2025-09-20T11:08:54.225+0200] {logging_mixin.py:150} INFO - [2025-09-20T11:08:54.225+0200] {dag.py:2742} INFO - Sync 1 DAGs
[2025-09-20T11:08:54.247+0200] {logging_mixin.py:150} INFO - [2025-09-20T11:08:54.247+0200] {dag.py:3508} INFO - Setting next_dagrun for competitors_dag to 2025-09-20T00:00:00+00:00, run_after=2025-09-21T00:00:00+00:00
[2025-09-20T11:08:54.262+0200] {processor.py:179} INFO - Processing /opt/airflow/dags/dag_competitors.py took 0.081 seconds
[2025-09-20T11:09:24.665+0200] {processor.py:157} INFO - Started process (PID=2998) to work on /opt/airflow/dags/dag_competitors.py
[2025-09-20T11:09:24.666+0200] {processor.py:826} INFO - Processing file /opt/airflow/dags/dag_competitors.py for tasks to queue
[2025-09-20T11:09:24.667+0200] {logging_mixin.py:150} INFO - [2025-09-20T11:09:24.667+0200] {dagbag.py:541} INFO - Filling up the DagBag from /opt/airflow/dags/dag_competitors.py
[2025-09-20T11:09:24.680+0200] {processor.py:836} INFO - DAG(s) dict_keys(['competitors_dag']) retrieved from /opt/airflow/dags/dag_competitors.py
[2025-09-20T11:09:24.714+0200] {logging_mixin.py:150} INFO - [2025-09-20T11:09:24.714+0200] {dag.py:2742} INFO - Sync 1 DAGs
[2025-09-20T11:09:24.738+0200] {logging_mixin.py:150} INFO - [2025-09-20T11:09:24.738+0200] {dag.py:3508} INFO - Setting next_dagrun for competitors_dag to 2025-09-20T00:00:00+00:00, run_after=2025-09-21T00:00:00+00:00
[2025-09-20T11:09:24.751+0200] {processor.py:179} INFO - Processing /opt/airflow/dags/dag_competitors.py took 0.089 seconds
[2025-09-20T11:09:55.190+0200] {processor.py:157} INFO - Started process (PID=3028) to work on /opt/airflow/dags/dag_competitors.py
[2025-09-20T11:09:55.192+0200] {processor.py:826} INFO - Processing file /opt/airflow/dags/dag_competitors.py for tasks to queue
[2025-09-20T11:09:55.193+0200] {logging_mixin.py:150} INFO - [2025-09-20T11:09:55.193+0200] {dagbag.py:541} INFO - Filling up the DagBag from /opt/airflow/dags/dag_competitors.py
[2025-09-20T11:09:55.205+0200] {processor.py:836} INFO - DAG(s) dict_keys(['competitors_dag']) retrieved from /opt/airflow/dags/dag_competitors.py
[2025-09-20T11:09:55.236+0200] {logging_mixin.py:150} INFO - [2025-09-20T11:09:55.236+0200] {dag.py:2742} INFO - Sync 1 DAGs
[2025-09-20T11:09:55.258+0200] {logging_mixin.py:150} INFO - [2025-09-20T11:09:55.258+0200] {dag.py:3508} INFO - Setting next_dagrun for competitors_dag to 2025-09-20T00:00:00+00:00, run_after=2025-09-21T00:00:00+00:00
[2025-09-20T11:09:55.271+0200] {processor.py:179} INFO - Processing /opt/airflow/dags/dag_competitors.py took 0.085 seconds
