[2025-09-20T10:40:17.725+0200] {processor.py:157} INFO - Started process (PID=1233) to work on /opt/airflow/dags/dag_products.py
[2025-09-20T10:40:17.727+0200] {processor.py:826} INFO - Processing file /opt/airflow/dags/dag_products.py for tasks to queue
[2025-09-20T10:40:17.728+0200] {logging_mixin.py:150} INFO - [2025-09-20T10:40:17.727+0200] {dagbag.py:541} INFO - Filling up the DagBag from /opt/airflow/dags/dag_products.py
[2025-09-20T10:40:17.743+0200] {processor.py:836} INFO - DAG(s) dict_keys(['products_dag']) retrieved from /opt/airflow/dags/dag_products.py
[2025-09-20T10:40:17.851+0200] {logging_mixin.py:150} INFO - [2025-09-20T10:40:17.851+0200] {manager.py:504} INFO - Created Permission View: can delete on DAG:products_dag
[2025-09-20T10:40:17.859+0200] {logging_mixin.py:150} INFO - [2025-09-20T10:40:17.859+0200] {manager.py:504} INFO - Created Permission View: can read on DAG:products_dag
[2025-09-20T10:40:17.866+0200] {logging_mixin.py:150} INFO - [2025-09-20T10:40:17.866+0200] {manager.py:504} INFO - Created Permission View: can edit on DAG:products_dag
[2025-09-20T10:40:17.881+0200] {logging_mixin.py:150} INFO - [2025-09-20T10:40:17.881+0200] {dag.py:2742} INFO - Sync 1 DAGs
[2025-09-20T10:40:17.893+0200] {logging_mixin.py:150} INFO - [2025-09-20T10:40:17.893+0200] {dag.py:2763} INFO - Creating ORM DAG for products_dag
[2025-09-20T10:40:17.903+0200] {logging_mixin.py:150} INFO - [2025-09-20T10:40:17.903+0200] {dag.py:3508} INFO - Setting next_dagrun for products_dag to 2025-09-01T00:00:00+00:00, run_after=2025-09-01T00:00:00+00:00
[2025-09-20T10:40:17.919+0200] {processor.py:179} INFO - Processing /opt/airflow/dags/dag_products.py took 0.196 seconds
[2025-09-20T10:40:48.390+0200] {processor.py:157} INFO - Started process (PID=1263) to work on /opt/airflow/dags/dag_products.py
[2025-09-20T10:40:48.391+0200] {processor.py:826} INFO - Processing file /opt/airflow/dags/dag_products.py for tasks to queue
[2025-09-20T10:40:48.392+0200] {logging_mixin.py:150} INFO - [2025-09-20T10:40:48.392+0200] {dagbag.py:541} INFO - Filling up the DagBag from /opt/airflow/dags/dag_products.py
[2025-09-20T10:40:48.405+0200] {processor.py:836} INFO - DAG(s) dict_keys(['products_dag']) retrieved from /opt/airflow/dags/dag_products.py
[2025-09-20T10:40:48.438+0200] {logging_mixin.py:150} INFO - [2025-09-20T10:40:48.438+0200] {dag.py:2742} INFO - Sync 1 DAGs
[2025-09-20T10:40:48.460+0200] {logging_mixin.py:150} INFO - [2025-09-20T10:40:48.459+0200] {dag.py:3508} INFO - Setting next_dagrun for products_dag to 2025-09-01T00:00:00+00:00, run_after=2025-09-01T00:00:00+00:00
[2025-09-20T10:40:48.476+0200] {processor.py:179} INFO - Processing /opt/airflow/dags/dag_products.py took 0.090 seconds
[2025-09-20T10:41:18.961+0200] {processor.py:157} INFO - Started process (PID=1293) to work on /opt/airflow/dags/dag_products.py
[2025-09-20T10:41:18.962+0200] {processor.py:826} INFO - Processing file /opt/airflow/dags/dag_products.py for tasks to queue
[2025-09-20T10:41:18.963+0200] {logging_mixin.py:150} INFO - [2025-09-20T10:41:18.962+0200] {dagbag.py:541} INFO - Filling up the DagBag from /opt/airflow/dags/dag_products.py
[2025-09-20T10:41:18.979+0200] {processor.py:836} INFO - DAG(s) dict_keys(['products_dag']) retrieved from /opt/airflow/dags/dag_products.py
[2025-09-20T10:41:19.015+0200] {logging_mixin.py:150} INFO - [2025-09-20T10:41:19.015+0200] {dag.py:2742} INFO - Sync 1 DAGs
[2025-09-20T10:41:19.041+0200] {logging_mixin.py:150} INFO - [2025-09-20T10:41:19.041+0200] {dag.py:3508} INFO - Setting next_dagrun for products_dag to 2025-09-01T00:00:00+00:00, run_after=2025-09-01T00:00:00+00:00
[2025-09-20T10:41:19.057+0200] {processor.py:179} INFO - Processing /opt/airflow/dags/dag_products.py took 0.101 seconds
[2025-09-20T10:41:49.455+0200] {processor.py:157} INFO - Started process (PID=1323) to work on /opt/airflow/dags/dag_products.py
[2025-09-20T10:41:49.457+0200] {processor.py:826} INFO - Processing file /opt/airflow/dags/dag_products.py for tasks to queue
[2025-09-20T10:41:49.457+0200] {logging_mixin.py:150} INFO - [2025-09-20T10:41:49.457+0200] {dagbag.py:541} INFO - Filling up the DagBag from /opt/airflow/dags/dag_products.py
[2025-09-20T10:41:49.467+0200] {processor.py:836} INFO - DAG(s) dict_keys(['products_dag']) retrieved from /opt/airflow/dags/dag_products.py
[2025-09-20T10:41:49.493+0200] {logging_mixin.py:150} INFO - [2025-09-20T10:41:49.492+0200] {dag.py:2742} INFO - Sync 1 DAGs
[2025-09-20T10:41:49.513+0200] {logging_mixin.py:150} INFO - [2025-09-20T10:41:49.513+0200] {dag.py:3508} INFO - Setting next_dagrun for products_dag to 2025-09-01T00:00:00+00:00, run_after=2025-09-01T00:00:00+00:00
[2025-09-20T10:41:49.526+0200] {processor.py:179} INFO - Processing /opt/airflow/dags/dag_products.py took 0.075 seconds
[2025-09-20T10:42:19.956+0200] {processor.py:157} INFO - Started process (PID=1353) to work on /opt/airflow/dags/dag_products.py
[2025-09-20T10:42:19.957+0200] {processor.py:826} INFO - Processing file /opt/airflow/dags/dag_products.py for tasks to queue
[2025-09-20T10:42:19.958+0200] {logging_mixin.py:150} INFO - [2025-09-20T10:42:19.957+0200] {dagbag.py:541} INFO - Filling up the DagBag from /opt/airflow/dags/dag_products.py
[2025-09-20T10:42:19.973+0200] {processor.py:836} INFO - DAG(s) dict_keys(['products_dag']) retrieved from /opt/airflow/dags/dag_products.py
[2025-09-20T10:42:20.004+0200] {logging_mixin.py:150} INFO - [2025-09-20T10:42:20.004+0200] {dag.py:2742} INFO - Sync 1 DAGs
[2025-09-20T10:42:20.025+0200] {logging_mixin.py:150} INFO - [2025-09-20T10:42:20.025+0200] {dag.py:3508} INFO - Setting next_dagrun for products_dag to 2025-09-01T00:00:00+00:00, run_after=2025-09-01T00:00:00+00:00
[2025-09-20T10:42:20.040+0200] {processor.py:179} INFO - Processing /opt/airflow/dags/dag_products.py took 0.089 seconds
[2025-09-20T10:42:50.494+0200] {processor.py:157} INFO - Started process (PID=1383) to work on /opt/airflow/dags/dag_products.py
[2025-09-20T10:42:50.495+0200] {processor.py:826} INFO - Processing file /opt/airflow/dags/dag_products.py for tasks to queue
[2025-09-20T10:42:50.496+0200] {logging_mixin.py:150} INFO - [2025-09-20T10:42:50.496+0200] {dagbag.py:541} INFO - Filling up the DagBag from /opt/airflow/dags/dag_products.py
[2025-09-20T10:42:50.507+0200] {processor.py:836} INFO - DAG(s) dict_keys(['products_dag']) retrieved from /opt/airflow/dags/dag_products.py
[2025-09-20T10:42:50.545+0200] {logging_mixin.py:150} INFO - [2025-09-20T10:42:50.545+0200] {dag.py:2742} INFO - Sync 1 DAGs
[2025-09-20T10:42:50.569+0200] {logging_mixin.py:150} INFO - [2025-09-20T10:42:50.569+0200] {dag.py:3508} INFO - Setting next_dagrun for products_dag to 2025-09-01T00:00:00+00:00, run_after=2025-09-01T00:00:00+00:00
[2025-09-20T10:42:50.587+0200] {processor.py:179} INFO - Processing /opt/airflow/dags/dag_products.py took 0.098 seconds
[2025-09-20T10:43:21.086+0200] {processor.py:157} INFO - Started process (PID=1413) to work on /opt/airflow/dags/dag_products.py
[2025-09-20T10:43:21.087+0200] {processor.py:826} INFO - Processing file /opt/airflow/dags/dag_products.py for tasks to queue
[2025-09-20T10:43:21.088+0200] {logging_mixin.py:150} INFO - [2025-09-20T10:43:21.087+0200] {dagbag.py:541} INFO - Filling up the DagBag from /opt/airflow/dags/dag_products.py
[2025-09-20T10:43:21.106+0200] {processor.py:836} INFO - DAG(s) dict_keys(['products_dag']) retrieved from /opt/airflow/dags/dag_products.py
[2025-09-20T10:43:21.165+0200] {logging_mixin.py:150} INFO - [2025-09-20T10:43:21.165+0200] {dag.py:2742} INFO - Sync 1 DAGs
[2025-09-20T10:43:21.190+0200] {logging_mixin.py:150} INFO - [2025-09-20T10:43:21.190+0200] {dag.py:3508} INFO - Setting next_dagrun for products_dag to 2025-09-01T00:00:00+00:00, run_after=2025-09-01T00:00:00+00:00
[2025-09-20T10:43:21.209+0200] {processor.py:179} INFO - Processing /opt/airflow/dags/dag_products.py took 0.127 seconds
[2025-09-20T10:43:51.686+0200] {processor.py:157} INFO - Started process (PID=1443) to work on /opt/airflow/dags/dag_products.py
[2025-09-20T10:43:51.688+0200] {processor.py:826} INFO - Processing file /opt/airflow/dags/dag_products.py for tasks to queue
[2025-09-20T10:43:51.688+0200] {logging_mixin.py:150} INFO - [2025-09-20T10:43:51.688+0200] {dagbag.py:541} INFO - Filling up the DagBag from /opt/airflow/dags/dag_products.py
[2025-09-20T10:43:51.706+0200] {processor.py:836} INFO - DAG(s) dict_keys(['products_dag']) retrieved from /opt/airflow/dags/dag_products.py
[2025-09-20T10:43:51.743+0200] {logging_mixin.py:150} INFO - [2025-09-20T10:43:51.742+0200] {dag.py:2742} INFO - Sync 1 DAGs
[2025-09-20T10:43:51.771+0200] {logging_mixin.py:150} INFO - [2025-09-20T10:43:51.771+0200] {dag.py:3508} INFO - Setting next_dagrun for products_dag to 2025-09-01T00:00:00+00:00, run_after=2025-09-01T00:00:00+00:00
[2025-09-20T10:43:51.790+0200] {processor.py:179} INFO - Processing /opt/airflow/dags/dag_products.py took 0.109 seconds
[2025-09-20T10:44:22.317+0200] {processor.py:157} INFO - Started process (PID=1481) to work on /opt/airflow/dags/dag_products.py
[2025-09-20T10:44:22.319+0200] {processor.py:826} INFO - Processing file /opt/airflow/dags/dag_products.py for tasks to queue
[2025-09-20T10:44:22.319+0200] {logging_mixin.py:150} INFO - [2025-09-20T10:44:22.319+0200] {dagbag.py:541} INFO - Filling up the DagBag from /opt/airflow/dags/dag_products.py
[2025-09-20T10:44:22.331+0200] {processor.py:836} INFO - DAG(s) dict_keys(['products_dag']) retrieved from /opt/airflow/dags/dag_products.py
[2025-09-20T10:44:22.370+0200] {logging_mixin.py:150} INFO - [2025-09-20T10:44:22.370+0200] {dag.py:2742} INFO - Sync 1 DAGs
[2025-09-20T10:44:22.403+0200] {logging_mixin.py:150} INFO - [2025-09-20T10:44:22.403+0200] {dag.py:3508} INFO - Setting next_dagrun for products_dag to None, run_after=None
[2025-09-20T10:44:22.421+0200] {processor.py:179} INFO - Processing /opt/airflow/dags/dag_products.py took 0.107 seconds
[2025-09-20T10:44:52.950+0200] {processor.py:157} INFO - Started process (PID=1513) to work on /opt/airflow/dags/dag_products.py
[2025-09-20T10:44:52.953+0200] {processor.py:826} INFO - Processing file /opt/airflow/dags/dag_products.py for tasks to queue
[2025-09-20T10:44:52.956+0200] {logging_mixin.py:150} INFO - [2025-09-20T10:44:52.955+0200] {dagbag.py:541} INFO - Filling up the DagBag from /opt/airflow/dags/dag_products.py
[2025-09-20T10:44:52.990+0200] {processor.py:836} INFO - DAG(s) dict_keys(['products_dag']) retrieved from /opt/airflow/dags/dag_products.py
[2025-09-20T10:44:53.048+0200] {logging_mixin.py:150} INFO - [2025-09-20T10:44:53.047+0200] {dag.py:2742} INFO - Sync 1 DAGs
[2025-09-20T10:44:53.082+0200] {logging_mixin.py:150} INFO - [2025-09-20T10:44:53.082+0200] {dag.py:3508} INFO - Setting next_dagrun for products_dag to None, run_after=None
[2025-09-20T10:44:53.101+0200] {processor.py:179} INFO - Processing /opt/airflow/dags/dag_products.py took 0.157 seconds
[2025-09-20T10:45:23.534+0200] {processor.py:157} INFO - Started process (PID=1543) to work on /opt/airflow/dags/dag_products.py
[2025-09-20T10:45:23.536+0200] {processor.py:826} INFO - Processing file /opt/airflow/dags/dag_products.py for tasks to queue
[2025-09-20T10:45:23.538+0200] {logging_mixin.py:150} INFO - [2025-09-20T10:45:23.538+0200] {dagbag.py:541} INFO - Filling up the DagBag from /opt/airflow/dags/dag_products.py
[2025-09-20T10:45:23.558+0200] {processor.py:836} INFO - DAG(s) dict_keys(['products_dag']) retrieved from /opt/airflow/dags/dag_products.py
[2025-09-20T10:45:23.599+0200] {logging_mixin.py:150} INFO - [2025-09-20T10:45:23.598+0200] {dag.py:2742} INFO - Sync 1 DAGs
[2025-09-20T10:45:23.628+0200] {logging_mixin.py:150} INFO - [2025-09-20T10:45:23.628+0200] {dag.py:3508} INFO - Setting next_dagrun for products_dag to None, run_after=None
[2025-09-20T10:45:23.647+0200] {processor.py:179} INFO - Processing /opt/airflow/dags/dag_products.py took 0.125 seconds
[2025-09-20T10:45:54.098+0200] {processor.py:157} INFO - Started process (PID=1578) to work on /opt/airflow/dags/dag_products.py
[2025-09-20T10:45:54.101+0200] {processor.py:826} INFO - Processing file /opt/airflow/dags/dag_products.py for tasks to queue
[2025-09-20T10:45:54.102+0200] {logging_mixin.py:150} INFO - [2025-09-20T10:45:54.102+0200] {dagbag.py:541} INFO - Filling up the DagBag from /opt/airflow/dags/dag_products.py
[2025-09-20T10:45:54.119+0200] {processor.py:836} INFO - DAG(s) dict_keys(['products_dag']) retrieved from /opt/airflow/dags/dag_products.py
[2025-09-20T10:45:54.155+0200] {logging_mixin.py:150} INFO - [2025-09-20T10:45:54.155+0200] {dag.py:2742} INFO - Sync 1 DAGs
[2025-09-20T10:45:54.181+0200] {logging_mixin.py:150} INFO - [2025-09-20T10:45:54.181+0200] {dag.py:3508} INFO - Setting next_dagrun for products_dag to None, run_after=None
[2025-09-20T10:45:54.198+0200] {processor.py:179} INFO - Processing /opt/airflow/dags/dag_products.py took 0.105 seconds
[2025-09-20T10:46:18.598+0200] {processor.py:157} INFO - Started process (PID=1608) to work on /opt/airflow/dags/dag_products.py
[2025-09-20T10:46:18.598+0200] {processor.py:826} INFO - Processing file /opt/airflow/dags/dag_products.py for tasks to queue
[2025-09-20T10:46:18.599+0200] {logging_mixin.py:150} INFO - [2025-09-20T10:46:18.599+0200] {dagbag.py:541} INFO - Filling up the DagBag from /opt/airflow/dags/dag_products.py
[2025-09-20T10:46:18.617+0200] {processor.py:836} INFO - DAG(s) dict_keys(['products_dag']) retrieved from /opt/airflow/dags/dag_products.py
[2025-09-20T10:46:18.646+0200] {logging_mixin.py:150} INFO - [2025-09-20T10:46:18.646+0200] {dag.py:2742} INFO - Sync 1 DAGs
[2025-09-20T10:46:18.665+0200] {logging_mixin.py:150} INFO - [2025-09-20T10:46:18.665+0200] {dag.py:3508} INFO - Setting next_dagrun for products_dag to None, run_after=None
[2025-09-20T10:46:18.680+0200] {processor.py:179} INFO - Processing /opt/airflow/dags/dag_products.py took 0.086 seconds
[2025-09-20T10:46:49.179+0200] {processor.py:157} INFO - Started process (PID=1648) to work on /opt/airflow/dags/dag_products.py
[2025-09-20T10:46:49.180+0200] {processor.py:826} INFO - Processing file /opt/airflow/dags/dag_products.py for tasks to queue
[2025-09-20T10:46:49.181+0200] {logging_mixin.py:150} INFO - [2025-09-20T10:46:49.181+0200] {dagbag.py:541} INFO - Filling up the DagBag from /opt/airflow/dags/dag_products.py
[2025-09-20T10:46:49.191+0200] {processor.py:836} INFO - DAG(s) dict_keys(['products_dag']) retrieved from /opt/airflow/dags/dag_products.py
[2025-09-20T10:46:49.218+0200] {logging_mixin.py:150} INFO - [2025-09-20T10:46:49.218+0200] {dag.py:2742} INFO - Sync 1 DAGs
[2025-09-20T10:46:49.242+0200] {logging_mixin.py:150} INFO - [2025-09-20T10:46:49.242+0200] {dag.py:3508} INFO - Setting next_dagrun for products_dag to None, run_after=None
[2025-09-20T10:46:49.253+0200] {processor.py:179} INFO - Processing /opt/airflow/dags/dag_products.py took 0.078 seconds
[2025-09-20T10:47:19.700+0200] {processor.py:157} INFO - Started process (PID=1678) to work on /opt/airflow/dags/dag_products.py
[2025-09-20T10:47:19.701+0200] {processor.py:826} INFO - Processing file /opt/airflow/dags/dag_products.py for tasks to queue
[2025-09-20T10:47:19.701+0200] {logging_mixin.py:150} INFO - [2025-09-20T10:47:19.701+0200] {dagbag.py:541} INFO - Filling up the DagBag from /opt/airflow/dags/dag_products.py
[2025-09-20T10:47:19.711+0200] {processor.py:836} INFO - DAG(s) dict_keys(['products_dag']) retrieved from /opt/airflow/dags/dag_products.py
[2025-09-20T10:47:19.739+0200] {logging_mixin.py:150} INFO - [2025-09-20T10:47:19.739+0200] {dag.py:2742} INFO - Sync 1 DAGs
[2025-09-20T10:47:19.762+0200] {logging_mixin.py:150} INFO - [2025-09-20T10:47:19.762+0200] {dag.py:3508} INFO - Setting next_dagrun for products_dag to None, run_after=None
[2025-09-20T10:47:19.774+0200] {processor.py:179} INFO - Processing /opt/airflow/dags/dag_products.py took 0.078 seconds
[2025-09-20T10:47:50.257+0200] {processor.py:157} INFO - Started process (PID=1708) to work on /opt/airflow/dags/dag_products.py
[2025-09-20T10:47:50.259+0200] {processor.py:826} INFO - Processing file /opt/airflow/dags/dag_products.py for tasks to queue
[2025-09-20T10:47:50.260+0200] {logging_mixin.py:150} INFO - [2025-09-20T10:47:50.259+0200] {dagbag.py:541} INFO - Filling up the DagBag from /opt/airflow/dags/dag_products.py
[2025-09-20T10:47:50.273+0200] {processor.py:836} INFO - DAG(s) dict_keys(['products_dag']) retrieved from /opt/airflow/dags/dag_products.py
[2025-09-20T10:47:50.312+0200] {logging_mixin.py:150} INFO - [2025-09-20T10:47:50.312+0200] {dag.py:2742} INFO - Sync 1 DAGs
[2025-09-20T10:47:50.334+0200] {logging_mixin.py:150} INFO - [2025-09-20T10:47:50.333+0200] {dag.py:3508} INFO - Setting next_dagrun for products_dag to None, run_after=None
[2025-09-20T10:47:50.347+0200] {processor.py:179} INFO - Processing /opt/airflow/dags/dag_products.py took 0.095 seconds
[2025-09-20T10:48:20.790+0200] {processor.py:157} INFO - Started process (PID=1738) to work on /opt/airflow/dags/dag_products.py
[2025-09-20T10:48:20.791+0200] {processor.py:826} INFO - Processing file /opt/airflow/dags/dag_products.py for tasks to queue
[2025-09-20T10:48:20.793+0200] {logging_mixin.py:150} INFO - [2025-09-20T10:48:20.793+0200] {dagbag.py:541} INFO - Filling up the DagBag from /opt/airflow/dags/dag_products.py
[2025-09-20T10:48:20.808+0200] {processor.py:836} INFO - DAG(s) dict_keys(['products_dag']) retrieved from /opt/airflow/dags/dag_products.py
[2025-09-20T10:48:20.842+0200] {logging_mixin.py:150} INFO - [2025-09-20T10:48:20.842+0200] {dag.py:2742} INFO - Sync 1 DAGs
[2025-09-20T10:48:20.867+0200] {logging_mixin.py:150} INFO - [2025-09-20T10:48:20.867+0200] {dag.py:3508} INFO - Setting next_dagrun for products_dag to None, run_after=None
[2025-09-20T10:48:20.878+0200] {processor.py:179} INFO - Processing /opt/airflow/dags/dag_products.py took 0.092 seconds
[2025-09-20T10:48:51.296+0200] {processor.py:157} INFO - Started process (PID=1772) to work on /opt/airflow/dags/dag_products.py
[2025-09-20T10:48:51.298+0200] {processor.py:826} INFO - Processing file /opt/airflow/dags/dag_products.py for tasks to queue
[2025-09-20T10:48:51.300+0200] {logging_mixin.py:150} INFO - [2025-09-20T10:48:51.299+0200] {dagbag.py:541} INFO - Filling up the DagBag from /opt/airflow/dags/dag_products.py
[2025-09-20T10:48:51.313+0200] {processor.py:836} INFO - DAG(s) dict_keys(['products_dag']) retrieved from /opt/airflow/dags/dag_products.py
[2025-09-20T10:48:51.348+0200] {logging_mixin.py:150} INFO - [2025-09-20T10:48:51.348+0200] {dag.py:2742} INFO - Sync 1 DAGs
[2025-09-20T10:48:51.382+0200] {logging_mixin.py:150} INFO - [2025-09-20T10:48:51.382+0200] {dag.py:3508} INFO - Setting next_dagrun for products_dag to None, run_after=None
[2025-09-20T10:48:51.397+0200] {processor.py:179} INFO - Processing /opt/airflow/dags/dag_products.py took 0.114 seconds
[2025-09-20T10:49:21.836+0200] {processor.py:157} INFO - Started process (PID=1808) to work on /opt/airflow/dags/dag_products.py
[2025-09-20T10:49:21.837+0200] {processor.py:826} INFO - Processing file /opt/airflow/dags/dag_products.py for tasks to queue
[2025-09-20T10:49:21.839+0200] {logging_mixin.py:150} INFO - [2025-09-20T10:49:21.838+0200] {dagbag.py:541} INFO - Filling up the DagBag from /opt/airflow/dags/dag_products.py
[2025-09-20T10:49:21.855+0200] {processor.py:836} INFO - DAG(s) dict_keys(['products_dag']) retrieved from /opt/airflow/dags/dag_products.py
[2025-09-20T10:49:21.889+0200] {logging_mixin.py:150} INFO - [2025-09-20T10:49:21.889+0200] {dag.py:2742} INFO - Sync 1 DAGs
[2025-09-20T10:49:21.909+0200] {logging_mixin.py:150} INFO - [2025-09-20T10:49:21.909+0200] {dag.py:3508} INFO - Setting next_dagrun for products_dag to None, run_after=None
[2025-09-20T10:49:21.921+0200] {processor.py:179} INFO - Processing /opt/airflow/dags/dag_products.py took 0.090 seconds
[2025-09-20T10:49:52.346+0200] {processor.py:157} INFO - Started process (PID=1838) to work on /opt/airflow/dags/dag_products.py
[2025-09-20T10:49:52.347+0200] {processor.py:826} INFO - Processing file /opt/airflow/dags/dag_products.py for tasks to queue
[2025-09-20T10:49:52.348+0200] {logging_mixin.py:150} INFO - [2025-09-20T10:49:52.348+0200] {dagbag.py:541} INFO - Filling up the DagBag from /opt/airflow/dags/dag_products.py
[2025-09-20T10:49:52.357+0200] {processor.py:836} INFO - DAG(s) dict_keys(['products_dag']) retrieved from /opt/airflow/dags/dag_products.py
[2025-09-20T10:49:52.385+0200] {logging_mixin.py:150} INFO - [2025-09-20T10:49:52.385+0200] {dag.py:2742} INFO - Sync 1 DAGs
[2025-09-20T10:49:52.406+0200] {logging_mixin.py:150} INFO - [2025-09-20T10:49:52.406+0200] {dag.py:3508} INFO - Setting next_dagrun for products_dag to None, run_after=None
[2025-09-20T10:49:52.417+0200] {processor.py:179} INFO - Processing /opt/airflow/dags/dag_products.py took 0.076 seconds
[2025-09-20T10:50:22.896+0200] {processor.py:157} INFO - Started process (PID=1868) to work on /opt/airflow/dags/dag_products.py
[2025-09-20T10:50:22.896+0200] {processor.py:826} INFO - Processing file /opt/airflow/dags/dag_products.py for tasks to queue
[2025-09-20T10:50:22.898+0200] {logging_mixin.py:150} INFO - [2025-09-20T10:50:22.897+0200] {dagbag.py:541} INFO - Filling up the DagBag from /opt/airflow/dags/dag_products.py
[2025-09-20T10:50:22.911+0200] {processor.py:836} INFO - DAG(s) dict_keys(['products_dag']) retrieved from /opt/airflow/dags/dag_products.py
[2025-09-20T10:50:22.943+0200] {logging_mixin.py:150} INFO - [2025-09-20T10:50:22.943+0200] {dag.py:2742} INFO - Sync 1 DAGs
[2025-09-20T10:50:22.964+0200] {logging_mixin.py:150} INFO - [2025-09-20T10:50:22.964+0200] {dag.py:3508} INFO - Setting next_dagrun for products_dag to None, run_after=None
[2025-09-20T10:50:22.979+0200] {processor.py:179} INFO - Processing /opt/airflow/dags/dag_products.py took 0.088 seconds
[2025-09-20T10:50:53.285+0200] {processor.py:157} INFO - Started process (PID=1898) to work on /opt/airflow/dags/dag_products.py
[2025-09-20T10:50:53.287+0200] {processor.py:826} INFO - Processing file /opt/airflow/dags/dag_products.py for tasks to queue
[2025-09-20T10:50:53.288+0200] {logging_mixin.py:150} INFO - [2025-09-20T10:50:53.287+0200] {dagbag.py:541} INFO - Filling up the DagBag from /opt/airflow/dags/dag_products.py
[2025-09-20T10:50:53.298+0200] {processor.py:836} INFO - DAG(s) dict_keys(['products_dag']) retrieved from /opt/airflow/dags/dag_products.py
[2025-09-20T10:50:53.337+0200] {logging_mixin.py:150} INFO - [2025-09-20T10:50:53.337+0200] {dag.py:2742} INFO - Sync 1 DAGs
[2025-09-20T10:50:53.359+0200] {logging_mixin.py:150} INFO - [2025-09-20T10:50:53.359+0200] {dag.py:3508} INFO - Setting next_dagrun for products_dag to None, run_after=None
[2025-09-20T10:50:53.371+0200] {processor.py:179} INFO - Processing /opt/airflow/dags/dag_products.py took 0.089 seconds
[2025-09-20T10:51:23.793+0200] {processor.py:157} INFO - Started process (PID=1928) to work on /opt/airflow/dags/dag_products.py
[2025-09-20T10:51:23.794+0200] {processor.py:826} INFO - Processing file /opt/airflow/dags/dag_products.py for tasks to queue
[2025-09-20T10:51:23.794+0200] {logging_mixin.py:150} INFO - [2025-09-20T10:51:23.794+0200] {dagbag.py:541} INFO - Filling up the DagBag from /opt/airflow/dags/dag_products.py
[2025-09-20T10:51:23.803+0200] {processor.py:836} INFO - DAG(s) dict_keys(['products_dag']) retrieved from /opt/airflow/dags/dag_products.py
[2025-09-20T10:51:23.830+0200] {logging_mixin.py:150} INFO - [2025-09-20T10:51:23.830+0200] {dag.py:2742} INFO - Sync 1 DAGs
[2025-09-20T10:51:23.852+0200] {logging_mixin.py:150} INFO - [2025-09-20T10:51:23.852+0200] {dag.py:3508} INFO - Setting next_dagrun for products_dag to None, run_after=None
[2025-09-20T10:51:23.865+0200] {processor.py:179} INFO - Processing /opt/airflow/dags/dag_products.py took 0.075 seconds
[2025-09-20T10:51:54.250+0200] {processor.py:157} INFO - Started process (PID=1958) to work on /opt/airflow/dags/dag_products.py
[2025-09-20T10:51:54.251+0200] {processor.py:826} INFO - Processing file /opt/airflow/dags/dag_products.py for tasks to queue
[2025-09-20T10:51:54.252+0200] {logging_mixin.py:150} INFO - [2025-09-20T10:51:54.252+0200] {dagbag.py:541} INFO - Filling up the DagBag from /opt/airflow/dags/dag_products.py
[2025-09-20T10:51:54.265+0200] {processor.py:836} INFO - DAG(s) dict_keys(['products_dag']) retrieved from /opt/airflow/dags/dag_products.py
[2025-09-20T10:51:54.294+0200] {logging_mixin.py:150} INFO - [2025-09-20T10:51:54.294+0200] {dag.py:2742} INFO - Sync 1 DAGs
[2025-09-20T10:51:54.316+0200] {logging_mixin.py:150} INFO - [2025-09-20T10:51:54.316+0200] {dag.py:3508} INFO - Setting next_dagrun for products_dag to None, run_after=None
[2025-09-20T10:51:54.329+0200] {processor.py:179} INFO - Processing /opt/airflow/dags/dag_products.py took 0.082 seconds
[2025-09-20T10:52:24.717+0200] {processor.py:157} INFO - Started process (PID=1988) to work on /opt/airflow/dags/dag_products.py
[2025-09-20T10:52:24.717+0200] {processor.py:826} INFO - Processing file /opt/airflow/dags/dag_products.py for tasks to queue
[2025-09-20T10:52:24.718+0200] {logging_mixin.py:150} INFO - [2025-09-20T10:52:24.718+0200] {dagbag.py:541} INFO - Filling up the DagBag from /opt/airflow/dags/dag_products.py
[2025-09-20T10:52:24.728+0200] {processor.py:836} INFO - DAG(s) dict_keys(['products_dag']) retrieved from /opt/airflow/dags/dag_products.py
[2025-09-20T10:52:24.753+0200] {logging_mixin.py:150} INFO - [2025-09-20T10:52:24.753+0200] {dag.py:2742} INFO - Sync 1 DAGs
[2025-09-20T10:52:24.773+0200] {logging_mixin.py:150} INFO - [2025-09-20T10:52:24.773+0200] {dag.py:3508} INFO - Setting next_dagrun for products_dag to None, run_after=None
[2025-09-20T10:52:24.785+0200] {processor.py:179} INFO - Processing /opt/airflow/dags/dag_products.py took 0.071 seconds
[2025-09-20T10:52:55.147+0200] {processor.py:157} INFO - Started process (PID=2018) to work on /opt/airflow/dags/dag_products.py
[2025-09-20T10:52:55.148+0200] {processor.py:826} INFO - Processing file /opt/airflow/dags/dag_products.py for tasks to queue
[2025-09-20T10:52:55.148+0200] {logging_mixin.py:150} INFO - [2025-09-20T10:52:55.148+0200] {dagbag.py:541} INFO - Filling up the DagBag from /opt/airflow/dags/dag_products.py
[2025-09-20T10:52:55.157+0200] {processor.py:836} INFO - DAG(s) dict_keys(['products_dag']) retrieved from /opt/airflow/dags/dag_products.py
[2025-09-20T10:52:55.189+0200] {logging_mixin.py:150} INFO - [2025-09-20T10:52:55.189+0200] {dag.py:2742} INFO - Sync 1 DAGs
[2025-09-20T10:52:55.209+0200] {logging_mixin.py:150} INFO - [2025-09-20T10:52:55.209+0200] {dag.py:3508} INFO - Setting next_dagrun for products_dag to None, run_after=None
[2025-09-20T10:52:55.221+0200] {processor.py:179} INFO - Processing /opt/airflow/dags/dag_products.py took 0.078 seconds
[2025-09-20T10:53:25.614+0200] {processor.py:157} INFO - Started process (PID=2048) to work on /opt/airflow/dags/dag_products.py
[2025-09-20T10:53:25.615+0200] {processor.py:826} INFO - Processing file /opt/airflow/dags/dag_products.py for tasks to queue
[2025-09-20T10:53:25.616+0200] {logging_mixin.py:150} INFO - [2025-09-20T10:53:25.615+0200] {dagbag.py:541} INFO - Filling up the DagBag from /opt/airflow/dags/dag_products.py
[2025-09-20T10:53:25.625+0200] {processor.py:836} INFO - DAG(s) dict_keys(['products_dag']) retrieved from /opt/airflow/dags/dag_products.py
[2025-09-20T10:53:25.649+0200] {logging_mixin.py:150} INFO - [2025-09-20T10:53:25.649+0200] {dag.py:2742} INFO - Sync 1 DAGs
[2025-09-20T10:53:25.669+0200] {logging_mixin.py:150} INFO - [2025-09-20T10:53:25.669+0200] {dag.py:3508} INFO - Setting next_dagrun for products_dag to None, run_after=None
[2025-09-20T10:53:25.680+0200] {processor.py:179} INFO - Processing /opt/airflow/dags/dag_products.py took 0.069 seconds
[2025-09-20T10:53:56.111+0200] {processor.py:157} INFO - Started process (PID=2078) to work on /opt/airflow/dags/dag_products.py
[2025-09-20T10:53:56.112+0200] {processor.py:826} INFO - Processing file /opt/airflow/dags/dag_products.py for tasks to queue
[2025-09-20T10:53:56.113+0200] {logging_mixin.py:150} INFO - [2025-09-20T10:53:56.112+0200] {dagbag.py:541} INFO - Filling up the DagBag from /opt/airflow/dags/dag_products.py
[2025-09-20T10:53:56.125+0200] {processor.py:836} INFO - DAG(s) dict_keys(['products_dag']) retrieved from /opt/airflow/dags/dag_products.py
[2025-09-20T10:53:56.154+0200] {logging_mixin.py:150} INFO - [2025-09-20T10:53:56.154+0200] {dag.py:2742} INFO - Sync 1 DAGs
[2025-09-20T10:53:56.174+0200] {logging_mixin.py:150} INFO - [2025-09-20T10:53:56.174+0200] {dag.py:3508} INFO - Setting next_dagrun for products_dag to None, run_after=None
[2025-09-20T10:53:56.185+0200] {processor.py:179} INFO - Processing /opt/airflow/dags/dag_products.py took 0.079 seconds
[2025-09-20T10:54:26.633+0200] {processor.py:157} INFO - Started process (PID=2108) to work on /opt/airflow/dags/dag_products.py
[2025-09-20T10:54:26.634+0200] {processor.py:826} INFO - Processing file /opt/airflow/dags/dag_products.py for tasks to queue
[2025-09-20T10:54:26.635+0200] {logging_mixin.py:150} INFO - [2025-09-20T10:54:26.635+0200] {dagbag.py:541} INFO - Filling up the DagBag from /opt/airflow/dags/dag_products.py
[2025-09-20T10:54:26.644+0200] {processor.py:836} INFO - DAG(s) dict_keys(['products_dag']) retrieved from /opt/airflow/dags/dag_products.py
[2025-09-20T10:54:26.668+0200] {logging_mixin.py:150} INFO - [2025-09-20T10:54:26.668+0200] {dag.py:2742} INFO - Sync 1 DAGs
[2025-09-20T10:54:26.687+0200] {logging_mixin.py:150} INFO - [2025-09-20T10:54:26.687+0200] {dag.py:3508} INFO - Setting next_dagrun for products_dag to None, run_after=None
[2025-09-20T10:54:26.699+0200] {processor.py:179} INFO - Processing /opt/airflow/dags/dag_products.py took 0.070 seconds
[2025-09-20T10:54:57.137+0200] {processor.py:157} INFO - Started process (PID=2138) to work on /opt/airflow/dags/dag_products.py
[2025-09-20T10:54:57.138+0200] {processor.py:826} INFO - Processing file /opt/airflow/dags/dag_products.py for tasks to queue
[2025-09-20T10:54:57.138+0200] {logging_mixin.py:150} INFO - [2025-09-20T10:54:57.138+0200] {dagbag.py:541} INFO - Filling up the DagBag from /opt/airflow/dags/dag_products.py
[2025-09-20T10:54:57.148+0200] {processor.py:836} INFO - DAG(s) dict_keys(['products_dag']) retrieved from /opt/airflow/dags/dag_products.py
[2025-09-20T10:54:57.173+0200] {logging_mixin.py:150} INFO - [2025-09-20T10:54:57.173+0200] {dag.py:2742} INFO - Sync 1 DAGs
[2025-09-20T10:54:57.193+0200] {logging_mixin.py:150} INFO - [2025-09-20T10:54:57.192+0200] {dag.py:3508} INFO - Setting next_dagrun for products_dag to None, run_after=None
[2025-09-20T10:54:57.204+0200] {processor.py:179} INFO - Processing /opt/airflow/dags/dag_products.py took 0.071 seconds
[2025-09-20T10:55:27.632+0200] {processor.py:157} INFO - Started process (PID=2168) to work on /opt/airflow/dags/dag_products.py
[2025-09-20T10:55:27.633+0200] {processor.py:826} INFO - Processing file /opt/airflow/dags/dag_products.py for tasks to queue
[2025-09-20T10:55:27.634+0200] {logging_mixin.py:150} INFO - [2025-09-20T10:55:27.634+0200] {dagbag.py:541} INFO - Filling up the DagBag from /opt/airflow/dags/dag_products.py
[2025-09-20T10:55:27.649+0200] {processor.py:836} INFO - DAG(s) dict_keys(['products_dag']) retrieved from /opt/airflow/dags/dag_products.py
[2025-09-20T10:55:27.677+0200] {logging_mixin.py:150} INFO - [2025-09-20T10:55:27.677+0200] {dag.py:2742} INFO - Sync 1 DAGs
[2025-09-20T10:55:27.699+0200] {logging_mixin.py:150} INFO - [2025-09-20T10:55:27.699+0200] {dag.py:3508} INFO - Setting next_dagrun for products_dag to None, run_after=None
[2025-09-20T10:55:27.711+0200] {processor.py:179} INFO - Processing /opt/airflow/dags/dag_products.py took 0.085 seconds
[2025-09-20T10:55:58.137+0200] {processor.py:157} INFO - Started process (PID=2198) to work on /opt/airflow/dags/dag_products.py
[2025-09-20T10:55:58.138+0200] {processor.py:826} INFO - Processing file /opt/airflow/dags/dag_products.py for tasks to queue
[2025-09-20T10:55:58.138+0200] {logging_mixin.py:150} INFO - [2025-09-20T10:55:58.138+0200] {dagbag.py:541} INFO - Filling up the DagBag from /opt/airflow/dags/dag_products.py
[2025-09-20T10:55:58.145+0200] {processor.py:836} INFO - DAG(s) dict_keys(['products_dag']) retrieved from /opt/airflow/dags/dag_products.py
[2025-09-20T10:55:58.171+0200] {logging_mixin.py:150} INFO - [2025-09-20T10:55:58.170+0200] {dag.py:2742} INFO - Sync 1 DAGs
[2025-09-20T10:55:58.191+0200] {logging_mixin.py:150} INFO - [2025-09-20T10:55:58.191+0200] {dag.py:3508} INFO - Setting next_dagrun for products_dag to None, run_after=None
[2025-09-20T10:55:58.203+0200] {processor.py:179} INFO - Processing /opt/airflow/dags/dag_products.py took 0.070 seconds
[2025-09-20T10:56:28.661+0200] {processor.py:157} INFO - Started process (PID=2228) to work on /opt/airflow/dags/dag_products.py
[2025-09-20T10:56:28.663+0200] {processor.py:826} INFO - Processing file /opt/airflow/dags/dag_products.py for tasks to queue
[2025-09-20T10:56:28.664+0200] {logging_mixin.py:150} INFO - [2025-09-20T10:56:28.663+0200] {dagbag.py:541} INFO - Filling up the DagBag from /opt/airflow/dags/dag_products.py
[2025-09-20T10:56:28.675+0200] {processor.py:836} INFO - DAG(s) dict_keys(['products_dag']) retrieved from /opt/airflow/dags/dag_products.py
[2025-09-20T10:56:28.704+0200] {logging_mixin.py:150} INFO - [2025-09-20T10:56:28.704+0200] {dag.py:2742} INFO - Sync 1 DAGs
[2025-09-20T10:56:28.722+0200] {logging_mixin.py:150} INFO - [2025-09-20T10:56:28.722+0200] {dag.py:3508} INFO - Setting next_dagrun for products_dag to None, run_after=None
[2025-09-20T10:56:28.733+0200] {processor.py:179} INFO - Processing /opt/airflow/dags/dag_products.py took 0.076 seconds
[2025-09-20T10:56:59.205+0200] {processor.py:157} INFO - Started process (PID=2258) to work on /opt/airflow/dags/dag_products.py
[2025-09-20T10:56:59.206+0200] {processor.py:826} INFO - Processing file /opt/airflow/dags/dag_products.py for tasks to queue
[2025-09-20T10:56:59.208+0200] {logging_mixin.py:150} INFO - [2025-09-20T10:56:59.208+0200] {dagbag.py:541} INFO - Filling up the DagBag from /opt/airflow/dags/dag_products.py
[2025-09-20T10:56:59.222+0200] {processor.py:836} INFO - DAG(s) dict_keys(['products_dag']) retrieved from /opt/airflow/dags/dag_products.py
[2025-09-20T10:56:59.253+0200] {logging_mixin.py:150} INFO - [2025-09-20T10:56:59.253+0200] {dag.py:2742} INFO - Sync 1 DAGs
[2025-09-20T10:56:59.273+0200] {logging_mixin.py:150} INFO - [2025-09-20T10:56:59.272+0200] {dag.py:3508} INFO - Setting next_dagrun for products_dag to None, run_after=None
[2025-09-20T10:56:59.283+0200] {processor.py:179} INFO - Processing /opt/airflow/dags/dag_products.py took 0.084 seconds
[2025-09-20T10:57:29.693+0200] {processor.py:157} INFO - Started process (PID=2288) to work on /opt/airflow/dags/dag_products.py
[2025-09-20T10:57:29.694+0200] {processor.py:826} INFO - Processing file /opt/airflow/dags/dag_products.py for tasks to queue
[2025-09-20T10:57:29.695+0200] {logging_mixin.py:150} INFO - [2025-09-20T10:57:29.695+0200] {dagbag.py:541} INFO - Filling up the DagBag from /opt/airflow/dags/dag_products.py
[2025-09-20T10:57:29.712+0200] {processor.py:836} INFO - DAG(s) dict_keys(['products_dag']) retrieved from /opt/airflow/dags/dag_products.py
[2025-09-20T10:57:29.753+0200] {logging_mixin.py:150} INFO - [2025-09-20T10:57:29.752+0200] {dag.py:2742} INFO - Sync 1 DAGs
[2025-09-20T10:57:29.780+0200] {logging_mixin.py:150} INFO - [2025-09-20T10:57:29.780+0200] {dag.py:3508} INFO - Setting next_dagrun for products_dag to None, run_after=None
[2025-09-20T10:57:29.794+0200] {processor.py:179} INFO - Processing /opt/airflow/dags/dag_products.py took 0.105 seconds
[2025-09-20T10:58:00.171+0200] {processor.py:157} INFO - Started process (PID=2318) to work on /opt/airflow/dags/dag_products.py
[2025-09-20T10:58:00.172+0200] {processor.py:826} INFO - Processing file /opt/airflow/dags/dag_products.py for tasks to queue
[2025-09-20T10:58:00.173+0200] {logging_mixin.py:150} INFO - [2025-09-20T10:58:00.172+0200] {dagbag.py:541} INFO - Filling up the DagBag from /opt/airflow/dags/dag_products.py
[2025-09-20T10:58:00.184+0200] {processor.py:836} INFO - DAG(s) dict_keys(['products_dag']) retrieved from /opt/airflow/dags/dag_products.py
[2025-09-20T10:58:00.211+0200] {logging_mixin.py:150} INFO - [2025-09-20T10:58:00.210+0200] {dag.py:2742} INFO - Sync 1 DAGs
[2025-09-20T10:58:00.229+0200] {logging_mixin.py:150} INFO - [2025-09-20T10:58:00.229+0200] {dag.py:3508} INFO - Setting next_dagrun for products_dag to None, run_after=None
[2025-09-20T10:58:00.240+0200] {processor.py:179} INFO - Processing /opt/airflow/dags/dag_products.py took 0.074 seconds
[2025-09-20T10:58:30.668+0200] {processor.py:157} INFO - Started process (PID=2348) to work on /opt/airflow/dags/dag_products.py
[2025-09-20T10:58:30.670+0200] {processor.py:826} INFO - Processing file /opt/airflow/dags/dag_products.py for tasks to queue
[2025-09-20T10:58:30.671+0200] {logging_mixin.py:150} INFO - [2025-09-20T10:58:30.671+0200] {dagbag.py:541} INFO - Filling up the DagBag from /opt/airflow/dags/dag_products.py
[2025-09-20T10:58:30.681+0200] {processor.py:836} INFO - DAG(s) dict_keys(['products_dag']) retrieved from /opt/airflow/dags/dag_products.py
[2025-09-20T10:58:30.717+0200] {logging_mixin.py:150} INFO - [2025-09-20T10:58:30.716+0200] {dag.py:2742} INFO - Sync 1 DAGs
[2025-09-20T10:58:30.736+0200] {logging_mixin.py:150} INFO - [2025-09-20T10:58:30.736+0200] {dag.py:3508} INFO - Setting next_dagrun for products_dag to None, run_after=None
[2025-09-20T10:58:30.747+0200] {processor.py:179} INFO - Processing /opt/airflow/dags/dag_products.py took 0.083 seconds
[2025-09-20T10:59:01.149+0200] {processor.py:157} INFO - Started process (PID=2378) to work on /opt/airflow/dags/dag_products.py
[2025-09-20T10:59:01.150+0200] {processor.py:826} INFO - Processing file /opt/airflow/dags/dag_products.py for tasks to queue
[2025-09-20T10:59:01.150+0200] {logging_mixin.py:150} INFO - [2025-09-20T10:59:01.150+0200] {dagbag.py:541} INFO - Filling up the DagBag from /opt/airflow/dags/dag_products.py
[2025-09-20T10:59:01.160+0200] {processor.py:836} INFO - DAG(s) dict_keys(['products_dag']) retrieved from /opt/airflow/dags/dag_products.py
[2025-09-20T10:59:01.185+0200] {logging_mixin.py:150} INFO - [2025-09-20T10:59:01.185+0200] {dag.py:2742} INFO - Sync 1 DAGs
[2025-09-20T10:59:01.206+0200] {logging_mixin.py:150} INFO - [2025-09-20T10:59:01.206+0200] {dag.py:3508} INFO - Setting next_dagrun for products_dag to None, run_after=None
[2025-09-20T10:59:01.218+0200] {processor.py:179} INFO - Processing /opt/airflow/dags/dag_products.py took 0.073 seconds
[2025-09-20T10:59:31.652+0200] {processor.py:157} INFO - Started process (PID=2408) to work on /opt/airflow/dags/dag_products.py
[2025-09-20T10:59:31.653+0200] {processor.py:826} INFO - Processing file /opt/airflow/dags/dag_products.py for tasks to queue
[2025-09-20T10:59:31.654+0200] {logging_mixin.py:150} INFO - [2025-09-20T10:59:31.653+0200] {dagbag.py:541} INFO - Filling up the DagBag from /opt/airflow/dags/dag_products.py
[2025-09-20T10:59:31.663+0200] {processor.py:836} INFO - DAG(s) dict_keys(['products_dag']) retrieved from /opt/airflow/dags/dag_products.py
[2025-09-20T10:59:31.693+0200] {logging_mixin.py:150} INFO - [2025-09-20T10:59:31.692+0200] {dag.py:2742} INFO - Sync 1 DAGs
[2025-09-20T10:59:31.711+0200] {logging_mixin.py:150} INFO - [2025-09-20T10:59:31.711+0200] {dag.py:3508} INFO - Setting next_dagrun for products_dag to None, run_after=None
[2025-09-20T10:59:31.722+0200] {processor.py:179} INFO - Processing /opt/airflow/dags/dag_products.py took 0.074 seconds
[2025-09-20T11:00:02.140+0200] {processor.py:157} INFO - Started process (PID=2438) to work on /opt/airflow/dags/dag_products.py
[2025-09-20T11:00:02.141+0200] {processor.py:826} INFO - Processing file /opt/airflow/dags/dag_products.py for tasks to queue
[2025-09-20T11:00:02.143+0200] {logging_mixin.py:150} INFO - [2025-09-20T11:00:02.143+0200] {dagbag.py:541} INFO - Filling up the DagBag from /opt/airflow/dags/dag_products.py
[2025-09-20T11:00:02.160+0200] {processor.py:836} INFO - DAG(s) dict_keys(['products_dag']) retrieved from /opt/airflow/dags/dag_products.py
[2025-09-20T11:00:02.203+0200] {logging_mixin.py:150} INFO - [2025-09-20T11:00:02.203+0200] {dag.py:2742} INFO - Sync 1 DAGs
[2025-09-20T11:00:02.231+0200] {logging_mixin.py:150} INFO - [2025-09-20T11:00:02.231+0200] {dag.py:3508} INFO - Setting next_dagrun for products_dag to None, run_after=None
[2025-09-20T11:00:02.255+0200] {processor.py:179} INFO - Processing /opt/airflow/dags/dag_products.py took 0.119 seconds
[2025-09-20T11:00:32.698+0200] {processor.py:157} INFO - Started process (PID=2468) to work on /opt/airflow/dags/dag_products.py
[2025-09-20T11:00:32.699+0200] {processor.py:826} INFO - Processing file /opt/airflow/dags/dag_products.py for tasks to queue
[2025-09-20T11:00:32.700+0200] {logging_mixin.py:150} INFO - [2025-09-20T11:00:32.699+0200] {dagbag.py:541} INFO - Filling up the DagBag from /opt/airflow/dags/dag_products.py
[2025-09-20T11:00:32.710+0200] {processor.py:836} INFO - DAG(s) dict_keys(['products_dag']) retrieved from /opt/airflow/dags/dag_products.py
[2025-09-20T11:00:32.737+0200] {logging_mixin.py:150} INFO - [2025-09-20T11:00:32.737+0200] {dag.py:2742} INFO - Sync 1 DAGs
[2025-09-20T11:00:32.756+0200] {logging_mixin.py:150} INFO - [2025-09-20T11:00:32.756+0200] {dag.py:3508} INFO - Setting next_dagrun for products_dag to None, run_after=None
[2025-09-20T11:00:32.767+0200] {processor.py:179} INFO - Processing /opt/airflow/dags/dag_products.py took 0.074 seconds
[2025-09-20T11:01:03.227+0200] {processor.py:157} INFO - Started process (PID=2498) to work on /opt/airflow/dags/dag_products.py
[2025-09-20T11:01:03.229+0200] {processor.py:826} INFO - Processing file /opt/airflow/dags/dag_products.py for tasks to queue
[2025-09-20T11:01:03.229+0200] {logging_mixin.py:150} INFO - [2025-09-20T11:01:03.229+0200] {dagbag.py:541} INFO - Filling up the DagBag from /opt/airflow/dags/dag_products.py
[2025-09-20T11:01:03.242+0200] {processor.py:836} INFO - DAG(s) dict_keys(['products_dag']) retrieved from /opt/airflow/dags/dag_products.py
[2025-09-20T11:01:03.274+0200] {logging_mixin.py:150} INFO - [2025-09-20T11:01:03.273+0200] {dag.py:2742} INFO - Sync 1 DAGs
[2025-09-20T11:01:03.292+0200] {logging_mixin.py:150} INFO - [2025-09-20T11:01:03.292+0200] {dag.py:3508} INFO - Setting next_dagrun for products_dag to None, run_after=None
[2025-09-20T11:01:03.304+0200] {processor.py:179} INFO - Processing /opt/airflow/dags/dag_products.py took 0.081 seconds
[2025-09-20T11:01:33.735+0200] {processor.py:157} INFO - Started process (PID=2528) to work on /opt/airflow/dags/dag_products.py
[2025-09-20T11:01:33.737+0200] {processor.py:826} INFO - Processing file /opt/airflow/dags/dag_products.py for tasks to queue
[2025-09-20T11:01:33.738+0200] {logging_mixin.py:150} INFO - [2025-09-20T11:01:33.737+0200] {dagbag.py:541} INFO - Filling up the DagBag from /opt/airflow/dags/dag_products.py
[2025-09-20T11:01:33.751+0200] {processor.py:836} INFO - DAG(s) dict_keys(['products_dag']) retrieved from /opt/airflow/dags/dag_products.py
[2025-09-20T11:01:33.784+0200] {logging_mixin.py:150} INFO - [2025-09-20T11:01:33.784+0200] {dag.py:2742} INFO - Sync 1 DAGs
[2025-09-20T11:01:33.806+0200] {logging_mixin.py:150} INFO - [2025-09-20T11:01:33.805+0200] {dag.py:3508} INFO - Setting next_dagrun for products_dag to None, run_after=None
[2025-09-20T11:01:33.817+0200] {processor.py:179} INFO - Processing /opt/airflow/dags/dag_products.py took 0.087 seconds
[2025-09-20T11:02:04.239+0200] {processor.py:157} INFO - Started process (PID=2558) to work on /opt/airflow/dags/dag_products.py
[2025-09-20T11:02:04.240+0200] {processor.py:826} INFO - Processing file /opt/airflow/dags/dag_products.py for tasks to queue
[2025-09-20T11:02:04.241+0200] {logging_mixin.py:150} INFO - [2025-09-20T11:02:04.241+0200] {dagbag.py:541} INFO - Filling up the DagBag from /opt/airflow/dags/dag_products.py
[2025-09-20T11:02:04.254+0200] {processor.py:836} INFO - DAG(s) dict_keys(['products_dag']) retrieved from /opt/airflow/dags/dag_products.py
[2025-09-20T11:02:04.281+0200] {logging_mixin.py:150} INFO - [2025-09-20T11:02:04.281+0200] {dag.py:2742} INFO - Sync 1 DAGs
[2025-09-20T11:02:04.306+0200] {logging_mixin.py:150} INFO - [2025-09-20T11:02:04.306+0200] {dag.py:3508} INFO - Setting next_dagrun for products_dag to None, run_after=None
[2025-09-20T11:02:04.317+0200] {processor.py:179} INFO - Processing /opt/airflow/dags/dag_products.py took 0.082 seconds
[2025-09-20T11:02:34.670+0200] {processor.py:157} INFO - Started process (PID=2588) to work on /opt/airflow/dags/dag_products.py
[2025-09-20T11:02:34.672+0200] {processor.py:826} INFO - Processing file /opt/airflow/dags/dag_products.py for tasks to queue
[2025-09-20T11:02:34.673+0200] {logging_mixin.py:150} INFO - [2025-09-20T11:02:34.672+0200] {dagbag.py:541} INFO - Filling up the DagBag from /opt/airflow/dags/dag_products.py
[2025-09-20T11:02:34.685+0200] {processor.py:836} INFO - DAG(s) dict_keys(['products_dag']) retrieved from /opt/airflow/dags/dag_products.py
[2025-09-20T11:02:34.721+0200] {logging_mixin.py:150} INFO - [2025-09-20T11:02:34.721+0200] {dag.py:2742} INFO - Sync 1 DAGs
[2025-09-20T11:02:34.741+0200] {logging_mixin.py:150} INFO - [2025-09-20T11:02:34.741+0200] {dag.py:3508} INFO - Setting next_dagrun for products_dag to None, run_after=None
[2025-09-20T11:02:34.753+0200] {processor.py:179} INFO - Processing /opt/airflow/dags/dag_products.py took 0.087 seconds
[2025-09-20T11:03:05.333+0200] {processor.py:157} INFO - Started process (PID=2618) to work on /opt/airflow/dags/dag_products.py
[2025-09-20T11:03:05.336+0200] {processor.py:826} INFO - Processing file /opt/airflow/dags/dag_products.py for tasks to queue
[2025-09-20T11:03:05.337+0200] {logging_mixin.py:150} INFO - [2025-09-20T11:03:05.337+0200] {dagbag.py:541} INFO - Filling up the DagBag from /opt/airflow/dags/dag_products.py
[2025-09-20T11:03:05.359+0200] {processor.py:836} INFO - DAG(s) dict_keys(['products_dag']) retrieved from /opt/airflow/dags/dag_products.py
[2025-09-20T11:03:05.401+0200] {logging_mixin.py:150} INFO - [2025-09-20T11:03:05.401+0200] {dag.py:2742} INFO - Sync 1 DAGs
[2025-09-20T11:03:05.425+0200] {logging_mixin.py:150} INFO - [2025-09-20T11:03:05.425+0200] {dag.py:3508} INFO - Setting next_dagrun for products_dag to None, run_after=None
[2025-09-20T11:03:05.438+0200] {processor.py:179} INFO - Processing /opt/airflow/dags/dag_products.py took 0.115 seconds
[2025-09-20T11:03:35.857+0200] {processor.py:157} INFO - Started process (PID=2648) to work on /opt/airflow/dags/dag_products.py
[2025-09-20T11:03:35.860+0200] {processor.py:826} INFO - Processing file /opt/airflow/dags/dag_products.py for tasks to queue
[2025-09-20T11:03:35.861+0200] {logging_mixin.py:150} INFO - [2025-09-20T11:03:35.861+0200] {dagbag.py:541} INFO - Filling up the DagBag from /opt/airflow/dags/dag_products.py
[2025-09-20T11:03:35.874+0200] {processor.py:836} INFO - DAG(s) dict_keys(['products_dag']) retrieved from /opt/airflow/dags/dag_products.py
[2025-09-20T11:03:35.907+0200] {logging_mixin.py:150} INFO - [2025-09-20T11:03:35.907+0200] {dag.py:2742} INFO - Sync 1 DAGs
[2025-09-20T11:03:35.925+0200] {logging_mixin.py:150} INFO - [2025-09-20T11:03:35.925+0200] {dag.py:3508} INFO - Setting next_dagrun for products_dag to None, run_after=None
[2025-09-20T11:03:35.938+0200] {processor.py:179} INFO - Processing /opt/airflow/dags/dag_products.py took 0.085 seconds
[2025-09-20T11:04:06.340+0200] {processor.py:157} INFO - Started process (PID=2678) to work on /opt/airflow/dags/dag_products.py
[2025-09-20T11:04:06.342+0200] {processor.py:826} INFO - Processing file /opt/airflow/dags/dag_products.py for tasks to queue
[2025-09-20T11:04:06.343+0200] {logging_mixin.py:150} INFO - [2025-09-20T11:04:06.343+0200] {dagbag.py:541} INFO - Filling up the DagBag from /opt/airflow/dags/dag_products.py
[2025-09-20T11:04:06.353+0200] {processor.py:836} INFO - DAG(s) dict_keys(['products_dag']) retrieved from /opt/airflow/dags/dag_products.py
[2025-09-20T11:04:06.386+0200] {logging_mixin.py:150} INFO - [2025-09-20T11:04:06.386+0200] {dag.py:2742} INFO - Sync 1 DAGs
[2025-09-20T11:04:06.406+0200] {logging_mixin.py:150} INFO - [2025-09-20T11:04:06.406+0200] {dag.py:3508} INFO - Setting next_dagrun for products_dag to None, run_after=None
[2025-09-20T11:04:06.418+0200] {processor.py:179} INFO - Processing /opt/airflow/dags/dag_products.py took 0.083 seconds
[2025-09-20T11:04:36.825+0200] {processor.py:157} INFO - Started process (PID=2708) to work on /opt/airflow/dags/dag_products.py
[2025-09-20T11:04:36.829+0200] {processor.py:826} INFO - Processing file /opt/airflow/dags/dag_products.py for tasks to queue
[2025-09-20T11:04:36.830+0200] {logging_mixin.py:150} INFO - [2025-09-20T11:04:36.829+0200] {dagbag.py:541} INFO - Filling up the DagBag from /opt/airflow/dags/dag_products.py
[2025-09-20T11:04:36.845+0200] {processor.py:836} INFO - DAG(s) dict_keys(['products_dag']) retrieved from /opt/airflow/dags/dag_products.py
[2025-09-20T11:04:36.876+0200] {logging_mixin.py:150} INFO - [2025-09-20T11:04:36.876+0200] {dag.py:2742} INFO - Sync 1 DAGs
[2025-09-20T11:04:36.895+0200] {logging_mixin.py:150} INFO - [2025-09-20T11:04:36.895+0200] {dag.py:3508} INFO - Setting next_dagrun for products_dag to None, run_after=None
[2025-09-20T11:04:36.906+0200] {processor.py:179} INFO - Processing /opt/airflow/dags/dag_products.py took 0.086 seconds
[2025-09-20T11:05:07.374+0200] {processor.py:157} INFO - Started process (PID=2738) to work on /opt/airflow/dags/dag_products.py
[2025-09-20T11:05:07.375+0200] {processor.py:826} INFO - Processing file /opt/airflow/dags/dag_products.py for tasks to queue
[2025-09-20T11:05:07.376+0200] {logging_mixin.py:150} INFO - [2025-09-20T11:05:07.375+0200] {dagbag.py:541} INFO - Filling up the DagBag from /opt/airflow/dags/dag_products.py
[2025-09-20T11:05:07.384+0200] {processor.py:836} INFO - DAG(s) dict_keys(['products_dag']) retrieved from /opt/airflow/dags/dag_products.py
[2025-09-20T11:05:07.409+0200] {logging_mixin.py:150} INFO - [2025-09-20T11:05:07.408+0200] {dag.py:2742} INFO - Sync 1 DAGs
[2025-09-20T11:05:07.429+0200] {logging_mixin.py:150} INFO - [2025-09-20T11:05:07.429+0200] {dag.py:3508} INFO - Setting next_dagrun for products_dag to None, run_after=None
[2025-09-20T11:05:07.441+0200] {processor.py:179} INFO - Processing /opt/airflow/dags/dag_products.py took 0.070 seconds
[2025-09-20T11:05:37.828+0200] {processor.py:157} INFO - Started process (PID=2768) to work on /opt/airflow/dags/dag_products.py
[2025-09-20T11:05:37.829+0200] {processor.py:826} INFO - Processing file /opt/airflow/dags/dag_products.py for tasks to queue
[2025-09-20T11:05:37.831+0200] {logging_mixin.py:150} INFO - [2025-09-20T11:05:37.831+0200] {dagbag.py:541} INFO - Filling up the DagBag from /opt/airflow/dags/dag_products.py
[2025-09-20T11:05:37.844+0200] {processor.py:836} INFO - DAG(s) dict_keys(['products_dag']) retrieved from /opt/airflow/dags/dag_products.py
[2025-09-20T11:05:37.872+0200] {logging_mixin.py:150} INFO - [2025-09-20T11:05:37.872+0200] {dag.py:2742} INFO - Sync 1 DAGs
[2025-09-20T11:05:37.891+0200] {logging_mixin.py:150} INFO - [2025-09-20T11:05:37.891+0200] {dag.py:3508} INFO - Setting next_dagrun for products_dag to None, run_after=None
[2025-09-20T11:05:37.902+0200] {processor.py:179} INFO - Processing /opt/airflow/dags/dag_products.py took 0.078 seconds
[2025-09-20T11:06:08.325+0200] {processor.py:157} INFO - Started process (PID=2798) to work on /opt/airflow/dags/dag_products.py
[2025-09-20T11:06:08.328+0200] {processor.py:826} INFO - Processing file /opt/airflow/dags/dag_products.py for tasks to queue
[2025-09-20T11:06:08.329+0200] {logging_mixin.py:150} INFO - [2025-09-20T11:06:08.329+0200] {dagbag.py:541} INFO - Filling up the DagBag from /opt/airflow/dags/dag_products.py
[2025-09-20T11:06:08.345+0200] {processor.py:836} INFO - DAG(s) dict_keys(['products_dag']) retrieved from /opt/airflow/dags/dag_products.py
[2025-09-20T11:06:08.377+0200] {logging_mixin.py:150} INFO - [2025-09-20T11:06:08.377+0200] {dag.py:2742} INFO - Sync 1 DAGs
[2025-09-20T11:06:08.398+0200] {logging_mixin.py:150} INFO - [2025-09-20T11:06:08.398+0200] {dag.py:3508} INFO - Setting next_dagrun for products_dag to None, run_after=None
[2025-09-20T11:06:08.415+0200] {processor.py:179} INFO - Processing /opt/airflow/dags/dag_products.py took 0.095 seconds
[2025-09-20T11:06:38.832+0200] {processor.py:157} INFO - Started process (PID=2828) to work on /opt/airflow/dags/dag_products.py
[2025-09-20T11:06:38.833+0200] {processor.py:826} INFO - Processing file /opt/airflow/dags/dag_products.py for tasks to queue
[2025-09-20T11:06:38.834+0200] {logging_mixin.py:150} INFO - [2025-09-20T11:06:38.834+0200] {dagbag.py:541} INFO - Filling up the DagBag from /opt/airflow/dags/dag_products.py
[2025-09-20T11:06:38.843+0200] {processor.py:836} INFO - DAG(s) dict_keys(['products_dag']) retrieved from /opt/airflow/dags/dag_products.py
[2025-09-20T11:06:38.872+0200] {logging_mixin.py:150} INFO - [2025-09-20T11:06:38.872+0200] {dag.py:2742} INFO - Sync 1 DAGs
[2025-09-20T11:06:38.895+0200] {logging_mixin.py:150} INFO - [2025-09-20T11:06:38.895+0200] {dag.py:3508} INFO - Setting next_dagrun for products_dag to None, run_after=None
[2025-09-20T11:06:38.907+0200] {processor.py:179} INFO - Processing /opt/airflow/dags/dag_products.py took 0.078 seconds
[2025-09-20T11:07:09.352+0200] {processor.py:157} INFO - Started process (PID=2858) to work on /opt/airflow/dags/dag_products.py
[2025-09-20T11:07:09.353+0200] {processor.py:826} INFO - Processing file /opt/airflow/dags/dag_products.py for tasks to queue
[2025-09-20T11:07:09.354+0200] {logging_mixin.py:150} INFO - [2025-09-20T11:07:09.354+0200] {dagbag.py:541} INFO - Filling up the DagBag from /opt/airflow/dags/dag_products.py
[2025-09-20T11:07:09.365+0200] {processor.py:836} INFO - DAG(s) dict_keys(['products_dag']) retrieved from /opt/airflow/dags/dag_products.py
[2025-09-20T11:07:09.395+0200] {logging_mixin.py:150} INFO - [2025-09-20T11:07:09.395+0200] {dag.py:2742} INFO - Sync 1 DAGs
[2025-09-20T11:07:09.416+0200] {logging_mixin.py:150} INFO - [2025-09-20T11:07:09.416+0200] {dag.py:3508} INFO - Setting next_dagrun for products_dag to None, run_after=None
[2025-09-20T11:07:09.428+0200] {processor.py:179} INFO - Processing /opt/airflow/dags/dag_products.py took 0.080 seconds
[2025-09-20T11:07:39.862+0200] {processor.py:157} INFO - Started process (PID=2888) to work on /opt/airflow/dags/dag_products.py
[2025-09-20T11:07:39.863+0200] {processor.py:826} INFO - Processing file /opt/airflow/dags/dag_products.py for tasks to queue
[2025-09-20T11:07:39.864+0200] {logging_mixin.py:150} INFO - [2025-09-20T11:07:39.863+0200] {dagbag.py:541} INFO - Filling up the DagBag from /opt/airflow/dags/dag_products.py
[2025-09-20T11:07:39.875+0200] {processor.py:836} INFO - DAG(s) dict_keys(['products_dag']) retrieved from /opt/airflow/dags/dag_products.py
[2025-09-20T11:07:39.901+0200] {logging_mixin.py:150} INFO - [2025-09-20T11:07:39.900+0200] {dag.py:2742} INFO - Sync 1 DAGs
[2025-09-20T11:07:39.919+0200] {logging_mixin.py:150} INFO - [2025-09-20T11:07:39.919+0200] {dag.py:3508} INFO - Setting next_dagrun for products_dag to None, run_after=None
[2025-09-20T11:07:39.930+0200] {processor.py:179} INFO - Processing /opt/airflow/dags/dag_products.py took 0.072 seconds
[2025-09-20T11:08:10.371+0200] {processor.py:157} INFO - Started process (PID=2918) to work on /opt/airflow/dags/dag_products.py
[2025-09-20T11:08:10.373+0200] {processor.py:826} INFO - Processing file /opt/airflow/dags/dag_products.py for tasks to queue
[2025-09-20T11:08:10.375+0200] {logging_mixin.py:150} INFO - [2025-09-20T11:08:10.374+0200] {dagbag.py:541} INFO - Filling up the DagBag from /opt/airflow/dags/dag_products.py
[2025-09-20T11:08:10.388+0200] {processor.py:836} INFO - DAG(s) dict_keys(['products_dag']) retrieved from /opt/airflow/dags/dag_products.py
[2025-09-20T11:08:10.423+0200] {logging_mixin.py:150} INFO - [2025-09-20T11:08:10.423+0200] {dag.py:2742} INFO - Sync 1 DAGs
[2025-09-20T11:08:10.442+0200] {logging_mixin.py:150} INFO - [2025-09-20T11:08:10.442+0200] {dag.py:3508} INFO - Setting next_dagrun for products_dag to None, run_after=None
[2025-09-20T11:08:10.453+0200] {processor.py:179} INFO - Processing /opt/airflow/dags/dag_products.py took 0.087 seconds
[2025-09-20T11:08:40.889+0200] {processor.py:157} INFO - Started process (PID=2948) to work on /opt/airflow/dags/dag_products.py
[2025-09-20T11:08:40.890+0200] {processor.py:826} INFO - Processing file /opt/airflow/dags/dag_products.py for tasks to queue
[2025-09-20T11:08:40.891+0200] {logging_mixin.py:150} INFO - [2025-09-20T11:08:40.891+0200] {dagbag.py:541} INFO - Filling up the DagBag from /opt/airflow/dags/dag_products.py
[2025-09-20T11:08:40.911+0200] {processor.py:836} INFO - DAG(s) dict_keys(['products_dag']) retrieved from /opt/airflow/dags/dag_products.py
[2025-09-20T11:08:40.948+0200] {logging_mixin.py:150} INFO - [2025-09-20T11:08:40.948+0200] {dag.py:2742} INFO - Sync 1 DAGs
[2025-09-20T11:08:40.969+0200] {logging_mixin.py:150} INFO - [2025-09-20T11:08:40.969+0200] {dag.py:3508} INFO - Setting next_dagrun for products_dag to None, run_after=None
[2025-09-20T11:08:40.981+0200] {processor.py:179} INFO - Processing /opt/airflow/dags/dag_products.py took 0.097 seconds
[2025-09-20T11:09:11.393+0200] {processor.py:157} INFO - Started process (PID=2978) to work on /opt/airflow/dags/dag_products.py
[2025-09-20T11:09:11.394+0200] {processor.py:826} INFO - Processing file /opt/airflow/dags/dag_products.py for tasks to queue
[2025-09-20T11:09:11.395+0200] {logging_mixin.py:150} INFO - [2025-09-20T11:09:11.395+0200] {dagbag.py:541} INFO - Filling up the DagBag from /opt/airflow/dags/dag_products.py
[2025-09-20T11:09:11.408+0200] {processor.py:836} INFO - DAG(s) dict_keys(['products_dag']) retrieved from /opt/airflow/dags/dag_products.py
[2025-09-20T11:09:11.435+0200] {logging_mixin.py:150} INFO - [2025-09-20T11:09:11.435+0200] {dag.py:2742} INFO - Sync 1 DAGs
[2025-09-20T11:09:11.457+0200] {logging_mixin.py:150} INFO - [2025-09-20T11:09:11.457+0200] {dag.py:3508} INFO - Setting next_dagrun for products_dag to None, run_after=None
[2025-09-20T11:09:11.471+0200] {processor.py:179} INFO - Processing /opt/airflow/dags/dag_products.py took 0.082 seconds
[2025-09-20T11:09:41.913+0200] {processor.py:157} INFO - Started process (PID=3008) to work on /opt/airflow/dags/dag_products.py
[2025-09-20T11:09:41.915+0200] {processor.py:826} INFO - Processing file /opt/airflow/dags/dag_products.py for tasks to queue
[2025-09-20T11:09:41.915+0200] {logging_mixin.py:150} INFO - [2025-09-20T11:09:41.915+0200] {dagbag.py:541} INFO - Filling up the DagBag from /opt/airflow/dags/dag_products.py
[2025-09-20T11:09:41.925+0200] {processor.py:836} INFO - DAG(s) dict_keys(['products_dag']) retrieved from /opt/airflow/dags/dag_products.py
[2025-09-20T11:09:41.957+0200] {logging_mixin.py:150} INFO - [2025-09-20T11:09:41.957+0200] {dag.py:2742} INFO - Sync 1 DAGs
[2025-09-20T11:09:41.978+0200] {logging_mixin.py:150} INFO - [2025-09-20T11:09:41.978+0200] {dag.py:3508} INFO - Setting next_dagrun for products_dag to None, run_after=None
[2025-09-20T11:09:41.989+0200] {processor.py:179} INFO - Processing /opt/airflow/dags/dag_products.py took 0.080 seconds
[2025-09-20T11:10:12.434+0200] {processor.py:157} INFO - Started process (PID=3038) to work on /opt/airflow/dags/dag_products.py
[2025-09-20T11:10:12.435+0200] {processor.py:826} INFO - Processing file /opt/airflow/dags/dag_products.py for tasks to queue
[2025-09-20T11:10:12.436+0200] {logging_mixin.py:150} INFO - [2025-09-20T11:10:12.436+0200] {dagbag.py:541} INFO - Filling up the DagBag from /opt/airflow/dags/dag_products.py
[2025-09-20T11:10:12.457+0200] {processor.py:836} INFO - DAG(s) dict_keys(['products_dag']) retrieved from /opt/airflow/dags/dag_products.py
[2025-09-20T11:10:12.491+0200] {logging_mixin.py:150} INFO - [2025-09-20T11:10:12.491+0200] {dag.py:2742} INFO - Sync 1 DAGs
[2025-09-20T11:10:12.520+0200] {logging_mixin.py:150} INFO - [2025-09-20T11:10:12.520+0200] {dag.py:3508} INFO - Setting next_dagrun for products_dag to None, run_after=None
[2025-09-20T11:10:12.534+0200] {processor.py:179} INFO - Processing /opt/airflow/dags/dag_products.py took 0.106 seconds
