[2025-09-20T10:40:18.120+0200] {processor.py:157} INFO - Started process (PID=1251) to work on /opt/airflow/dags/dag_sales_generated.py
[2025-09-20T10:40:18.121+0200] {processor.py:826} INFO - Processing file /opt/airflow/dags/dag_sales_generated.py for tasks to queue
[2025-09-20T10:40:18.122+0200] {logging_mixin.py:150} INFO - [2025-09-20T10:40:18.121+0200] {dagbag.py:541} INFO - Filling up the DagBag from /opt/airflow/dags/dag_sales_generated.py
[2025-09-20T10:40:18.138+0200] {processor.py:836} INFO - DAG(s) dict_keys(['sales_generated_dag']) retrieved from /opt/airflow/dags/dag_sales_generated.py
[2025-09-20T10:40:18.216+0200] {logging_mixin.py:150} INFO - [2025-09-20T10:40:18.216+0200] {manager.py:504} INFO - Created Permission View: can delete on DAG:sales_generated_dag
[2025-09-20T10:40:18.224+0200] {logging_mixin.py:150} INFO - [2025-09-20T10:40:18.224+0200] {manager.py:504} INFO - Created Permission View: can read on DAG:sales_generated_dag
[2025-09-20T10:40:18.230+0200] {logging_mixin.py:150} INFO - [2025-09-20T10:40:18.230+0200] {manager.py:504} INFO - Created Permission View: can edit on DAG:sales_generated_dag
[2025-09-20T10:40:18.245+0200] {logging_mixin.py:150} INFO - [2025-09-20T10:40:18.245+0200] {dag.py:2742} INFO - Sync 1 DAGs
[2025-09-20T10:40:18.255+0200] {logging_mixin.py:150} INFO - [2025-09-20T10:40:18.255+0200] {dag.py:2763} INFO - Creating ORM DAG for sales_generated_dag
[2025-09-20T10:40:18.265+0200] {logging_mixin.py:150} INFO - [2025-09-20T10:40:18.265+0200] {dag.py:3508} INFO - Setting next_dagrun for sales_generated_dag to 2025-09-19T00:00:00+00:00, run_after=2025-09-20T00:00:00+00:00
[2025-09-20T10:40:18.280+0200] {processor.py:179} INFO - Processing /opt/airflow/dags/dag_sales_generated.py took 0.162 seconds
[2025-09-20T10:40:48.572+0200] {processor.py:157} INFO - Started process (PID=1281) to work on /opt/airflow/dags/dag_sales_generated.py
[2025-09-20T10:40:48.573+0200] {processor.py:826} INFO - Processing file /opt/airflow/dags/dag_sales_generated.py for tasks to queue
[2025-09-20T10:40:48.573+0200] {logging_mixin.py:150} INFO - [2025-09-20T10:40:48.573+0200] {dagbag.py:541} INFO - Filling up the DagBag from /opt/airflow/dags/dag_sales_generated.py
[2025-09-20T10:40:48.585+0200] {processor.py:836} INFO - DAG(s) dict_keys(['sales_generated_dag']) retrieved from /opt/airflow/dags/dag_sales_generated.py
[2025-09-20T10:40:48.612+0200] {logging_mixin.py:150} INFO - [2025-09-20T10:40:48.611+0200] {dag.py:2742} INFO - Sync 1 DAGs
[2025-09-20T10:40:48.636+0200] {logging_mixin.py:150} INFO - [2025-09-20T10:40:48.635+0200] {dag.py:3508} INFO - Setting next_dagrun for sales_generated_dag to 2025-09-19T00:00:00+00:00, run_after=2025-09-20T00:00:00+00:00
[2025-09-20T10:40:48.650+0200] {processor.py:179} INFO - Processing /opt/airflow/dags/dag_sales_generated.py took 0.081 seconds
[2025-09-20T10:41:19.161+0200] {processor.py:157} INFO - Started process (PID=1311) to work on /opt/airflow/dags/dag_sales_generated.py
[2025-09-20T10:41:19.163+0200] {processor.py:826} INFO - Processing file /opt/airflow/dags/dag_sales_generated.py for tasks to queue
[2025-09-20T10:41:19.164+0200] {logging_mixin.py:150} INFO - [2025-09-20T10:41:19.163+0200] {dagbag.py:541} INFO - Filling up the DagBag from /opt/airflow/dags/dag_sales_generated.py
[2025-09-20T10:41:19.174+0200] {processor.py:836} INFO - DAG(s) dict_keys(['sales_generated_dag']) retrieved from /opt/airflow/dags/dag_sales_generated.py
[2025-09-20T10:41:19.199+0200] {logging_mixin.py:150} INFO - [2025-09-20T10:41:19.199+0200] {dag.py:2742} INFO - Sync 1 DAGs
[2025-09-20T10:41:19.221+0200] {logging_mixin.py:150} INFO - [2025-09-20T10:41:19.221+0200] {dag.py:3508} INFO - Setting next_dagrun for sales_generated_dag to 2025-09-19T00:00:00+00:00, run_after=2025-09-20T00:00:00+00:00
[2025-09-20T10:41:19.236+0200] {processor.py:179} INFO - Processing /opt/airflow/dags/dag_sales_generated.py took 0.077 seconds
[2025-09-20T10:41:49.632+0200] {processor.py:157} INFO - Started process (PID=1341) to work on /opt/airflow/dags/dag_sales_generated.py
[2025-09-20T10:41:49.633+0200] {processor.py:826} INFO - Processing file /opt/airflow/dags/dag_sales_generated.py for tasks to queue
[2025-09-20T10:41:49.634+0200] {logging_mixin.py:150} INFO - [2025-09-20T10:41:49.633+0200] {dagbag.py:541} INFO - Filling up the DagBag from /opt/airflow/dags/dag_sales_generated.py
[2025-09-20T10:41:49.642+0200] {processor.py:836} INFO - DAG(s) dict_keys(['sales_generated_dag']) retrieved from /opt/airflow/dags/dag_sales_generated.py
[2025-09-20T10:41:49.664+0200] {logging_mixin.py:150} INFO - [2025-09-20T10:41:49.664+0200] {dag.py:2742} INFO - Sync 1 DAGs
[2025-09-20T10:41:49.684+0200] {logging_mixin.py:150} INFO - [2025-09-20T10:41:49.684+0200] {dag.py:3508} INFO - Setting next_dagrun for sales_generated_dag to 2025-09-19T00:00:00+00:00, run_after=2025-09-20T00:00:00+00:00
[2025-09-20T10:41:49.696+0200] {processor.py:179} INFO - Processing /opt/airflow/dags/dag_sales_generated.py took 0.067 seconds
[2025-09-20T10:42:20.145+0200] {processor.py:157} INFO - Started process (PID=1371) to work on /opt/airflow/dags/dag_sales_generated.py
[2025-09-20T10:42:20.146+0200] {processor.py:826} INFO - Processing file /opt/airflow/dags/dag_sales_generated.py for tasks to queue
[2025-09-20T10:42:20.148+0200] {logging_mixin.py:150} INFO - [2025-09-20T10:42:20.147+0200] {dagbag.py:541} INFO - Filling up the DagBag from /opt/airflow/dags/dag_sales_generated.py
[2025-09-20T10:42:20.157+0200] {processor.py:836} INFO - DAG(s) dict_keys(['sales_generated_dag']) retrieved from /opt/airflow/dags/dag_sales_generated.py
[2025-09-20T10:42:20.181+0200] {logging_mixin.py:150} INFO - [2025-09-20T10:42:20.181+0200] {dag.py:2742} INFO - Sync 1 DAGs
[2025-09-20T10:42:20.204+0200] {logging_mixin.py:150} INFO - [2025-09-20T10:42:20.203+0200] {dag.py:3508} INFO - Setting next_dagrun for sales_generated_dag to 2025-09-19T00:00:00+00:00, run_after=2025-09-20T00:00:00+00:00
[2025-09-20T10:42:20.217+0200] {processor.py:179} INFO - Processing /opt/airflow/dags/dag_sales_generated.py took 0.074 seconds
[2025-09-20T10:42:50.688+0200] {processor.py:157} INFO - Started process (PID=1401) to work on /opt/airflow/dags/dag_sales_generated.py
[2025-09-20T10:42:50.689+0200] {processor.py:826} INFO - Processing file /opt/airflow/dags/dag_sales_generated.py for tasks to queue
[2025-09-20T10:42:50.690+0200] {logging_mixin.py:150} INFO - [2025-09-20T10:42:50.690+0200] {dagbag.py:541} INFO - Filling up the DagBag from /opt/airflow/dags/dag_sales_generated.py
[2025-09-20T10:42:50.701+0200] {processor.py:836} INFO - DAG(s) dict_keys(['sales_generated_dag']) retrieved from /opt/airflow/dags/dag_sales_generated.py
[2025-09-20T10:42:50.727+0200] {logging_mixin.py:150} INFO - [2025-09-20T10:42:50.727+0200] {dag.py:2742} INFO - Sync 1 DAGs
[2025-09-20T10:42:50.750+0200] {logging_mixin.py:150} INFO - [2025-09-20T10:42:50.750+0200] {dag.py:3508} INFO - Setting next_dagrun for sales_generated_dag to 2025-09-19T00:00:00+00:00, run_after=2025-09-20T00:00:00+00:00
[2025-09-20T10:42:50.767+0200] {processor.py:179} INFO - Processing /opt/airflow/dags/dag_sales_generated.py took 0.081 seconds
[2025-09-20T10:43:21.309+0200] {processor.py:157} INFO - Started process (PID=1431) to work on /opt/airflow/dags/dag_sales_generated.py
[2025-09-20T10:43:21.310+0200] {processor.py:826} INFO - Processing file /opt/airflow/dags/dag_sales_generated.py for tasks to queue
[2025-09-20T10:43:21.310+0200] {logging_mixin.py:150} INFO - [2025-09-20T10:43:21.310+0200] {dagbag.py:541} INFO - Filling up the DagBag from /opt/airflow/dags/dag_sales_generated.py
[2025-09-20T10:43:21.323+0200] {processor.py:836} INFO - DAG(s) dict_keys(['sales_generated_dag']) retrieved from /opt/airflow/dags/dag_sales_generated.py
[2025-09-20T10:43:21.351+0200] {logging_mixin.py:150} INFO - [2025-09-20T10:43:21.350+0200] {dag.py:2742} INFO - Sync 1 DAGs
[2025-09-20T10:43:21.375+0200] {logging_mixin.py:150} INFO - [2025-09-20T10:43:21.374+0200] {dag.py:3508} INFO - Setting next_dagrun for sales_generated_dag to 2025-09-19T00:00:00+00:00, run_after=2025-09-20T00:00:00+00:00
[2025-09-20T10:43:21.394+0200] {processor.py:179} INFO - Processing /opt/airflow/dags/dag_sales_generated.py took 0.088 seconds
[2025-09-20T10:43:51.922+0200] {processor.py:157} INFO - Started process (PID=1461) to work on /opt/airflow/dags/dag_sales_generated.py
[2025-09-20T10:43:51.923+0200] {processor.py:826} INFO - Processing file /opt/airflow/dags/dag_sales_generated.py for tasks to queue
[2025-09-20T10:43:51.925+0200] {logging_mixin.py:150} INFO - [2025-09-20T10:43:51.924+0200] {dagbag.py:541} INFO - Filling up the DagBag from /opt/airflow/dags/dag_sales_generated.py
[2025-09-20T10:43:51.938+0200] {processor.py:836} INFO - DAG(s) dict_keys(['sales_generated_dag']) retrieved from /opt/airflow/dags/dag_sales_generated.py
[2025-09-20T10:43:51.982+0200] {logging_mixin.py:150} INFO - [2025-09-20T10:43:51.982+0200] {dag.py:2742} INFO - Sync 1 DAGs
[2025-09-20T10:43:52.007+0200] {logging_mixin.py:150} INFO - [2025-09-20T10:43:52.007+0200] {dag.py:3508} INFO - Setting next_dagrun for sales_generated_dag to 2025-09-19T00:00:00+00:00, run_after=2025-09-20T00:00:00+00:00
[2025-09-20T10:43:52.024+0200] {processor.py:179} INFO - Processing /opt/airflow/dags/dag_sales_generated.py took 0.105 seconds
[2025-09-20T10:44:22.551+0200] {processor.py:157} INFO - Started process (PID=1501) to work on /opt/airflow/dags/dag_sales_generated.py
[2025-09-20T10:44:22.552+0200] {processor.py:826} INFO - Processing file /opt/airflow/dags/dag_sales_generated.py for tasks to queue
[2025-09-20T10:44:22.552+0200] {logging_mixin.py:150} INFO - [2025-09-20T10:44:22.552+0200] {dagbag.py:541} INFO - Filling up the DagBag from /opt/airflow/dags/dag_sales_generated.py
[2025-09-20T10:44:22.562+0200] {processor.py:836} INFO - DAG(s) dict_keys(['sales_generated_dag']) retrieved from /opt/airflow/dags/dag_sales_generated.py
[2025-09-20T10:44:22.584+0200] {logging_mixin.py:150} INFO - [2025-09-20T10:44:22.584+0200] {dag.py:2742} INFO - Sync 1 DAGs
[2025-09-20T10:44:22.607+0200] {logging_mixin.py:150} INFO - [2025-09-20T10:44:22.606+0200] {dag.py:3508} INFO - Setting next_dagrun for sales_generated_dag to 2025-09-20T00:00:00+00:00, run_after=2025-09-21T00:00:00+00:00
[2025-09-20T10:44:22.622+0200] {processor.py:179} INFO - Processing /opt/airflow/dags/dag_sales_generated.py took 0.074 seconds
[2025-09-20T10:44:53.213+0200] {processor.py:157} INFO - Started process (PID=1531) to work on /opt/airflow/dags/dag_sales_generated.py
[2025-09-20T10:44:53.214+0200] {processor.py:826} INFO - Processing file /opt/airflow/dags/dag_sales_generated.py for tasks to queue
[2025-09-20T10:44:53.214+0200] {logging_mixin.py:150} INFO - [2025-09-20T10:44:53.214+0200] {dagbag.py:541} INFO - Filling up the DagBag from /opt/airflow/dags/dag_sales_generated.py
[2025-09-20T10:44:53.225+0200] {processor.py:836} INFO - DAG(s) dict_keys(['sales_generated_dag']) retrieved from /opt/airflow/dags/dag_sales_generated.py
[2025-09-20T10:44:53.255+0200] {logging_mixin.py:150} INFO - [2025-09-20T10:44:53.255+0200] {dag.py:2742} INFO - Sync 1 DAGs
[2025-09-20T10:44:53.286+0200] {logging_mixin.py:150} INFO - [2025-09-20T10:44:53.286+0200] {dag.py:3508} INFO - Setting next_dagrun for sales_generated_dag to 2025-09-20T00:00:00+00:00, run_after=2025-09-21T00:00:00+00:00
[2025-09-20T10:44:53.316+0200] {processor.py:179} INFO - Processing /opt/airflow/dags/dag_sales_generated.py took 0.106 seconds
[2025-09-20T10:45:23.762+0200] {processor.py:157} INFO - Started process (PID=1561) to work on /opt/airflow/dags/dag_sales_generated.py
[2025-09-20T10:45:23.763+0200] {processor.py:826} INFO - Processing file /opt/airflow/dags/dag_sales_generated.py for tasks to queue
[2025-09-20T10:45:23.763+0200] {logging_mixin.py:150} INFO - [2025-09-20T10:45:23.763+0200] {dagbag.py:541} INFO - Filling up the DagBag from /opt/airflow/dags/dag_sales_generated.py
[2025-09-20T10:45:23.777+0200] {processor.py:836} INFO - DAG(s) dict_keys(['sales_generated_dag']) retrieved from /opt/airflow/dags/dag_sales_generated.py
[2025-09-20T10:45:23.808+0200] {logging_mixin.py:150} INFO - [2025-09-20T10:45:23.807+0200] {dag.py:2742} INFO - Sync 1 DAGs
[2025-09-20T10:45:23.831+0200] {logging_mixin.py:150} INFO - [2025-09-20T10:45:23.830+0200] {dag.py:3508} INFO - Setting next_dagrun for sales_generated_dag to 2025-09-20T00:00:00+00:00, run_after=2025-09-21T00:00:00+00:00
[2025-09-20T10:45:23.850+0200] {processor.py:179} INFO - Processing /opt/airflow/dags/dag_sales_generated.py took 0.090 seconds
[2025-09-20T10:45:54.294+0200] {processor.py:157} INFO - Started process (PID=1593) to work on /opt/airflow/dags/dag_sales_generated.py
[2025-09-20T10:45:54.295+0200] {processor.py:826} INFO - Processing file /opt/airflow/dags/dag_sales_generated.py for tasks to queue
[2025-09-20T10:45:54.296+0200] {logging_mixin.py:150} INFO - [2025-09-20T10:45:54.296+0200] {dagbag.py:541} INFO - Filling up the DagBag from /opt/airflow/dags/dag_sales_generated.py
[2025-09-20T10:45:54.305+0200] {processor.py:836} INFO - DAG(s) dict_keys(['sales_generated_dag']) retrieved from /opt/airflow/dags/dag_sales_generated.py
[2025-09-20T10:45:54.328+0200] {logging_mixin.py:150} INFO - [2025-09-20T10:45:54.328+0200] {dag.py:2742} INFO - Sync 1 DAGs
[2025-09-20T10:45:54.350+0200] {logging_mixin.py:150} INFO - [2025-09-20T10:45:54.349+0200] {dag.py:3508} INFO - Setting next_dagrun for sales_generated_dag to 2025-09-20T00:00:00+00:00, run_after=2025-09-21T00:00:00+00:00
[2025-09-20T10:45:54.362+0200] {processor.py:179} INFO - Processing /opt/airflow/dags/dag_sales_generated.py took 0.070 seconds
[2025-09-20T10:46:24.706+0200] {processor.py:157} INFO - Started process (PID=1621) to work on /opt/airflow/dags/dag_sales_generated.py
[2025-09-20T10:46:24.707+0200] {processor.py:826} INFO - Processing file /opt/airflow/dags/dag_sales_generated.py for tasks to queue
[2025-09-20T10:46:24.708+0200] {logging_mixin.py:150} INFO - [2025-09-20T10:46:24.708+0200] {dagbag.py:541} INFO - Filling up the DagBag from /opt/airflow/dags/dag_sales_generated.py
[2025-09-20T10:46:24.721+0200] {processor.py:836} INFO - DAG(s) dict_keys(['sales_generated_dag']) retrieved from /opt/airflow/dags/dag_sales_generated.py
[2025-09-20T10:46:24.749+0200] {logging_mixin.py:150} INFO - [2025-09-20T10:46:24.748+0200] {dag.py:2742} INFO - Sync 1 DAGs
[2025-09-20T10:46:24.771+0200] {logging_mixin.py:150} INFO - [2025-09-20T10:46:24.771+0200] {dag.py:3508} INFO - Setting next_dagrun for sales_generated_dag to 2025-09-20T00:00:00+00:00, run_after=2025-09-21T00:00:00+00:00
[2025-09-20T10:46:24.787+0200] {processor.py:179} INFO - Processing /opt/airflow/dags/dag_sales_generated.py took 0.083 seconds
[2025-09-20T10:46:30.965+0200] {processor.py:157} INFO - Started process (PID=1633) to work on /opt/airflow/dags/dag_sales_generated.py
[2025-09-20T10:46:30.967+0200] {processor.py:826} INFO - Processing file /opt/airflow/dags/dag_sales_generated.py for tasks to queue
[2025-09-20T10:46:30.968+0200] {logging_mixin.py:150} INFO - [2025-09-20T10:46:30.968+0200] {dagbag.py:541} INFO - Filling up the DagBag from /opt/airflow/dags/dag_sales_generated.py
[2025-09-20T10:46:30.992+0200] {processor.py:836} INFO - DAG(s) dict_keys(['sales_generated_dag']) retrieved from /opt/airflow/dags/dag_sales_generated.py
[2025-09-20T10:46:31.032+0200] {logging_mixin.py:150} INFO - [2025-09-20T10:46:31.032+0200] {dag.py:2742} INFO - Sync 1 DAGs
[2025-09-20T10:46:31.059+0200] {logging_mixin.py:150} INFO - [2025-09-20T10:46:31.059+0200] {dag.py:3508} INFO - Setting next_dagrun for sales_generated_dag to 2025-09-20T00:00:00+00:00, run_after=2025-09-21T00:00:00+00:00
[2025-09-20T10:46:31.075+0200] {processor.py:179} INFO - Processing /opt/airflow/dags/dag_sales_generated.py took 0.116 seconds
[2025-09-20T10:47:01.376+0200] {processor.py:157} INFO - Started process (PID=1663) to work on /opt/airflow/dags/dag_sales_generated.py
[2025-09-20T10:47:01.377+0200] {processor.py:826} INFO - Processing file /opt/airflow/dags/dag_sales_generated.py for tasks to queue
[2025-09-20T10:47:01.378+0200] {logging_mixin.py:150} INFO - [2025-09-20T10:47:01.378+0200] {dagbag.py:541} INFO - Filling up the DagBag from /opt/airflow/dags/dag_sales_generated.py
[2025-09-20T10:47:01.390+0200] {processor.py:836} INFO - DAG(s) dict_keys(['sales_generated_dag']) retrieved from /opt/airflow/dags/dag_sales_generated.py
[2025-09-20T10:47:01.419+0200] {logging_mixin.py:150} INFO - [2025-09-20T10:47:01.419+0200] {dag.py:2742} INFO - Sync 1 DAGs
[2025-09-20T10:47:01.442+0200] {logging_mixin.py:150} INFO - [2025-09-20T10:47:01.442+0200] {dag.py:3508} INFO - Setting next_dagrun for sales_generated_dag to 2025-09-20T00:00:00+00:00, run_after=2025-09-21T00:00:00+00:00
[2025-09-20T10:47:01.454+0200] {processor.py:179} INFO - Processing /opt/airflow/dags/dag_sales_generated.py took 0.082 seconds
[2025-09-20T10:47:31.929+0200] {processor.py:157} INFO - Started process (PID=1693) to work on /opt/airflow/dags/dag_sales_generated.py
[2025-09-20T10:47:31.930+0200] {processor.py:826} INFO - Processing file /opt/airflow/dags/dag_sales_generated.py for tasks to queue
[2025-09-20T10:47:31.932+0200] {logging_mixin.py:150} INFO - [2025-09-20T10:47:31.931+0200] {dagbag.py:541} INFO - Filling up the DagBag from /opt/airflow/dags/dag_sales_generated.py
[2025-09-20T10:47:31.953+0200] {processor.py:836} INFO - DAG(s) dict_keys(['sales_generated_dag']) retrieved from /opt/airflow/dags/dag_sales_generated.py
[2025-09-20T10:47:32.004+0200] {logging_mixin.py:150} INFO - [2025-09-20T10:47:32.004+0200] {dag.py:2742} INFO - Sync 1 DAGs
[2025-09-20T10:47:32.044+0200] {logging_mixin.py:150} INFO - [2025-09-20T10:47:32.044+0200] {dag.py:3508} INFO - Setting next_dagrun for sales_generated_dag to 2025-09-20T00:00:00+00:00, run_after=2025-09-21T00:00:00+00:00
[2025-09-20T10:47:32.063+0200] {processor.py:179} INFO - Processing /opt/airflow/dags/dag_sales_generated.py took 0.139 seconds
[2025-09-20T10:48:02.470+0200] {processor.py:157} INFO - Started process (PID=1723) to work on /opt/airflow/dags/dag_sales_generated.py
[2025-09-20T10:48:02.471+0200] {processor.py:826} INFO - Processing file /opt/airflow/dags/dag_sales_generated.py for tasks to queue
[2025-09-20T10:48:02.472+0200] {logging_mixin.py:150} INFO - [2025-09-20T10:48:02.472+0200] {dagbag.py:541} INFO - Filling up the DagBag from /opt/airflow/dags/dag_sales_generated.py
[2025-09-20T10:48:02.484+0200] {processor.py:836} INFO - DAG(s) dict_keys(['sales_generated_dag']) retrieved from /opt/airflow/dags/dag_sales_generated.py
[2025-09-20T10:48:02.514+0200] {logging_mixin.py:150} INFO - [2025-09-20T10:48:02.514+0200] {dag.py:2742} INFO - Sync 1 DAGs
[2025-09-20T10:48:02.536+0200] {logging_mixin.py:150} INFO - [2025-09-20T10:48:02.536+0200] {dag.py:3508} INFO - Setting next_dagrun for sales_generated_dag to 2025-09-20T00:00:00+00:00, run_after=2025-09-21T00:00:00+00:00
[2025-09-20T10:48:02.549+0200] {processor.py:179} INFO - Processing /opt/airflow/dags/dag_sales_generated.py took 0.083 seconds
[2025-09-20T10:48:32.987+0200] {processor.py:157} INFO - Started process (PID=1755) to work on /opt/airflow/dags/dag_sales_generated.py
[2025-09-20T10:48:32.988+0200] {processor.py:826} INFO - Processing file /opt/airflow/dags/dag_sales_generated.py for tasks to queue
[2025-09-20T10:48:32.989+0200] {logging_mixin.py:150} INFO - [2025-09-20T10:48:32.989+0200] {dagbag.py:541} INFO - Filling up the DagBag from /opt/airflow/dags/dag_sales_generated.py
[2025-09-20T10:48:32.999+0200] {processor.py:836} INFO - DAG(s) dict_keys(['sales_generated_dag']) retrieved from /opt/airflow/dags/dag_sales_generated.py
[2025-09-20T10:48:33.022+0200] {logging_mixin.py:150} INFO - [2025-09-20T10:48:33.022+0200] {dag.py:2742} INFO - Sync 1 DAGs
[2025-09-20T10:48:33.044+0200] {logging_mixin.py:150} INFO - [2025-09-20T10:48:33.043+0200] {dag.py:3508} INFO - Setting next_dagrun for sales_generated_dag to 2025-09-20T00:00:00+00:00, run_after=2025-09-21T00:00:00+00:00
[2025-09-20T10:48:33.056+0200] {processor.py:179} INFO - Processing /opt/airflow/dags/dag_sales_generated.py took 0.073 seconds
[2025-09-20T10:49:03.506+0200] {processor.py:157} INFO - Started process (PID=1791) to work on /opt/airflow/dags/dag_sales_generated.py
[2025-09-20T10:49:03.507+0200] {processor.py:826} INFO - Processing file /opt/airflow/dags/dag_sales_generated.py for tasks to queue
[2025-09-20T10:49:03.508+0200] {logging_mixin.py:150} INFO - [2025-09-20T10:49:03.508+0200] {dagbag.py:541} INFO - Filling up the DagBag from /opt/airflow/dags/dag_sales_generated.py
[2025-09-20T10:49:03.520+0200] {processor.py:836} INFO - DAG(s) dict_keys(['sales_generated_dag']) retrieved from /opt/airflow/dags/dag_sales_generated.py
[2025-09-20T10:49:03.552+0200] {logging_mixin.py:150} INFO - [2025-09-20T10:49:03.551+0200] {dag.py:2742} INFO - Sync 1 DAGs
[2025-09-20T10:49:03.579+0200] {logging_mixin.py:150} INFO - [2025-09-20T10:49:03.579+0200] {dag.py:3508} INFO - Setting next_dagrun for sales_generated_dag to 2025-09-20T00:00:00+00:00, run_after=2025-09-21T00:00:00+00:00
[2025-09-20T10:49:03.593+0200] {processor.py:179} INFO - Processing /opt/airflow/dags/dag_sales_generated.py took 0.091 seconds
[2025-09-20T10:49:34.040+0200] {processor.py:157} INFO - Started process (PID=1823) to work on /opt/airflow/dags/dag_sales_generated.py
[2025-09-20T10:49:34.041+0200] {processor.py:826} INFO - Processing file /opt/airflow/dags/dag_sales_generated.py for tasks to queue
[2025-09-20T10:49:34.043+0200] {logging_mixin.py:150} INFO - [2025-09-20T10:49:34.042+0200] {dagbag.py:541} INFO - Filling up the DagBag from /opt/airflow/dags/dag_sales_generated.py
[2025-09-20T10:49:34.067+0200] {processor.py:836} INFO - DAG(s) dict_keys(['sales_generated_dag']) retrieved from /opt/airflow/dags/dag_sales_generated.py
[2025-09-20T10:49:34.102+0200] {logging_mixin.py:150} INFO - [2025-09-20T10:49:34.102+0200] {dag.py:2742} INFO - Sync 1 DAGs
[2025-09-20T10:49:34.129+0200] {logging_mixin.py:150} INFO - [2025-09-20T10:49:34.128+0200] {dag.py:3508} INFO - Setting next_dagrun for sales_generated_dag to 2025-09-20T00:00:00+00:00, run_after=2025-09-21T00:00:00+00:00
[2025-09-20T10:49:34.143+0200] {processor.py:179} INFO - Processing /opt/airflow/dags/dag_sales_generated.py took 0.107 seconds
[2025-09-20T10:50:04.549+0200] {processor.py:157} INFO - Started process (PID=1853) to work on /opt/airflow/dags/dag_sales_generated.py
[2025-09-20T10:50:04.551+0200] {processor.py:826} INFO - Processing file /opt/airflow/dags/dag_sales_generated.py for tasks to queue
[2025-09-20T10:50:04.552+0200] {logging_mixin.py:150} INFO - [2025-09-20T10:50:04.551+0200] {dagbag.py:541} INFO - Filling up the DagBag from /opt/airflow/dags/dag_sales_generated.py
[2025-09-20T10:50:04.563+0200] {processor.py:836} INFO - DAG(s) dict_keys(['sales_generated_dag']) retrieved from /opt/airflow/dags/dag_sales_generated.py
[2025-09-20T10:50:04.585+0200] {logging_mixin.py:150} INFO - [2025-09-20T10:50:04.584+0200] {dag.py:2742} INFO - Sync 1 DAGs
[2025-09-20T10:50:04.604+0200] {logging_mixin.py:150} INFO - [2025-09-20T10:50:04.604+0200] {dag.py:3508} INFO - Setting next_dagrun for sales_generated_dag to 2025-09-20T00:00:00+00:00, run_after=2025-09-21T00:00:00+00:00
[2025-09-20T10:50:04.619+0200] {processor.py:179} INFO - Processing /opt/airflow/dags/dag_sales_generated.py took 0.074 seconds
[2025-09-20T10:50:35.086+0200] {processor.py:157} INFO - Started process (PID=1883) to work on /opt/airflow/dags/dag_sales_generated.py
[2025-09-20T10:50:35.088+0200] {processor.py:826} INFO - Processing file /opt/airflow/dags/dag_sales_generated.py for tasks to queue
[2025-09-20T10:50:35.088+0200] {logging_mixin.py:150} INFO - [2025-09-20T10:50:35.088+0200] {dagbag.py:541} INFO - Filling up the DagBag from /opt/airflow/dags/dag_sales_generated.py
[2025-09-20T10:50:35.100+0200] {processor.py:836} INFO - DAG(s) dict_keys(['sales_generated_dag']) retrieved from /opt/airflow/dags/dag_sales_generated.py
[2025-09-20T10:50:35.124+0200] {logging_mixin.py:150} INFO - [2025-09-20T10:50:35.124+0200] {dag.py:2742} INFO - Sync 1 DAGs
[2025-09-20T10:50:35.145+0200] {logging_mixin.py:150} INFO - [2025-09-20T10:50:35.145+0200] {dag.py:3508} INFO - Setting next_dagrun for sales_generated_dag to 2025-09-20T00:00:00+00:00, run_after=2025-09-21T00:00:00+00:00
[2025-09-20T10:50:35.157+0200] {processor.py:179} INFO - Processing /opt/airflow/dags/dag_sales_generated.py took 0.074 seconds
[2025-09-20T10:51:05.492+0200] {processor.py:157} INFO - Started process (PID=1913) to work on /opt/airflow/dags/dag_sales_generated.py
[2025-09-20T10:51:05.493+0200] {processor.py:826} INFO - Processing file /opt/airflow/dags/dag_sales_generated.py for tasks to queue
[2025-09-20T10:51:05.494+0200] {logging_mixin.py:150} INFO - [2025-09-20T10:51:05.494+0200] {dagbag.py:541} INFO - Filling up the DagBag from /opt/airflow/dags/dag_sales_generated.py
[2025-09-20T10:51:05.505+0200] {processor.py:836} INFO - DAG(s) dict_keys(['sales_generated_dag']) retrieved from /opt/airflow/dags/dag_sales_generated.py
[2025-09-20T10:51:05.536+0200] {logging_mixin.py:150} INFO - [2025-09-20T10:51:05.536+0200] {dag.py:2742} INFO - Sync 1 DAGs
[2025-09-20T10:51:05.561+0200] {logging_mixin.py:150} INFO - [2025-09-20T10:51:05.561+0200] {dag.py:3508} INFO - Setting next_dagrun for sales_generated_dag to 2025-09-20T00:00:00+00:00, run_after=2025-09-21T00:00:00+00:00
[2025-09-20T10:51:05.576+0200] {processor.py:179} INFO - Processing /opt/airflow/dags/dag_sales_generated.py took 0.088 seconds
[2025-09-20T10:51:35.972+0200] {processor.py:157} INFO - Started process (PID=1943) to work on /opt/airflow/dags/dag_sales_generated.py
[2025-09-20T10:51:35.972+0200] {processor.py:826} INFO - Processing file /opt/airflow/dags/dag_sales_generated.py for tasks to queue
[2025-09-20T10:51:35.973+0200] {logging_mixin.py:150} INFO - [2025-09-20T10:51:35.973+0200] {dagbag.py:541} INFO - Filling up the DagBag from /opt/airflow/dags/dag_sales_generated.py
[2025-09-20T10:51:35.983+0200] {processor.py:836} INFO - DAG(s) dict_keys(['sales_generated_dag']) retrieved from /opt/airflow/dags/dag_sales_generated.py
[2025-09-20T10:51:36.009+0200] {logging_mixin.py:150} INFO - [2025-09-20T10:51:36.009+0200] {dag.py:2742} INFO - Sync 1 DAGs
[2025-09-20T10:51:36.030+0200] {logging_mixin.py:150} INFO - [2025-09-20T10:51:36.030+0200] {dag.py:3508} INFO - Setting next_dagrun for sales_generated_dag to 2025-09-20T00:00:00+00:00, run_after=2025-09-21T00:00:00+00:00
[2025-09-20T10:51:36.047+0200] {processor.py:179} INFO - Processing /opt/airflow/dags/dag_sales_generated.py took 0.078 seconds
[2025-09-20T10:52:06.440+0200] {processor.py:157} INFO - Started process (PID=1973) to work on /opt/airflow/dags/dag_sales_generated.py
[2025-09-20T10:52:06.441+0200] {processor.py:826} INFO - Processing file /opt/airflow/dags/dag_sales_generated.py for tasks to queue
[2025-09-20T10:52:06.442+0200] {logging_mixin.py:150} INFO - [2025-09-20T10:52:06.442+0200] {dagbag.py:541} INFO - Filling up the DagBag from /opt/airflow/dags/dag_sales_generated.py
[2025-09-20T10:52:06.451+0200] {processor.py:836} INFO - DAG(s) dict_keys(['sales_generated_dag']) retrieved from /opt/airflow/dags/dag_sales_generated.py
[2025-09-20T10:52:06.477+0200] {logging_mixin.py:150} INFO - [2025-09-20T10:52:06.477+0200] {dag.py:2742} INFO - Sync 1 DAGs
[2025-09-20T10:52:06.513+0200] {logging_mixin.py:150} INFO - [2025-09-20T10:52:06.513+0200] {dag.py:3508} INFO - Setting next_dagrun for sales_generated_dag to 2025-09-20T00:00:00+00:00, run_after=2025-09-21T00:00:00+00:00
[2025-09-20T10:52:06.531+0200] {processor.py:179} INFO - Processing /opt/airflow/dags/dag_sales_generated.py took 0.094 seconds
[2025-09-20T10:52:36.894+0200] {processor.py:157} INFO - Started process (PID=2003) to work on /opt/airflow/dags/dag_sales_generated.py
[2025-09-20T10:52:36.895+0200] {processor.py:826} INFO - Processing file /opt/airflow/dags/dag_sales_generated.py for tasks to queue
[2025-09-20T10:52:36.896+0200] {logging_mixin.py:150} INFO - [2025-09-20T10:52:36.896+0200] {dagbag.py:541} INFO - Filling up the DagBag from /opt/airflow/dags/dag_sales_generated.py
[2025-09-20T10:52:36.907+0200] {processor.py:836} INFO - DAG(s) dict_keys(['sales_generated_dag']) retrieved from /opt/airflow/dags/dag_sales_generated.py
[2025-09-20T10:52:36.935+0200] {logging_mixin.py:150} INFO - [2025-09-20T10:52:36.935+0200] {dag.py:2742} INFO - Sync 1 DAGs
[2025-09-20T10:52:36.957+0200] {logging_mixin.py:150} INFO - [2025-09-20T10:52:36.957+0200] {dag.py:3508} INFO - Setting next_dagrun for sales_generated_dag to 2025-09-20T00:00:00+00:00, run_after=2025-09-21T00:00:00+00:00
[2025-09-20T10:52:36.970+0200] {processor.py:179} INFO - Processing /opt/airflow/dags/dag_sales_generated.py took 0.080 seconds
[2025-09-20T10:53:07.330+0200] {processor.py:157} INFO - Started process (PID=2033) to work on /opt/airflow/dags/dag_sales_generated.py
[2025-09-20T10:53:07.331+0200] {processor.py:826} INFO - Processing file /opt/airflow/dags/dag_sales_generated.py for tasks to queue
[2025-09-20T10:53:07.331+0200] {logging_mixin.py:150} INFO - [2025-09-20T10:53:07.331+0200] {dagbag.py:541} INFO - Filling up the DagBag from /opt/airflow/dags/dag_sales_generated.py
[2025-09-20T10:53:07.342+0200] {processor.py:836} INFO - DAG(s) dict_keys(['sales_generated_dag']) retrieved from /opt/airflow/dags/dag_sales_generated.py
[2025-09-20T10:53:07.369+0200] {logging_mixin.py:150} INFO - [2025-09-20T10:53:07.368+0200] {dag.py:2742} INFO - Sync 1 DAGs
[2025-09-20T10:53:07.392+0200] {logging_mixin.py:150} INFO - [2025-09-20T10:53:07.391+0200] {dag.py:3508} INFO - Setting next_dagrun for sales_generated_dag to 2025-09-20T00:00:00+00:00, run_after=2025-09-21T00:00:00+00:00
[2025-09-20T10:53:07.405+0200] {processor.py:179} INFO - Processing /opt/airflow/dags/dag_sales_generated.py took 0.079 seconds
[2025-09-20T10:53:37.804+0200] {processor.py:157} INFO - Started process (PID=2063) to work on /opt/airflow/dags/dag_sales_generated.py
[2025-09-20T10:53:37.805+0200] {processor.py:826} INFO - Processing file /opt/airflow/dags/dag_sales_generated.py for tasks to queue
[2025-09-20T10:53:37.806+0200] {logging_mixin.py:150} INFO - [2025-09-20T10:53:37.806+0200] {dagbag.py:541} INFO - Filling up the DagBag from /opt/airflow/dags/dag_sales_generated.py
[2025-09-20T10:53:37.817+0200] {processor.py:836} INFO - DAG(s) dict_keys(['sales_generated_dag']) retrieved from /opt/airflow/dags/dag_sales_generated.py
[2025-09-20T10:53:37.844+0200] {logging_mixin.py:150} INFO - [2025-09-20T10:53:37.844+0200] {dag.py:2742} INFO - Sync 1 DAGs
[2025-09-20T10:53:37.865+0200] {logging_mixin.py:150} INFO - [2025-09-20T10:53:37.865+0200] {dag.py:3508} INFO - Setting next_dagrun for sales_generated_dag to 2025-09-20T00:00:00+00:00, run_after=2025-09-21T00:00:00+00:00
[2025-09-20T10:53:37.878+0200] {processor.py:179} INFO - Processing /opt/airflow/dags/dag_sales_generated.py took 0.077 seconds
[2025-09-20T10:54:08.306+0200] {processor.py:157} INFO - Started process (PID=2093) to work on /opt/airflow/dags/dag_sales_generated.py
[2025-09-20T10:54:08.307+0200] {processor.py:826} INFO - Processing file /opt/airflow/dags/dag_sales_generated.py for tasks to queue
[2025-09-20T10:54:08.308+0200] {logging_mixin.py:150} INFO - [2025-09-20T10:54:08.307+0200] {dagbag.py:541} INFO - Filling up the DagBag from /opt/airflow/dags/dag_sales_generated.py
[2025-09-20T10:54:08.319+0200] {processor.py:836} INFO - DAG(s) dict_keys(['sales_generated_dag']) retrieved from /opt/airflow/dags/dag_sales_generated.py
[2025-09-20T10:54:08.347+0200] {logging_mixin.py:150} INFO - [2025-09-20T10:54:08.347+0200] {dag.py:2742} INFO - Sync 1 DAGs
[2025-09-20T10:54:08.370+0200] {logging_mixin.py:150} INFO - [2025-09-20T10:54:08.370+0200] {dag.py:3508} INFO - Setting next_dagrun for sales_generated_dag to 2025-09-20T00:00:00+00:00, run_after=2025-09-21T00:00:00+00:00
[2025-09-20T10:54:08.384+0200] {processor.py:179} INFO - Processing /opt/airflow/dags/dag_sales_generated.py took 0.082 seconds
[2025-09-20T10:54:38.828+0200] {processor.py:157} INFO - Started process (PID=2123) to work on /opt/airflow/dags/dag_sales_generated.py
[2025-09-20T10:54:38.829+0200] {processor.py:826} INFO - Processing file /opt/airflow/dags/dag_sales_generated.py for tasks to queue
[2025-09-20T10:54:38.830+0200] {logging_mixin.py:150} INFO - [2025-09-20T10:54:38.830+0200] {dagbag.py:541} INFO - Filling up the DagBag from /opt/airflow/dags/dag_sales_generated.py
[2025-09-20T10:54:38.841+0200] {processor.py:836} INFO - DAG(s) dict_keys(['sales_generated_dag']) retrieved from /opt/airflow/dags/dag_sales_generated.py
[2025-09-20T10:54:38.869+0200] {logging_mixin.py:150} INFO - [2025-09-20T10:54:38.869+0200] {dag.py:2742} INFO - Sync 1 DAGs
[2025-09-20T10:54:38.892+0200] {logging_mixin.py:150} INFO - [2025-09-20T10:54:38.892+0200] {dag.py:3508} INFO - Setting next_dagrun for sales_generated_dag to 2025-09-20T00:00:00+00:00, run_after=2025-09-21T00:00:00+00:00
[2025-09-20T10:54:38.905+0200] {processor.py:179} INFO - Processing /opt/airflow/dags/dag_sales_generated.py took 0.080 seconds
[2025-09-20T10:55:09.315+0200] {processor.py:157} INFO - Started process (PID=2153) to work on /opt/airflow/dags/dag_sales_generated.py
[2025-09-20T10:55:09.316+0200] {processor.py:826} INFO - Processing file /opt/airflow/dags/dag_sales_generated.py for tasks to queue
[2025-09-20T10:55:09.317+0200] {logging_mixin.py:150} INFO - [2025-09-20T10:55:09.317+0200] {dagbag.py:541} INFO - Filling up the DagBag from /opt/airflow/dags/dag_sales_generated.py
[2025-09-20T10:55:09.328+0200] {processor.py:836} INFO - DAG(s) dict_keys(['sales_generated_dag']) retrieved from /opt/airflow/dags/dag_sales_generated.py
[2025-09-20T10:55:09.356+0200] {logging_mixin.py:150} INFO - [2025-09-20T10:55:09.356+0200] {dag.py:2742} INFO - Sync 1 DAGs
[2025-09-20T10:55:09.381+0200] {logging_mixin.py:150} INFO - [2025-09-20T10:55:09.380+0200] {dag.py:3508} INFO - Setting next_dagrun for sales_generated_dag to 2025-09-20T00:00:00+00:00, run_after=2025-09-21T00:00:00+00:00
[2025-09-20T10:55:09.394+0200] {processor.py:179} INFO - Processing /opt/airflow/dags/dag_sales_generated.py took 0.084 seconds
[2025-09-20T10:55:39.818+0200] {processor.py:157} INFO - Started process (PID=2183) to work on /opt/airflow/dags/dag_sales_generated.py
[2025-09-20T10:55:39.820+0200] {processor.py:826} INFO - Processing file /opt/airflow/dags/dag_sales_generated.py for tasks to queue
[2025-09-20T10:55:39.820+0200] {logging_mixin.py:150} INFO - [2025-09-20T10:55:39.820+0200] {dagbag.py:541} INFO - Filling up the DagBag from /opt/airflow/dags/dag_sales_generated.py
[2025-09-20T10:55:39.831+0200] {processor.py:836} INFO - DAG(s) dict_keys(['sales_generated_dag']) retrieved from /opt/airflow/dags/dag_sales_generated.py
[2025-09-20T10:55:39.856+0200] {logging_mixin.py:150} INFO - [2025-09-20T10:55:39.856+0200] {dag.py:2742} INFO - Sync 1 DAGs
[2025-09-20T10:55:39.875+0200] {logging_mixin.py:150} INFO - [2025-09-20T10:55:39.875+0200] {dag.py:3508} INFO - Setting next_dagrun for sales_generated_dag to 2025-09-20T00:00:00+00:00, run_after=2025-09-21T00:00:00+00:00
[2025-09-20T10:55:39.889+0200] {processor.py:179} INFO - Processing /opt/airflow/dags/dag_sales_generated.py took 0.074 seconds
[2025-09-20T10:56:10.324+0200] {processor.py:157} INFO - Started process (PID=2213) to work on /opt/airflow/dags/dag_sales_generated.py
[2025-09-20T10:56:10.325+0200] {processor.py:826} INFO - Processing file /opt/airflow/dags/dag_sales_generated.py for tasks to queue
[2025-09-20T10:56:10.326+0200] {logging_mixin.py:150} INFO - [2025-09-20T10:56:10.325+0200] {dagbag.py:541} INFO - Filling up the DagBag from /opt/airflow/dags/dag_sales_generated.py
[2025-09-20T10:56:10.337+0200] {processor.py:836} INFO - DAG(s) dict_keys(['sales_generated_dag']) retrieved from /opt/airflow/dags/dag_sales_generated.py
[2025-09-20T10:56:10.367+0200] {logging_mixin.py:150} INFO - [2025-09-20T10:56:10.366+0200] {dag.py:2742} INFO - Sync 1 DAGs
[2025-09-20T10:56:10.390+0200] {logging_mixin.py:150} INFO - [2025-09-20T10:56:10.390+0200] {dag.py:3508} INFO - Setting next_dagrun for sales_generated_dag to 2025-09-20T00:00:00+00:00, run_after=2025-09-21T00:00:00+00:00
[2025-09-20T10:56:10.401+0200] {processor.py:179} INFO - Processing /opt/airflow/dags/dag_sales_generated.py took 0.082 seconds
[2025-09-20T10:56:40.868+0200] {processor.py:157} INFO - Started process (PID=2243) to work on /opt/airflow/dags/dag_sales_generated.py
[2025-09-20T10:56:40.869+0200] {processor.py:826} INFO - Processing file /opt/airflow/dags/dag_sales_generated.py for tasks to queue
[2025-09-20T10:56:40.870+0200] {logging_mixin.py:150} INFO - [2025-09-20T10:56:40.870+0200] {dagbag.py:541} INFO - Filling up the DagBag from /opt/airflow/dags/dag_sales_generated.py
[2025-09-20T10:56:40.881+0200] {processor.py:836} INFO - DAG(s) dict_keys(['sales_generated_dag']) retrieved from /opt/airflow/dags/dag_sales_generated.py
[2025-09-20T10:56:40.910+0200] {logging_mixin.py:150} INFO - [2025-09-20T10:56:40.909+0200] {dag.py:2742} INFO - Sync 1 DAGs
[2025-09-20T10:56:40.932+0200] {logging_mixin.py:150} INFO - [2025-09-20T10:56:40.932+0200] {dag.py:3508} INFO - Setting next_dagrun for sales_generated_dag to 2025-09-20T00:00:00+00:00, run_after=2025-09-21T00:00:00+00:00
[2025-09-20T10:56:40.945+0200] {processor.py:179} INFO - Processing /opt/airflow/dags/dag_sales_generated.py took 0.081 seconds
[2025-09-20T10:57:11.395+0200] {processor.py:157} INFO - Started process (PID=2273) to work on /opt/airflow/dags/dag_sales_generated.py
[2025-09-20T10:57:11.396+0200] {processor.py:826} INFO - Processing file /opt/airflow/dags/dag_sales_generated.py for tasks to queue
[2025-09-20T10:57:11.397+0200] {logging_mixin.py:150} INFO - [2025-09-20T10:57:11.397+0200] {dagbag.py:541} INFO - Filling up the DagBag from /opt/airflow/dags/dag_sales_generated.py
[2025-09-20T10:57:11.408+0200] {processor.py:836} INFO - DAG(s) dict_keys(['sales_generated_dag']) retrieved from /opt/airflow/dags/dag_sales_generated.py
[2025-09-20T10:57:11.435+0200] {logging_mixin.py:150} INFO - [2025-09-20T10:57:11.435+0200] {dag.py:2742} INFO - Sync 1 DAGs
[2025-09-20T10:57:11.458+0200] {logging_mixin.py:150} INFO - [2025-09-20T10:57:11.458+0200] {dag.py:3508} INFO - Setting next_dagrun for sales_generated_dag to 2025-09-20T00:00:00+00:00, run_after=2025-09-21T00:00:00+00:00
[2025-09-20T10:57:11.471+0200] {processor.py:179} INFO - Processing /opt/airflow/dags/dag_sales_generated.py took 0.080 seconds
[2025-09-20T10:57:41.899+0200] {processor.py:157} INFO - Started process (PID=2303) to work on /opt/airflow/dags/dag_sales_generated.py
[2025-09-20T10:57:41.900+0200] {processor.py:826} INFO - Processing file /opt/airflow/dags/dag_sales_generated.py for tasks to queue
[2025-09-20T10:57:41.901+0200] {logging_mixin.py:150} INFO - [2025-09-20T10:57:41.900+0200] {dagbag.py:541} INFO - Filling up the DagBag from /opt/airflow/dags/dag_sales_generated.py
[2025-09-20T10:57:41.909+0200] {processor.py:836} INFO - DAG(s) dict_keys(['sales_generated_dag']) retrieved from /opt/airflow/dags/dag_sales_generated.py
[2025-09-20T10:57:41.933+0200] {logging_mixin.py:150} INFO - [2025-09-20T10:57:41.933+0200] {dag.py:2742} INFO - Sync 1 DAGs
[2025-09-20T10:57:41.954+0200] {logging_mixin.py:150} INFO - [2025-09-20T10:57:41.954+0200] {dag.py:3508} INFO - Setting next_dagrun for sales_generated_dag to 2025-09-20T00:00:00+00:00, run_after=2025-09-21T00:00:00+00:00
[2025-09-20T10:57:41.967+0200] {processor.py:179} INFO - Processing /opt/airflow/dags/dag_sales_generated.py took 0.070 seconds
[2025-09-20T10:58:12.337+0200] {processor.py:157} INFO - Started process (PID=2333) to work on /opt/airflow/dags/dag_sales_generated.py
[2025-09-20T10:58:12.337+0200] {processor.py:826} INFO - Processing file /opt/airflow/dags/dag_sales_generated.py for tasks to queue
[2025-09-20T10:58:12.338+0200] {logging_mixin.py:150} INFO - [2025-09-20T10:58:12.338+0200] {dagbag.py:541} INFO - Filling up the DagBag from /opt/airflow/dags/dag_sales_generated.py
[2025-09-20T10:58:12.348+0200] {processor.py:836} INFO - DAG(s) dict_keys(['sales_generated_dag']) retrieved from /opt/airflow/dags/dag_sales_generated.py
[2025-09-20T10:58:12.373+0200] {logging_mixin.py:150} INFO - [2025-09-20T10:58:12.373+0200] {dag.py:2742} INFO - Sync 1 DAGs
[2025-09-20T10:58:12.397+0200] {logging_mixin.py:150} INFO - [2025-09-20T10:58:12.396+0200] {dag.py:3508} INFO - Setting next_dagrun for sales_generated_dag to 2025-09-20T00:00:00+00:00, run_after=2025-09-21T00:00:00+00:00
[2025-09-20T10:58:12.411+0200] {processor.py:179} INFO - Processing /opt/airflow/dags/dag_sales_generated.py took 0.077 seconds
[2025-09-20T10:58:42.853+0200] {processor.py:157} INFO - Started process (PID=2363) to work on /opt/airflow/dags/dag_sales_generated.py
[2025-09-20T10:58:42.854+0200] {processor.py:826} INFO - Processing file /opt/airflow/dags/dag_sales_generated.py for tasks to queue
[2025-09-20T10:58:42.855+0200] {logging_mixin.py:150} INFO - [2025-09-20T10:58:42.855+0200] {dagbag.py:541} INFO - Filling up the DagBag from /opt/airflow/dags/dag_sales_generated.py
[2025-09-20T10:58:42.867+0200] {processor.py:836} INFO - DAG(s) dict_keys(['sales_generated_dag']) retrieved from /opt/airflow/dags/dag_sales_generated.py
[2025-09-20T10:58:42.897+0200] {logging_mixin.py:150} INFO - [2025-09-20T10:58:42.897+0200] {dag.py:2742} INFO - Sync 1 DAGs
[2025-09-20T10:58:42.921+0200] {logging_mixin.py:150} INFO - [2025-09-20T10:58:42.920+0200] {dag.py:3508} INFO - Setting next_dagrun for sales_generated_dag to 2025-09-20T00:00:00+00:00, run_after=2025-09-21T00:00:00+00:00
[2025-09-20T10:58:42.934+0200] {processor.py:179} INFO - Processing /opt/airflow/dags/dag_sales_generated.py took 0.085 seconds
[2025-09-20T10:59:13.327+0200] {processor.py:157} INFO - Started process (PID=2393) to work on /opt/airflow/dags/dag_sales_generated.py
[2025-09-20T10:59:13.328+0200] {processor.py:826} INFO - Processing file /opt/airflow/dags/dag_sales_generated.py for tasks to queue
[2025-09-20T10:59:13.329+0200] {logging_mixin.py:150} INFO - [2025-09-20T10:59:13.329+0200] {dagbag.py:541} INFO - Filling up the DagBag from /opt/airflow/dags/dag_sales_generated.py
[2025-09-20T10:59:13.340+0200] {processor.py:836} INFO - DAG(s) dict_keys(['sales_generated_dag']) retrieved from /opt/airflow/dags/dag_sales_generated.py
[2025-09-20T10:59:13.367+0200] {logging_mixin.py:150} INFO - [2025-09-20T10:59:13.367+0200] {dag.py:2742} INFO - Sync 1 DAGs
[2025-09-20T10:59:13.391+0200] {logging_mixin.py:150} INFO - [2025-09-20T10:59:13.390+0200] {dag.py:3508} INFO - Setting next_dagrun for sales_generated_dag to 2025-09-20T00:00:00+00:00, run_after=2025-09-21T00:00:00+00:00
[2025-09-20T10:59:13.403+0200] {processor.py:179} INFO - Processing /opt/airflow/dags/dag_sales_generated.py took 0.080 seconds
[2025-09-20T10:59:43.834+0200] {processor.py:157} INFO - Started process (PID=2423) to work on /opt/airflow/dags/dag_sales_generated.py
[2025-09-20T10:59:43.835+0200] {processor.py:826} INFO - Processing file /opt/airflow/dags/dag_sales_generated.py for tasks to queue
[2025-09-20T10:59:43.836+0200] {logging_mixin.py:150} INFO - [2025-09-20T10:59:43.836+0200] {dagbag.py:541} INFO - Filling up the DagBag from /opt/airflow/dags/dag_sales_generated.py
[2025-09-20T10:59:43.847+0200] {processor.py:836} INFO - DAG(s) dict_keys(['sales_generated_dag']) retrieved from /opt/airflow/dags/dag_sales_generated.py
[2025-09-20T10:59:43.874+0200] {logging_mixin.py:150} INFO - [2025-09-20T10:59:43.874+0200] {dag.py:2742} INFO - Sync 1 DAGs
[2025-09-20T10:59:43.898+0200] {logging_mixin.py:150} INFO - [2025-09-20T10:59:43.897+0200] {dag.py:3508} INFO - Setting next_dagrun for sales_generated_dag to 2025-09-20T00:00:00+00:00, run_after=2025-09-21T00:00:00+00:00
[2025-09-20T10:59:43.910+0200] {processor.py:179} INFO - Processing /opt/airflow/dags/dag_sales_generated.py took 0.079 seconds
[2025-09-20T11:00:14.365+0200] {processor.py:157} INFO - Started process (PID=2453) to work on /opt/airflow/dags/dag_sales_generated.py
[2025-09-20T11:00:14.366+0200] {processor.py:826} INFO - Processing file /opt/airflow/dags/dag_sales_generated.py for tasks to queue
[2025-09-20T11:00:14.366+0200] {logging_mixin.py:150} INFO - [2025-09-20T11:00:14.366+0200] {dagbag.py:541} INFO - Filling up the DagBag from /opt/airflow/dags/dag_sales_generated.py
[2025-09-20T11:00:14.376+0200] {processor.py:836} INFO - DAG(s) dict_keys(['sales_generated_dag']) retrieved from /opt/airflow/dags/dag_sales_generated.py
[2025-09-20T11:00:14.399+0200] {logging_mixin.py:150} INFO - [2025-09-20T11:00:14.399+0200] {dag.py:2742} INFO - Sync 1 DAGs
[2025-09-20T11:00:14.422+0200] {logging_mixin.py:150} INFO - [2025-09-20T11:00:14.421+0200] {dag.py:3508} INFO - Setting next_dagrun for sales_generated_dag to 2025-09-20T00:00:00+00:00, run_after=2025-09-21T00:00:00+00:00
[2025-09-20T11:00:14.434+0200] {processor.py:179} INFO - Processing /opt/airflow/dags/dag_sales_generated.py took 0.073 seconds
[2025-09-20T11:00:44.901+0200] {processor.py:157} INFO - Started process (PID=2483) to work on /opt/airflow/dags/dag_sales_generated.py
[2025-09-20T11:00:44.903+0200] {processor.py:826} INFO - Processing file /opt/airflow/dags/dag_sales_generated.py for tasks to queue
[2025-09-20T11:00:44.904+0200] {logging_mixin.py:150} INFO - [2025-09-20T11:00:44.903+0200] {dagbag.py:541} INFO - Filling up the DagBag from /opt/airflow/dags/dag_sales_generated.py
[2025-09-20T11:00:44.920+0200] {processor.py:836} INFO - DAG(s) dict_keys(['sales_generated_dag']) retrieved from /opt/airflow/dags/dag_sales_generated.py
[2025-09-20T11:00:44.948+0200] {logging_mixin.py:150} INFO - [2025-09-20T11:00:44.947+0200] {dag.py:2742} INFO - Sync 1 DAGs
[2025-09-20T11:00:44.971+0200] {logging_mixin.py:150} INFO - [2025-09-20T11:00:44.971+0200] {dag.py:3508} INFO - Setting next_dagrun for sales_generated_dag to 2025-09-20T00:00:00+00:00, run_after=2025-09-21T00:00:00+00:00
[2025-09-20T11:00:44.984+0200] {processor.py:179} INFO - Processing /opt/airflow/dags/dag_sales_generated.py took 0.087 seconds
[2025-09-20T11:01:15.419+0200] {processor.py:157} INFO - Started process (PID=2513) to work on /opt/airflow/dags/dag_sales_generated.py
[2025-09-20T11:01:15.420+0200] {processor.py:826} INFO - Processing file /opt/airflow/dags/dag_sales_generated.py for tasks to queue
[2025-09-20T11:01:15.421+0200] {logging_mixin.py:150} INFO - [2025-09-20T11:01:15.421+0200] {dagbag.py:541} INFO - Filling up the DagBag from /opt/airflow/dags/dag_sales_generated.py
[2025-09-20T11:01:15.432+0200] {processor.py:836} INFO - DAG(s) dict_keys(['sales_generated_dag']) retrieved from /opt/airflow/dags/dag_sales_generated.py
[2025-09-20T11:01:15.460+0200] {logging_mixin.py:150} INFO - [2025-09-20T11:01:15.460+0200] {dag.py:2742} INFO - Sync 1 DAGs
[2025-09-20T11:01:15.484+0200] {logging_mixin.py:150} INFO - [2025-09-20T11:01:15.484+0200] {dag.py:3508} INFO - Setting next_dagrun for sales_generated_dag to 2025-09-20T00:00:00+00:00, run_after=2025-09-21T00:00:00+00:00
[2025-09-20T11:01:15.497+0200] {processor.py:179} INFO - Processing /opt/airflow/dags/dag_sales_generated.py took 0.081 seconds
[2025-09-20T11:01:45.936+0200] {processor.py:157} INFO - Started process (PID=2543) to work on /opt/airflow/dags/dag_sales_generated.py
[2025-09-20T11:01:45.937+0200] {processor.py:826} INFO - Processing file /opt/airflow/dags/dag_sales_generated.py for tasks to queue
[2025-09-20T11:01:45.938+0200] {logging_mixin.py:150} INFO - [2025-09-20T11:01:45.938+0200] {dagbag.py:541} INFO - Filling up the DagBag from /opt/airflow/dags/dag_sales_generated.py
[2025-09-20T11:01:45.950+0200] {processor.py:836} INFO - DAG(s) dict_keys(['sales_generated_dag']) retrieved from /opt/airflow/dags/dag_sales_generated.py
[2025-09-20T11:01:45.976+0200] {logging_mixin.py:150} INFO - [2025-09-20T11:01:45.976+0200] {dag.py:2742} INFO - Sync 1 DAGs
[2025-09-20T11:01:46.002+0200] {logging_mixin.py:150} INFO - [2025-09-20T11:01:46.001+0200] {dag.py:3508} INFO - Setting next_dagrun for sales_generated_dag to 2025-09-20T00:00:00+00:00, run_after=2025-09-21T00:00:00+00:00
[2025-09-20T11:01:46.015+0200] {processor.py:179} INFO - Processing /opt/airflow/dags/dag_sales_generated.py took 0.085 seconds
[2025-09-20T11:02:16.413+0200] {processor.py:157} INFO - Started process (PID=2573) to work on /opt/airflow/dags/dag_sales_generated.py
[2025-09-20T11:02:16.414+0200] {processor.py:826} INFO - Processing file /opt/airflow/dags/dag_sales_generated.py for tasks to queue
[2025-09-20T11:02:16.415+0200] {logging_mixin.py:150} INFO - [2025-09-20T11:02:16.414+0200] {dagbag.py:541} INFO - Filling up the DagBag from /opt/airflow/dags/dag_sales_generated.py
[2025-09-20T11:02:16.423+0200] {processor.py:836} INFO - DAG(s) dict_keys(['sales_generated_dag']) retrieved from /opt/airflow/dags/dag_sales_generated.py
[2025-09-20T11:02:16.446+0200] {logging_mixin.py:150} INFO - [2025-09-20T11:02:16.446+0200] {dag.py:2742} INFO - Sync 1 DAGs
[2025-09-20T11:02:16.466+0200] {logging_mixin.py:150} INFO - [2025-09-20T11:02:16.466+0200] {dag.py:3508} INFO - Setting next_dagrun for sales_generated_dag to 2025-09-20T00:00:00+00:00, run_after=2025-09-21T00:00:00+00:00
[2025-09-20T11:02:16.478+0200] {processor.py:179} INFO - Processing /opt/airflow/dags/dag_sales_generated.py took 0.067 seconds
[2025-09-20T11:02:46.884+0200] {processor.py:157} INFO - Started process (PID=2603) to work on /opt/airflow/dags/dag_sales_generated.py
[2025-09-20T11:02:46.886+0200] {processor.py:826} INFO - Processing file /opt/airflow/dags/dag_sales_generated.py for tasks to queue
[2025-09-20T11:02:46.887+0200] {logging_mixin.py:150} INFO - [2025-09-20T11:02:46.886+0200] {dagbag.py:541} INFO - Filling up the DagBag from /opt/airflow/dags/dag_sales_generated.py
[2025-09-20T11:02:46.904+0200] {processor.py:836} INFO - DAG(s) dict_keys(['sales_generated_dag']) retrieved from /opt/airflow/dags/dag_sales_generated.py
[2025-09-20T11:02:46.946+0200] {logging_mixin.py:150} INFO - [2025-09-20T11:02:46.945+0200] {dag.py:2742} INFO - Sync 1 DAGs
[2025-09-20T11:02:46.974+0200] {logging_mixin.py:150} INFO - [2025-09-20T11:02:46.974+0200] {dag.py:3508} INFO - Setting next_dagrun for sales_generated_dag to 2025-09-20T00:00:00+00:00, run_after=2025-09-21T00:00:00+00:00
[2025-09-20T11:02:46.988+0200] {processor.py:179} INFO - Processing /opt/airflow/dags/dag_sales_generated.py took 0.109 seconds
[2025-09-20T11:03:17.566+0200] {processor.py:157} INFO - Started process (PID=2633) to work on /opt/airflow/dags/dag_sales_generated.py
[2025-09-20T11:03:17.567+0200] {processor.py:826} INFO - Processing file /opt/airflow/dags/dag_sales_generated.py for tasks to queue
[2025-09-20T11:03:17.568+0200] {logging_mixin.py:150} INFO - [2025-09-20T11:03:17.568+0200] {dagbag.py:541} INFO - Filling up the DagBag from /opt/airflow/dags/dag_sales_generated.py
[2025-09-20T11:03:17.585+0200] {processor.py:836} INFO - DAG(s) dict_keys(['sales_generated_dag']) retrieved from /opt/airflow/dags/dag_sales_generated.py
[2025-09-20T11:03:17.619+0200] {logging_mixin.py:150} INFO - [2025-09-20T11:03:17.619+0200] {dag.py:2742} INFO - Sync 1 DAGs
[2025-09-20T11:03:17.644+0200] {logging_mixin.py:150} INFO - [2025-09-20T11:03:17.644+0200] {dag.py:3508} INFO - Setting next_dagrun for sales_generated_dag to 2025-09-20T00:00:00+00:00, run_after=2025-09-21T00:00:00+00:00
[2025-09-20T11:03:17.658+0200] {processor.py:179} INFO - Processing /opt/airflow/dags/dag_sales_generated.py took 0.097 seconds
[2025-09-20T11:03:48.046+0200] {processor.py:157} INFO - Started process (PID=2663) to work on /opt/airflow/dags/dag_sales_generated.py
[2025-09-20T11:03:48.047+0200] {processor.py:826} INFO - Processing file /opt/airflow/dags/dag_sales_generated.py for tasks to queue
[2025-09-20T11:03:48.048+0200] {logging_mixin.py:150} INFO - [2025-09-20T11:03:48.048+0200] {dagbag.py:541} INFO - Filling up the DagBag from /opt/airflow/dags/dag_sales_generated.py
[2025-09-20T11:03:48.061+0200] {processor.py:836} INFO - DAG(s) dict_keys(['sales_generated_dag']) retrieved from /opt/airflow/dags/dag_sales_generated.py
[2025-09-20T11:03:48.092+0200] {logging_mixin.py:150} INFO - [2025-09-20T11:03:48.091+0200] {dag.py:2742} INFO - Sync 1 DAGs
[2025-09-20T11:03:48.115+0200] {logging_mixin.py:150} INFO - [2025-09-20T11:03:48.115+0200] {dag.py:3508} INFO - Setting next_dagrun for sales_generated_dag to 2025-09-20T00:00:00+00:00, run_after=2025-09-21T00:00:00+00:00
[2025-09-20T11:03:48.128+0200] {processor.py:179} INFO - Processing /opt/airflow/dags/dag_sales_generated.py took 0.086 seconds
[2025-09-20T11:04:18.511+0200] {processor.py:157} INFO - Started process (PID=2693) to work on /opt/airflow/dags/dag_sales_generated.py
[2025-09-20T11:04:18.512+0200] {processor.py:826} INFO - Processing file /opt/airflow/dags/dag_sales_generated.py for tasks to queue
[2025-09-20T11:04:18.513+0200] {logging_mixin.py:150} INFO - [2025-09-20T11:04:18.513+0200] {dagbag.py:541} INFO - Filling up the DagBag from /opt/airflow/dags/dag_sales_generated.py
[2025-09-20T11:04:18.524+0200] {processor.py:836} INFO - DAG(s) dict_keys(['sales_generated_dag']) retrieved from /opt/airflow/dags/dag_sales_generated.py
[2025-09-20T11:04:18.552+0200] {logging_mixin.py:150} INFO - [2025-09-20T11:04:18.552+0200] {dag.py:2742} INFO - Sync 1 DAGs
[2025-09-20T11:04:18.577+0200] {logging_mixin.py:150} INFO - [2025-09-20T11:04:18.577+0200] {dag.py:3508} INFO - Setting next_dagrun for sales_generated_dag to 2025-09-20T00:00:00+00:00, run_after=2025-09-21T00:00:00+00:00
[2025-09-20T11:04:18.590+0200] {processor.py:179} INFO - Processing /opt/airflow/dags/dag_sales_generated.py took 0.083 seconds
[2025-09-20T11:04:49.051+0200] {processor.py:157} INFO - Started process (PID=2723) to work on /opt/airflow/dags/dag_sales_generated.py
[2025-09-20T11:04:49.052+0200] {processor.py:826} INFO - Processing file /opt/airflow/dags/dag_sales_generated.py for tasks to queue
[2025-09-20T11:04:49.053+0200] {logging_mixin.py:150} INFO - [2025-09-20T11:04:49.053+0200] {dagbag.py:541} INFO - Filling up the DagBag from /opt/airflow/dags/dag_sales_generated.py
[2025-09-20T11:04:49.069+0200] {processor.py:836} INFO - DAG(s) dict_keys(['sales_generated_dag']) retrieved from /opt/airflow/dags/dag_sales_generated.py
[2025-09-20T11:04:49.108+0200] {logging_mixin.py:150} INFO - [2025-09-20T11:04:49.108+0200] {dag.py:2742} INFO - Sync 1 DAGs
[2025-09-20T11:04:49.136+0200] {logging_mixin.py:150} INFO - [2025-09-20T11:04:49.136+0200] {dag.py:3508} INFO - Setting next_dagrun for sales_generated_dag to 2025-09-20T00:00:00+00:00, run_after=2025-09-21T00:00:00+00:00
[2025-09-20T11:04:49.152+0200] {processor.py:179} INFO - Processing /opt/airflow/dags/dag_sales_generated.py took 0.106 seconds
[2025-09-20T11:05:19.568+0200] {processor.py:157} INFO - Started process (PID=2753) to work on /opt/airflow/dags/dag_sales_generated.py
[2025-09-20T11:05:19.569+0200] {processor.py:826} INFO - Processing file /opt/airflow/dags/dag_sales_generated.py for tasks to queue
[2025-09-20T11:05:19.570+0200] {logging_mixin.py:150} INFO - [2025-09-20T11:05:19.570+0200] {dagbag.py:541} INFO - Filling up the DagBag from /opt/airflow/dags/dag_sales_generated.py
[2025-09-20T11:05:19.583+0200] {processor.py:836} INFO - DAG(s) dict_keys(['sales_generated_dag']) retrieved from /opt/airflow/dags/dag_sales_generated.py
[2025-09-20T11:05:19.610+0200] {logging_mixin.py:150} INFO - [2025-09-20T11:05:19.610+0200] {dag.py:2742} INFO - Sync 1 DAGs
[2025-09-20T11:05:19.637+0200] {logging_mixin.py:150} INFO - [2025-09-20T11:05:19.637+0200] {dag.py:3508} INFO - Setting next_dagrun for sales_generated_dag to 2025-09-20T00:00:00+00:00, run_after=2025-09-21T00:00:00+00:00
[2025-09-20T11:05:19.653+0200] {processor.py:179} INFO - Processing /opt/airflow/dags/dag_sales_generated.py took 0.092 seconds
[2025-09-20T11:05:50.039+0200] {processor.py:157} INFO - Started process (PID=2783) to work on /opt/airflow/dags/dag_sales_generated.py
[2025-09-20T11:05:50.040+0200] {processor.py:826} INFO - Processing file /opt/airflow/dags/dag_sales_generated.py for tasks to queue
[2025-09-20T11:05:50.042+0200] {logging_mixin.py:150} INFO - [2025-09-20T11:05:50.041+0200] {dagbag.py:541} INFO - Filling up the DagBag from /opt/airflow/dags/dag_sales_generated.py
[2025-09-20T11:05:50.059+0200] {processor.py:836} INFO - DAG(s) dict_keys(['sales_generated_dag']) retrieved from /opt/airflow/dags/dag_sales_generated.py
[2025-09-20T11:05:50.099+0200] {logging_mixin.py:150} INFO - [2025-09-20T11:05:50.098+0200] {dag.py:2742} INFO - Sync 1 DAGs
[2025-09-20T11:05:50.127+0200] {logging_mixin.py:150} INFO - [2025-09-20T11:05:50.126+0200] {dag.py:3508} INFO - Setting next_dagrun for sales_generated_dag to 2025-09-20T00:00:00+00:00, run_after=2025-09-21T00:00:00+00:00
[2025-09-20T11:05:50.147+0200] {processor.py:179} INFO - Processing /opt/airflow/dags/dag_sales_generated.py took 0.114 seconds
[2025-09-20T11:06:20.520+0200] {processor.py:157} INFO - Started process (PID=2813) to work on /opt/airflow/dags/dag_sales_generated.py
[2025-09-20T11:06:20.521+0200] {processor.py:826} INFO - Processing file /opt/airflow/dags/dag_sales_generated.py for tasks to queue
[2025-09-20T11:06:20.522+0200] {logging_mixin.py:150} INFO - [2025-09-20T11:06:20.522+0200] {dagbag.py:541} INFO - Filling up the DagBag from /opt/airflow/dags/dag_sales_generated.py
[2025-09-20T11:06:20.534+0200] {processor.py:836} INFO - DAG(s) dict_keys(['sales_generated_dag']) retrieved from /opt/airflow/dags/dag_sales_generated.py
[2025-09-20T11:06:20.565+0200] {logging_mixin.py:150} INFO - [2025-09-20T11:06:20.565+0200] {dag.py:2742} INFO - Sync 1 DAGs
[2025-09-20T11:06:20.592+0200] {logging_mixin.py:150} INFO - [2025-09-20T11:06:20.591+0200] {dag.py:3508} INFO - Setting next_dagrun for sales_generated_dag to 2025-09-20T00:00:00+00:00, run_after=2025-09-21T00:00:00+00:00
[2025-09-20T11:06:20.606+0200] {processor.py:179} INFO - Processing /opt/airflow/dags/dag_sales_generated.py took 0.090 seconds
[2025-09-20T11:06:51.026+0200] {processor.py:157} INFO - Started process (PID=2843) to work on /opt/airflow/dags/dag_sales_generated.py
[2025-09-20T11:06:51.027+0200] {processor.py:826} INFO - Processing file /opt/airflow/dags/dag_sales_generated.py for tasks to queue
[2025-09-20T11:06:51.028+0200] {logging_mixin.py:150} INFO - [2025-09-20T11:06:51.028+0200] {dagbag.py:541} INFO - Filling up the DagBag from /opt/airflow/dags/dag_sales_generated.py
[2025-09-20T11:06:51.039+0200] {processor.py:836} INFO - DAG(s) dict_keys(['sales_generated_dag']) retrieved from /opt/airflow/dags/dag_sales_generated.py
[2025-09-20T11:06:51.068+0200] {logging_mixin.py:150} INFO - [2025-09-20T11:06:51.068+0200] {dag.py:2742} INFO - Sync 1 DAGs
[2025-09-20T11:06:51.092+0200] {logging_mixin.py:150} INFO - [2025-09-20T11:06:51.092+0200] {dag.py:3508} INFO - Setting next_dagrun for sales_generated_dag to 2025-09-20T00:00:00+00:00, run_after=2025-09-21T00:00:00+00:00
[2025-09-20T11:06:51.107+0200] {processor.py:179} INFO - Processing /opt/airflow/dags/dag_sales_generated.py took 0.084 seconds
[2025-09-20T11:07:21.548+0200] {processor.py:157} INFO - Started process (PID=2873) to work on /opt/airflow/dags/dag_sales_generated.py
[2025-09-20T11:07:21.550+0200] {processor.py:826} INFO - Processing file /opt/airflow/dags/dag_sales_generated.py for tasks to queue
[2025-09-20T11:07:21.551+0200] {logging_mixin.py:150} INFO - [2025-09-20T11:07:21.551+0200] {dagbag.py:541} INFO - Filling up the DagBag from /opt/airflow/dags/dag_sales_generated.py
[2025-09-20T11:07:21.563+0200] {processor.py:836} INFO - DAG(s) dict_keys(['sales_generated_dag']) retrieved from /opt/airflow/dags/dag_sales_generated.py
[2025-09-20T11:07:21.589+0200] {logging_mixin.py:150} INFO - [2025-09-20T11:07:21.589+0200] {dag.py:2742} INFO - Sync 1 DAGs
[2025-09-20T11:07:21.610+0200] {logging_mixin.py:150} INFO - [2025-09-20T11:07:21.610+0200] {dag.py:3508} INFO - Setting next_dagrun for sales_generated_dag to 2025-09-20T00:00:00+00:00, run_after=2025-09-21T00:00:00+00:00
[2025-09-20T11:07:21.622+0200] {processor.py:179} INFO - Processing /opt/airflow/dags/dag_sales_generated.py took 0.078 seconds
[2025-09-20T11:07:52.050+0200] {processor.py:157} INFO - Started process (PID=2903) to work on /opt/airflow/dags/dag_sales_generated.py
[2025-09-20T11:07:52.051+0200] {processor.py:826} INFO - Processing file /opt/airflow/dags/dag_sales_generated.py for tasks to queue
[2025-09-20T11:07:52.052+0200] {logging_mixin.py:150} INFO - [2025-09-20T11:07:52.052+0200] {dagbag.py:541} INFO - Filling up the DagBag from /opt/airflow/dags/dag_sales_generated.py
[2025-09-20T11:07:52.063+0200] {processor.py:836} INFO - DAG(s) dict_keys(['sales_generated_dag']) retrieved from /opt/airflow/dags/dag_sales_generated.py
[2025-09-20T11:07:52.085+0200] {logging_mixin.py:150} INFO - [2025-09-20T11:07:52.085+0200] {dag.py:2742} INFO - Sync 1 DAGs
[2025-09-20T11:07:52.105+0200] {logging_mixin.py:150} INFO - [2025-09-20T11:07:52.105+0200] {dag.py:3508} INFO - Setting next_dagrun for sales_generated_dag to 2025-09-20T00:00:00+00:00, run_after=2025-09-21T00:00:00+00:00
[2025-09-20T11:07:52.116+0200] {processor.py:179} INFO - Processing /opt/airflow/dags/dag_sales_generated.py took 0.069 seconds
[2025-09-20T11:08:22.553+0200] {processor.py:157} INFO - Started process (PID=2933) to work on /opt/airflow/dags/dag_sales_generated.py
[2025-09-20T11:08:22.554+0200] {processor.py:826} INFO - Processing file /opt/airflow/dags/dag_sales_generated.py for tasks to queue
[2025-09-20T11:08:22.555+0200] {logging_mixin.py:150} INFO - [2025-09-20T11:08:22.555+0200] {dagbag.py:541} INFO - Filling up the DagBag from /opt/airflow/dags/dag_sales_generated.py
[2025-09-20T11:08:22.565+0200] {processor.py:836} INFO - DAG(s) dict_keys(['sales_generated_dag']) retrieved from /opt/airflow/dags/dag_sales_generated.py
[2025-09-20T11:08:22.594+0200] {logging_mixin.py:150} INFO - [2025-09-20T11:08:22.593+0200] {dag.py:2742} INFO - Sync 1 DAGs
[2025-09-20T11:08:22.616+0200] {logging_mixin.py:150} INFO - [2025-09-20T11:08:22.616+0200] {dag.py:3508} INFO - Setting next_dagrun for sales_generated_dag to 2025-09-20T00:00:00+00:00, run_after=2025-09-21T00:00:00+00:00
[2025-09-20T11:08:22.629+0200] {processor.py:179} INFO - Processing /opt/airflow/dags/dag_sales_generated.py took 0.078 seconds
[2025-09-20T11:08:53.101+0200] {processor.py:157} INFO - Started process (PID=2963) to work on /opt/airflow/dags/dag_sales_generated.py
[2025-09-20T11:08:53.102+0200] {processor.py:826} INFO - Processing file /opt/airflow/dags/dag_sales_generated.py for tasks to queue
[2025-09-20T11:08:53.103+0200] {logging_mixin.py:150} INFO - [2025-09-20T11:08:53.103+0200] {dagbag.py:541} INFO - Filling up the DagBag from /opt/airflow/dags/dag_sales_generated.py
[2025-09-20T11:08:53.114+0200] {processor.py:836} INFO - DAG(s) dict_keys(['sales_generated_dag']) retrieved from /opt/airflow/dags/dag_sales_generated.py
[2025-09-20T11:08:53.142+0200] {logging_mixin.py:150} INFO - [2025-09-20T11:08:53.142+0200] {dag.py:2742} INFO - Sync 1 DAGs
[2025-09-20T11:08:53.165+0200] {logging_mixin.py:150} INFO - [2025-09-20T11:08:53.165+0200] {dag.py:3508} INFO - Setting next_dagrun for sales_generated_dag to 2025-09-20T00:00:00+00:00, run_after=2025-09-21T00:00:00+00:00
[2025-09-20T11:08:53.179+0200] {processor.py:179} INFO - Processing /opt/airflow/dags/dag_sales_generated.py took 0.082 seconds
[2025-09-20T11:09:23.570+0200] {processor.py:157} INFO - Started process (PID=2993) to work on /opt/airflow/dags/dag_sales_generated.py
[2025-09-20T11:09:23.571+0200] {processor.py:826} INFO - Processing file /opt/airflow/dags/dag_sales_generated.py for tasks to queue
[2025-09-20T11:09:23.572+0200] {logging_mixin.py:150} INFO - [2025-09-20T11:09:23.572+0200] {dagbag.py:541} INFO - Filling up the DagBag from /opt/airflow/dags/dag_sales_generated.py
[2025-09-20T11:09:23.585+0200] {processor.py:836} INFO - DAG(s) dict_keys(['sales_generated_dag']) retrieved from /opt/airflow/dags/dag_sales_generated.py
[2025-09-20T11:09:23.617+0200] {logging_mixin.py:150} INFO - [2025-09-20T11:09:23.617+0200] {dag.py:2742} INFO - Sync 1 DAGs
[2025-09-20T11:09:23.646+0200] {logging_mixin.py:150} INFO - [2025-09-20T11:09:23.646+0200] {dag.py:3508} INFO - Setting next_dagrun for sales_generated_dag to 2025-09-20T00:00:00+00:00, run_after=2025-09-21T00:00:00+00:00
[2025-09-20T11:09:23.664+0200] {processor.py:179} INFO - Processing /opt/airflow/dags/dag_sales_generated.py took 0.097 seconds
[2025-09-20T11:09:54.112+0200] {processor.py:157} INFO - Started process (PID=3023) to work on /opt/airflow/dags/dag_sales_generated.py
[2025-09-20T11:09:54.112+0200] {processor.py:826} INFO - Processing file /opt/airflow/dags/dag_sales_generated.py for tasks to queue
[2025-09-20T11:09:54.113+0200] {logging_mixin.py:150} INFO - [2025-09-20T11:09:54.113+0200] {dagbag.py:541} INFO - Filling up the DagBag from /opt/airflow/dags/dag_sales_generated.py
[2025-09-20T11:09:54.123+0200] {processor.py:836} INFO - DAG(s) dict_keys(['sales_generated_dag']) retrieved from /opt/airflow/dags/dag_sales_generated.py
[2025-09-20T11:09:54.148+0200] {logging_mixin.py:150} INFO - [2025-09-20T11:09:54.148+0200] {dag.py:2742} INFO - Sync 1 DAGs
[2025-09-20T11:09:54.170+0200] {logging_mixin.py:150} INFO - [2025-09-20T11:09:54.170+0200] {dag.py:3508} INFO - Setting next_dagrun for sales_generated_dag to 2025-09-20T00:00:00+00:00, run_after=2025-09-21T00:00:00+00:00
[2025-09-20T11:09:54.183+0200] {processor.py:179} INFO - Processing /opt/airflow/dags/dag_sales_generated.py took 0.074 seconds
