[2025-09-20T11:58:30.015+0200] {taskinstance.py:1103} INFO - Dependencies all met for dep_context=non-requeueable deps ti=<TaskInstance: manual_full_load.load_dim_product manual__2025-09-20T09:48:23.778100+00:00 [queued]>
[2025-09-20T11:58:30.024+0200] {taskinstance.py:1103} INFO - Dependencies all met for dep_context=requeueable deps ti=<TaskInstance: manual_full_load.load_dim_product manual__2025-09-20T09:48:23.778100+00:00 [queued]>
[2025-09-20T11:58:30.024+0200] {taskinstance.py:1308} INFO - Starting attempt 1 of 2
[2025-09-20T11:58:30.037+0200] {taskinstance.py:1327} INFO - Executing <Task(PostgresOperator): load_dim_product> on 2025-09-20 09:48:23.778100+00:00
[2025-09-20T11:58:30.041+0200] {standard_task_runner.py:57} INFO - Started process 6766 to run task
[2025-09-20T11:58:30.045+0200] {standard_task_runner.py:84} INFO - Running: ['airflow', 'tasks', 'run', 'manual_full_load', 'load_dim_product', 'manual__2025-09-20T09:48:23.778100+00:00', '--job-id', '59', '--raw', '--subdir', 'DAGS_FOLDER/manual_full_load.py', '--cfg-path', '/tmp/tmpspyv7z4j']
[2025-09-20T11:58:30.048+0200] {standard_task_runner.py:85} INFO - Job 59: Subtask load_dim_product
[2025-09-20T11:58:30.111+0200] {task_command.py:410} INFO - Running <TaskInstance: manual_full_load.load_dim_product manual__2025-09-20T09:48:23.778100+00:00 [running]> on host 1102361e702e
[2025-09-20T11:58:30.204+0200] {taskinstance.py:1547} INFO - Exporting env vars: AIRFLOW_CTX_DAG_OWNER='airflow' AIRFLOW_CTX_DAG_ID='manual_full_load' AIRFLOW_CTX_TASK_ID='load_dim_product' AIRFLOW_CTX_EXECUTION_DATE='2025-09-20T09:48:23.778100+00:00' AIRFLOW_CTX_TRY_NUMBER='1' AIRFLOW_CTX_DAG_RUN_ID='manual__2025-09-20T09:48:23.778100+00:00'
[2025-09-20T11:58:30.207+0200] {sql.py:265} INFO - Executing: 
        INSERT INTO dwh.dim_product (product_id, product_name, category, brand)
        SELECT DISTINCT product_id, product_name, category, brand
        FROM staging.products_stg
        ON CONFLICT (product_id) DO UPDATE SET
            product_name = EXCLUDED.product_name,
            category = EXCLUDED.category,
            brand = EXCLUDED.brand;
        
[2025-09-20T11:58:30.222+0200] {base.py:73} INFO - Using connection ID 'postgres_retail' for task execution.
[2025-09-20T11:58:30.270+0200] {base.py:73} INFO - Using connection ID 'postgres_retail' for task execution.
[2025-09-20T11:58:30.276+0200] {sql.py:375} INFO - Running statement: 
        INSERT INTO dwh.dim_product (product_id, product_name, category, brand)
        SELECT DISTINCT product_id, product_name, category, brand
        FROM staging.products_stg
        ON CONFLICT (product_id) DO UPDATE SET
            product_name = EXCLUDED.product_name,
            category = EXCLUDED.category,
            brand = EXCLUDED.brand;
        , parameters: None
[2025-09-20T11:58:30.280+0200] {sql.py:384} INFO - Rows affected: 5
[2025-09-20T11:58:30.294+0200] {taskinstance.py:1350} INFO - Marking task as SUCCESS. dag_id=manual_full_load, task_id=load_dim_product, execution_date=20250920T094823, start_date=20250920T095830, end_date=20250920T095830
[2025-09-20T11:58:30.346+0200] {local_task_job_runner.py:225} INFO - Task exited with return code 0
[2025-09-20T11:58:30.379+0200] {taskinstance.py:2653} INFO - 0 downstream tasks scheduled from follow-on schedule check
