[2025-09-20T12:02:37.939+0200] {taskinstance.py:1103} INFO - Dependencies all met for dep_context=non-requeueable deps ti=<TaskInstance: manual_full_load.load_fct_promotions manual__2025-09-20T10:02:30.721682+00:00 [queued]>
[2025-09-20T12:02:37.954+0200] {taskinstance.py:1103} INFO - Dependencies all met for dep_context=requeueable deps ti=<TaskInstance: manual_full_load.load_fct_promotions manual__2025-09-20T10:02:30.721682+00:00 [queued]>
[2025-09-20T12:02:37.954+0200] {taskinstance.py:1308} INFO - Starting attempt 1 of 2
[2025-09-20T12:02:37.973+0200] {taskinstance.py:1327} INFO - Executing <Task(PostgresOperator): load_fct_promotions> on 2025-09-20 10:02:30.721682+00:00
[2025-09-20T12:02:37.978+0200] {standard_task_runner.py:57} INFO - Started process 7200 to run task
[2025-09-20T12:02:37.986+0200] {standard_task_runner.py:84} INFO - Running: ['airflow', 'tasks', 'run', 'manual_full_load', 'load_fct_promotions', 'manual__2025-09-20T10:02:30.721682+00:00', '--job-id', '97', '--raw', '--subdir', 'DAGS_FOLDER/manual_full_load.py', '--cfg-path', '/tmp/tmp0zqczve3']
[2025-09-20T12:02:37.993+0200] {standard_task_runner.py:85} INFO - Job 97: Subtask load_fct_promotions
[2025-09-20T12:02:38.092+0200] {task_command.py:410} INFO - Running <TaskInstance: manual_full_load.load_fct_promotions manual__2025-09-20T10:02:30.721682+00:00 [running]> on host 1102361e702e
[2025-09-20T12:02:38.232+0200] {taskinstance.py:1547} INFO - Exporting env vars: AIRFLOW_CTX_DAG_OWNER='airflow' AIRFLOW_CTX_DAG_ID='manual_full_load' AIRFLOW_CTX_TASK_ID='load_fct_promotions' AIRFLOW_CTX_EXECUTION_DATE='2025-09-20T10:02:30.721682+00:00' AIRFLOW_CTX_TRY_NUMBER='1' AIRFLOW_CTX_DAG_RUN_ID='manual__2025-09-20T10:02:30.721682+00:00'
[2025-09-20T12:02:38.233+0200] {sql.py:265} INFO - Executing: 
        INSERT INTO dwh.fct_promotions (promo_id, product_id, start_date, end_date, discount, description)
        SELECT promo_id, product_id, start_date, end_date, discount, description
        FROM staging.promotions_stg;
        
[2025-09-20T12:02:38.258+0200] {base.py:73} INFO - Using connection ID 'postgres_retail' for task execution.
[2025-09-20T12:02:38.330+0200] {base.py:73} INFO - Using connection ID 'postgres_retail' for task execution.
[2025-09-20T12:02:38.337+0200] {sql.py:375} INFO - Running statement: 
        INSERT INTO dwh.fct_promotions (promo_id, product_id, start_date, end_date, discount, description)
        SELECT promo_id, product_id, start_date, end_date, discount, description
        FROM staging.promotions_stg;
        , parameters: None
[2025-09-20T12:02:38.340+0200] {sql.py:384} INFO - Rows affected: 20
[2025-09-20T12:02:38.355+0200] {taskinstance.py:1350} INFO - Marking task as SUCCESS. dag_id=manual_full_load, task_id=load_fct_promotions, execution_date=20250920T100230, start_date=20250920T100237, end_date=20250920T100238
[2025-09-20T12:02:38.370+0200] {local_task_job_runner.py:225} INFO - Task exited with return code 0
[2025-09-20T12:02:38.410+0200] {taskinstance.py:2653} INFO - 0 downstream tasks scheduled from follow-on schedule check
