[2025-09-20T11:57:46.046+0200] {taskinstance.py:1103} INFO - Dependencies all met for dep_context=non-requeueable deps ti=<TaskInstance: manual_full_load.load_currency_staging manual__2025-09-20T09:52:40.324658+00:00 [queued]>
[2025-09-20T11:57:46.057+0200] {taskinstance.py:1103} INFO - Dependencies all met for dep_context=requeueable deps ti=<TaskInstance: manual_full_load.load_currency_staging manual__2025-09-20T09:52:40.324658+00:00 [queued]>
[2025-09-20T11:57:46.059+0200] {taskinstance.py:1308} INFO - Starting attempt 2 of 2
[2025-09-20T11:57:46.076+0200] {taskinstance.py:1327} INFO - Executing <Task(PostgresOperator): load_currency_staging> on 2025-09-20 09:52:40.324658+00:00
[2025-09-20T11:57:46.082+0200] {standard_task_runner.py:57} INFO - Started process 6702 to run task
[2025-09-20T11:57:46.087+0200] {standard_task_runner.py:84} INFO - Running: ['airflow', 'tasks', 'run', 'manual_full_load', 'load_currency_staging', 'manual__2025-09-20T09:52:40.324658+00:00', '--job-id', '57', '--raw', '--subdir', 'DAGS_FOLDER/manual_full_load.py', '--cfg-path', '/tmp/tmp2dr0uhs4']
[2025-09-20T11:57:46.092+0200] {standard_task_runner.py:85} INFO - Job 57: Subtask load_currency_staging
[2025-09-20T11:57:46.175+0200] {task_command.py:410} INFO - Running <TaskInstance: manual_full_load.load_currency_staging manual__2025-09-20T09:52:40.324658+00:00 [running]> on host 1102361e702e
[2025-09-20T11:57:46.285+0200] {taskinstance.py:1547} INFO - Exporting env vars: AIRFLOW_CTX_DAG_OWNER='airflow' AIRFLOW_CTX_DAG_ID='manual_full_load' AIRFLOW_CTX_TASK_ID='load_currency_staging' AIRFLOW_CTX_EXECUTION_DATE='2025-09-20T09:52:40.324658+00:00' AIRFLOW_CTX_TRY_NUMBER='2' AIRFLOW_CTX_DAG_RUN_ID='manual__2025-09-20T09:52:40.324658+00:00'
[2025-09-20T11:57:46.286+0200] {sql.py:265} INFO - Executing: 
        INSERT INTO staging.currency_stg (currency_code, rate, rate_date)
        SELECT currency_code, rate, rate_date
        FROM raw.currency;
        
[2025-09-20T11:57:46.317+0200] {base.py:73} INFO - Using connection ID 'postgres_retail' for task execution.
[2025-09-20T11:57:46.388+0200] {base.py:73} INFO - Using connection ID 'postgres_retail' for task execution.
[2025-09-20T11:57:46.395+0200] {sql.py:375} INFO - Running statement: 
        INSERT INTO staging.currency_stg (currency_code, rate, rate_date)
        SELECT currency_code, rate, rate_date
        FROM raw.currency;
        , parameters: None
[2025-09-20T11:57:46.396+0200] {taskinstance.py:1824} ERROR - Task failed with exception
Traceback (most recent call last):
  File "/home/airflow/.local/lib/python3.7/site-packages/airflow/providers/common/sql/operators/sql.py", line 277, in execute
    **extra_kwargs,
  File "/home/airflow/.local/lib/python3.7/site-packages/airflow/providers/common/sql/hooks/sql.py", line 349, in run
    self._run_command(cur, sql_statement, parameters)
  File "/home/airflow/.local/lib/python3.7/site-packages/airflow/providers/common/sql/hooks/sql.py", line 380, in _run_command
    cur.execute(sql_statement)
psycopg2.errors.UndefinedColumn: column "currency_code" of relation "currency_stg" does not exist
LINE 2:         INSERT INTO staging.currency_stg (currency_code, rat...
                                                  ^

[2025-09-20T11:57:46.410+0200] {taskinstance.py:1350} INFO - Marking task as FAILED. dag_id=manual_full_load, task_id=load_currency_staging, execution_date=20250920T095240, start_date=20250920T095746, end_date=20250920T095746
[2025-09-20T11:57:46.435+0200] {standard_task_runner.py:109} ERROR - Failed to execute job 57 for task load_currency_staging (column "currency_code" of relation "currency_stg" does not exist
LINE 2:         INSERT INTO staging.currency_stg (currency_code, rat...
                                                  ^
; 6702)
[2025-09-20T11:57:46.469+0200] {local_task_job_runner.py:225} INFO - Task exited with return code 1
[2025-09-20T11:57:46.551+0200] {taskinstance.py:2653} INFO - 0 downstream tasks scheduled from follow-on schedule check
